<?xml version="1.0" encoding="UTF-8"?>
<testsuite xmlns:xsi="http://www.w3.org/2001/XMLSchema-instance" xsi:noNamespaceSchemaLocation="https://maven.apache.org/surefire/maven-surefire-plugin/xsd/surefire-test-report-3.0.xsd" version="3.0" name="com.example.block7crudvalidation.infrastructure.controller.PersonControllerTest" time="3.944" tests="6" errors="0" skipped="0" failures="0">
  <properties>
    <property name="sonar.projectName" value="&apos;block13-JUnit-Testing-avanzado&apos;"/>
    <property name="java.specification.version" value="17"/>
    <property name="sun.cpu.isalist" value="amd64"/>
    <property name="sonar.host.url" value="http://localhost:9000"/>
    <property name="sun.jnu.encoding" value="Cp1252"/>
    <property name="java.class.path" value="C:\Users\alvaro.fbarjau\IdeaProjects\block13-JUnit-Testing-avanzado\target\test-classes;C:\Users\alvaro.fbarjau\IdeaProjects\block13-JUnit-Testing-avanzado\target\classes;C:\Users\alvaro.fbarjau\.m2\repository\org\springframework\boot\spring-boot-starter-data-jpa\3.1.1\spring-boot-starter-data-jpa-3.1.1.jar;C:\Users\alvaro.fbarjau\.m2\repository\org\springframework\boot\spring-boot-starter-aop\3.1.1\spring-boot-starter-aop-3.1.1.jar;C:\Users\alvaro.fbarjau\.m2\repository\org\springframework\spring-aop\6.0.10\spring-aop-6.0.10.jar;C:\Users\alvaro.fbarjau\.m2\repository\org\aspectj\aspectjweaver\1.9.19\aspectjweaver-1.9.19.jar;C:\Users\alvaro.fbarjau\.m2\repository\org\springframework\boot\spring-boot-starter-jdbc\3.1.1\spring-boot-starter-jdbc-3.1.1.jar;C:\Users\alvaro.fbarjau\.m2\repository\com\zaxxer\HikariCP\5.0.1\HikariCP-5.0.1.jar;C:\Users\alvaro.fbarjau\.m2\repository\org\springframework\spring-jdbc\6.0.10\spring-jdbc-6.0.10.jar;C:\Users\alvaro.fbarjau\.m2\repository\org\hibernate\orm\hibernate-core\6.2.5.Final\hibernate-core-6.2.5.Final.jar;C:\Users\alvaro.fbarjau\.m2\repository\jakarta\persistence\jakarta.persistence-api\3.1.0\jakarta.persistence-api-3.1.0.jar;C:\Users\alvaro.fbarjau\.m2\repository\jakarta\transaction\jakarta.transaction-api\2.0.1\jakarta.transaction-api-2.0.1.jar;C:\Users\alvaro.fbarjau\.m2\repository\org\jboss\logging\jboss-logging\3.5.1.Final\jboss-logging-3.5.1.Final.jar;C:\Users\alvaro.fbarjau\.m2\repository\org\hibernate\common\hibernate-commons-annotations\6.0.6.Final\hibernate-commons-annotations-6.0.6.Final.jar;C:\Users\alvaro.fbarjau\.m2\repository\io\smallrye\jandex\3.0.5\jandex-3.0.5.jar;C:\Users\alvaro.fbarjau\.m2\repository\com\fasterxml\classmate\1.5.1\classmate-1.5.1.jar;C:\Users\alvaro.fbarjau\.m2\repository\org\glassfish\jaxb\jaxb-runtime\4.0.3\jaxb-runtime-4.0.3.jar;C:\Users\alvaro.fbarjau\.m2\repository\org\glassfish\jaxb\jaxb-core\4.0.3\jaxb-core-4.0.3.jar;C:\Users\alvaro.fbarjau\.m2\repository\org\eclipse\angus\angus-activation\2.0.1\angus-activation-2.0.1.jar;C:\Users\alvaro.fbarjau\.m2\repository\org\glassfish\jaxb\txw2\4.0.3\txw2-4.0.3.jar;C:\Users\alvaro.fbarjau\.m2\repository\com\sun\istack\istack-commons-runtime\4.1.2\istack-commons-runtime-4.1.2.jar;C:\Users\alvaro.fbarjau\.m2\repository\jakarta\inject\jakarta.inject-api\2.0.1\jakarta.inject-api-2.0.1.jar;C:\Users\alvaro.fbarjau\.m2\repository\org\antlr\antlr4-runtime\4.10.1\antlr4-runtime-4.10.1.jar;C:\Users\alvaro.fbarjau\.m2\repository\org\springframework\data\spring-data-jpa\3.1.1\spring-data-jpa-3.1.1.jar;C:\Users\alvaro.fbarjau\.m2\repository\org\springframework\data\spring-data-commons\3.1.1\spring-data-commons-3.1.1.jar;C:\Users\alvaro.fbarjau\.m2\repository\org\springframework\spring-orm\6.0.10\spring-orm-6.0.10.jar;C:\Users\alvaro.fbarjau\.m2\repository\org\springframework\spring-context\6.0.10\spring-context-6.0.10.jar;C:\Users\alvaro.fbarjau\.m2\repository\org\springframework\spring-tx\6.0.10\spring-tx-6.0.10.jar;C:\Users\alvaro.fbarjau\.m2\repository\org\springframework\spring-beans\6.0.10\spring-beans-6.0.10.jar;C:\Users\alvaro.fbarjau\.m2\repository\jakarta\annotation\jakarta.annotation-api\2.1.1\jakarta.annotation-api-2.1.1.jar;C:\Users\alvaro.fbarjau\.m2\repository\org\slf4j\slf4j-api\2.0.7\slf4j-api-2.0.7.jar;C:\Users\alvaro.fbarjau\.m2\repository\org\springframework\spring-aspects\6.0.10\spring-aspects-6.0.10.jar;C:\Users\alvaro.fbarjau\.m2\repository\org\springframework\boot\spring-boot-starter-web\3.1.1\spring-boot-starter-web-3.1.1.jar;C:\Users\alvaro.fbarjau\.m2\repository\org\springframework\boot\spring-boot-starter\3.1.1\spring-boot-starter-3.1.1.jar;C:\Users\alvaro.fbarjau\.m2\repository\org\springframework\boot\spring-boot\3.1.1\spring-boot-3.1.1.jar;C:\Users\alvaro.fbarjau\.m2\repository\org\springframework\boot\spring-boot-autoconfigure\3.1.1\spring-boot-autoconfigure-3.1.1.jar;C:\Users\alvaro.fbarjau\.m2\repository\org\springframework\boot\spring-boot-starter-logging\3.1.1\spring-boot-starter-logging-3.1.1.jar;C:\Users\alvaro.fbarjau\.m2\repository\ch\qos\logback\logback-classic\1.4.8\logback-classic-1.4.8.jar;C:\Users\alvaro.fbarjau\.m2\repository\ch\qos\logback\logback-core\1.4.8\logback-core-1.4.8.jar;C:\Users\alvaro.fbarjau\.m2\repository\org\apache\logging\log4j\log4j-to-slf4j\2.20.0\log4j-to-slf4j-2.20.0.jar;C:\Users\alvaro.fbarjau\.m2\repository\org\apache\logging\log4j\log4j-api\2.20.0\log4j-api-2.20.0.jar;C:\Users\alvaro.fbarjau\.m2\repository\org\slf4j\jul-to-slf4j\2.0.7\jul-to-slf4j-2.0.7.jar;C:\Users\alvaro.fbarjau\.m2\repository\org\yaml\snakeyaml\1.33\snakeyaml-1.33.jar;C:\Users\alvaro.fbarjau\.m2\repository\org\springframework\boot\spring-boot-starter-json\3.1.1\spring-boot-starter-json-3.1.1.jar;C:\Users\alvaro.fbarjau\.m2\repository\com\fasterxml\jackson\core\jackson-databind\2.15.2\jackson-databind-2.15.2.jar;C:\Users\alvaro.fbarjau\.m2\repository\com\fasterxml\jackson\core\jackson-annotations\2.15.2\jackson-annotations-2.15.2.jar;C:\Users\alvaro.fbarjau\.m2\repository\com\fasterxml\jackson\core\jackson-core\2.15.2\jackson-core-2.15.2.jar;C:\Users\alvaro.fbarjau\.m2\repository\com\fasterxml\jackson\datatype\jackson-datatype-jdk8\2.15.2\jackson-datatype-jdk8-2.15.2.jar;C:\Users\alvaro.fbarjau\.m2\repository\com\fasterxml\jackson\datatype\jackson-datatype-jsr310\2.15.2\jackson-datatype-jsr310-2.15.2.jar;C:\Users\alvaro.fbarjau\.m2\repository\com\fasterxml\jackson\module\jackson-module-parameter-names\2.15.2\jackson-module-parameter-names-2.15.2.jar;C:\Users\alvaro.fbarjau\.m2\repository\org\springframework\boot\spring-boot-starter-tomcat\3.1.1\spring-boot-starter-tomcat-3.1.1.jar;C:\Users\alvaro.fbarjau\.m2\repository\org\apache\tomcat\embed\tomcat-embed-core\10.1.10\tomcat-embed-core-10.1.10.jar;C:\Users\alvaro.fbarjau\.m2\repository\org\apache\tomcat\embed\tomcat-embed-el\10.1.10\tomcat-embed-el-10.1.10.jar;C:\Users\alvaro.fbarjau\.m2\repository\org\apache\tomcat\embed\tomcat-embed-websocket\10.1.10\tomcat-embed-websocket-10.1.10.jar;C:\Users\alvaro.fbarjau\.m2\repository\org\springframework\spring-web\6.0.10\spring-web-6.0.10.jar;C:\Users\alvaro.fbarjau\.m2\repository\io\micrometer\micrometer-observation\1.11.1\micrometer-observation-1.11.1.jar;C:\Users\alvaro.fbarjau\.m2\repository\io\micrometer\micrometer-commons\1.11.1\micrometer-commons-1.11.1.jar;C:\Users\alvaro.fbarjau\.m2\repository\org\springframework\spring-webmvc\6.0.10\spring-webmvc-6.0.10.jar;C:\Users\alvaro.fbarjau\.m2\repository\org\springframework\spring-expression\6.0.10\spring-expression-6.0.10.jar;C:\Users\alvaro.fbarjau\.m2\repository\com\h2database\h2\2.1.214\h2-2.1.214.jar;C:\Users\alvaro.fbarjau\.m2\repository\org\projectlombok\lombok\1.18.28\lombok-1.18.28.jar;C:\Users\alvaro.fbarjau\.m2\repository\org\modelmapper\modelmapper\2.4.4\modelmapper-2.4.4.jar;C:\Users\alvaro.fbarjau\.m2\repository\javax\validation\validation-api\2.0.1.Final\validation-api-2.0.1.Final.jar;C:\Users\alvaro.fbarjau\.m2\repository\org\springframework\boot\spring-boot-starter-test\3.1.1\spring-boot-starter-test-3.1.1.jar;C:\Users\alvaro.fbarjau\.m2\repository\org\springframework\boot\spring-boot-test\3.1.1\spring-boot-test-3.1.1.jar;C:\Users\alvaro.fbarjau\.m2\repository\org\springframework\boot\spring-boot-test-autoconfigure\3.1.1\spring-boot-test-autoconfigure-3.1.1.jar;C:\Users\alvaro.fbarjau\.m2\repository\com\jayway\jsonpath\json-path\2.8.0\json-path-2.8.0.jar;C:\Users\alvaro.fbarjau\.m2\repository\jakarta\xml\bind\jakarta.xml.bind-api\4.0.0\jakarta.xml.bind-api-4.0.0.jar;C:\Users\alvaro.fbarjau\.m2\repository\jakarta\activation\jakarta.activation-api\2.1.2\jakarta.activation-api-2.1.2.jar;C:\Users\alvaro.fbarjau\.m2\repository\net\minidev\json-smart\2.4.11\json-smart-2.4.11.jar;C:\Users\alvaro.fbarjau\.m2\repository\net\minidev\accessors-smart\2.4.11\accessors-smart-2.4.11.jar;C:\Users\alvaro.fbarjau\.m2\repository\org\assertj\assertj-core\3.24.2\assertj-core-3.24.2.jar;C:\Users\alvaro.fbarjau\.m2\repository\org\hamcrest\hamcrest\2.2\hamcrest-2.2.jar;C:\Users\alvaro.fbarjau\.m2\repository\org\junit\jupiter\junit-jupiter\5.9.3\junit-jupiter-5.9.3.jar;C:\Users\alvaro.fbarjau\.m2\repository\org\junit\jupiter\junit-jupiter-api\5.9.3\junit-jupiter-api-5.9.3.jar;C:\Users\alvaro.fbarjau\.m2\repository\org\opentest4j\opentest4j\1.2.0\opentest4j-1.2.0.jar;C:\Users\alvaro.fbarjau\.m2\repository\org\junit\platform\junit-platform-commons\1.9.3\junit-platform-commons-1.9.3.jar;C:\Users\alvaro.fbarjau\.m2\repository\org\apiguardian\apiguardian-api\1.1.2\apiguardian-api-1.1.2.jar;C:\Users\alvaro.fbarjau\.m2\repository\org\junit\jupiter\junit-jupiter-params\5.9.3\junit-jupiter-params-5.9.3.jar;C:\Users\alvaro.fbarjau\.m2\repository\org\junit\jupiter\junit-jupiter-engine\5.9.3\junit-jupiter-engine-5.9.3.jar;C:\Users\alvaro.fbarjau\.m2\repository\org\junit\platform\junit-platform-engine\1.9.3\junit-platform-engine-1.9.3.jar;C:\Users\alvaro.fbarjau\.m2\repository\org\mockito\mockito-junit-jupiter\4.8.1\mockito-junit-jupiter-4.8.1.jar;C:\Users\alvaro.fbarjau\.m2\repository\org\skyscreamer\jsonassert\1.5.1\jsonassert-1.5.1.jar;C:\Users\alvaro.fbarjau\.m2\repository\com\vaadin\external\google\android-json\0.0.20131108.vaadin1\android-json-0.0.20131108.vaadin1.jar;C:\Users\alvaro.fbarjau\.m2\repository\org\springframework\spring-core\6.0.10\spring-core-6.0.10.jar;C:\Users\alvaro.fbarjau\.m2\repository\org\springframework\spring-jcl\6.0.10\spring-jcl-6.0.10.jar;C:\Users\alvaro.fbarjau\.m2\repository\org\springframework\spring-test\6.0.10\spring-test-6.0.10.jar;C:\Users\alvaro.fbarjau\.m2\repository\org\xmlunit\xmlunit-core\2.9.1\xmlunit-core-2.9.1.jar;C:\Users\alvaro.fbarjau\.m2\repository\org\springframework\cloud\spring-cloud-starter-openfeign\4.0.3\spring-cloud-starter-openfeign-4.0.3.jar;C:\Users\alvaro.fbarjau\.m2\repository\org\springframework\cloud\spring-cloud-starter\4.0.3\spring-cloud-starter-4.0.3.jar;C:\Users\alvaro.fbarjau\.m2\repository\org\springframework\cloud\spring-cloud-context\4.0.3\spring-cloud-context-4.0.3.jar;C:\Users\alvaro.fbarjau\.m2\repository\org\springframework\security\spring-security-rsa\1.0.11.RELEASE\spring-security-rsa-1.0.11.RELEASE.jar;C:\Users\alvaro.fbarjau\.m2\repository\org\bouncycastle\bcpkix-jdk15on\1.69\bcpkix-jdk15on-1.69.jar;C:\Users\alvaro.fbarjau\.m2\repository\org\bouncycastle\bcprov-jdk15on\1.69\bcprov-jdk15on-1.69.jar;C:\Users\alvaro.fbarjau\.m2\repository\org\bouncycastle\bcutil-jdk15on\1.69\bcutil-jdk15on-1.69.jar;C:\Users\alvaro.fbarjau\.m2\repository\org\springframework\cloud\spring-cloud-openfeign-core\4.0.3\spring-cloud-openfeign-core-4.0.3.jar;C:\Users\alvaro.fbarjau\.m2\repository\io\github\openfeign\form\feign-form-spring\3.8.0\feign-form-spring-3.8.0.jar;C:\Users\alvaro.fbarjau\.m2\repository\io\github\openfeign\form\feign-form\3.8.0\feign-form-3.8.0.jar;C:\Users\alvaro.fbarjau\.m2\repository\commons-fileupload\commons-fileupload\1.4\commons-fileupload-1.4.jar;C:\Users\alvaro.fbarjau\.m2\repository\org\springframework\cloud\spring-cloud-commons\4.0.3\spring-cloud-commons-4.0.3.jar;C:\Users\alvaro.fbarjau\.m2\repository\org\springframework\security\spring-security-crypto\6.1.1\spring-security-crypto-6.1.1.jar;C:\Users\alvaro.fbarjau\.m2\repository\io\github\openfeign\feign-core\12.3\feign-core-12.3.jar;C:\Users\alvaro.fbarjau\.m2\repository\io\github\openfeign\feign-slf4j\12.3\feign-slf4j-12.3.jar;C:\Users\alvaro.fbarjau\.m2\repository\org\mockito\mockito-core\5.4.0\mockito-core-5.4.0.jar;C:\Users\alvaro.fbarjau\.m2\repository\net\bytebuddy\byte-buddy\1.14.5\byte-buddy-1.14.5.jar;C:\Users\alvaro.fbarjau\.m2\repository\net\bytebuddy\byte-buddy-agent\1.14.5\byte-buddy-agent-1.14.5.jar;C:\Users\alvaro.fbarjau\.m2\repository\org\objenesis\objenesis\3.3\objenesis-3.3.jar;C:\Users\alvaro.fbarjau\.m2\repository\org\jacoco\jacoco-maven-plugin\0.8.8\jacoco-maven-plugin-0.8.8.jar;C:\Users\alvaro.fbarjau\.m2\repository\org\codehaus\plexus\plexus-utils\3.0.22\plexus-utils-3.0.22.jar;C:\Users\alvaro.fbarjau\.m2\repository\org\apache\maven\shared\file-management\1.2.1\file-management-1.2.1.jar;C:\Users\alvaro.fbarjau\.m2\repository\org\apache\maven\maven-plugin-api\2.0.6\maven-plugin-api-2.0.6.jar;C:\Users\alvaro.fbarjau\.m2\repository\org\apache\maven\shared\maven-shared-io\1.1\maven-shared-io-1.1.jar;C:\Users\alvaro.fbarjau\.m2\repository\org\apache\maven\maven-artifact\2.0.2\maven-artifact-2.0.2.jar;C:\Users\alvaro.fbarjau\.m2\repository\org\apache\maven\maven-artifact-manager\2.0.2\maven-artifact-manager-2.0.2.jar;C:\Users\alvaro.fbarjau\.m2\repository\org\apache\maven\maven-repository-metadata\2.0.2\maven-repository-metadata-2.0.2.jar;C:\Users\alvaro.fbarjau\.m2\repository\org\apache\maven\wagon\wagon-provider-api\1.0-alpha-6\wagon-provider-api-1.0-alpha-6.jar;C:\Users\alvaro.fbarjau\.m2\repository\org\codehaus\plexus\plexus-container-default\1.0-alpha-9\plexus-container-default-1.0-alpha-9.jar;C:\Users\alvaro.fbarjau\.m2\repository\junit\junit\4.13.2\junit-4.13.2.jar;C:\Users\alvaro.fbarjau\.m2\repository\org\hamcrest\hamcrest-core\2.2\hamcrest-core-2.2.jar;C:\Users\alvaro.fbarjau\.m2\repository\classworlds\classworlds\1.1-alpha-2\classworlds-1.1-alpha-2.jar;C:\Users\alvaro.fbarjau\.m2\repository\org\apache\maven\reporting\maven-reporting-api\3.0\maven-reporting-api-3.0.jar;C:\Users\alvaro.fbarjau\.m2\repository\org\apache\maven\doxia\doxia-sink-api\1.0\doxia-sink-api-1.0.jar;C:\Users\alvaro.fbarjau\.m2\repository\org\jacoco\org.jacoco.agent\0.8.8\org.jacoco.agent-0.8.8-runtime.jar;C:\Users\alvaro.fbarjau\.m2\repository\org\jacoco\org.jacoco.core\0.8.8\org.jacoco.core-0.8.8.jar;C:\Users\alvaro.fbarjau\.m2\repository\org\ow2\asm\asm\9.2\asm-9.2.jar;C:\Users\alvaro.fbarjau\.m2\repository\org\ow2\asm\asm-commons\9.2\asm-commons-9.2.jar;C:\Users\alvaro.fbarjau\.m2\repository\org\ow2\asm\asm-analysis\9.2\asm-analysis-9.2.jar;C:\Users\alvaro.fbarjau\.m2\repository\org\ow2\asm\asm-tree\9.2\asm-tree-9.2.jar;C:\Users\alvaro.fbarjau\.m2\repository\org\jacoco\org.jacoco.report\0.8.8\org.jacoco.report-0.8.8.jar;"/>
    <property name="java.vm.vendor" value="Oracle Corporation"/>
    <property name="sun.arch.data.model" value="64"/>
    <property name="user.variant" value=""/>
    <property name="java.vendor.url" value="https://java.oracle.com/"/>
    <property name="user.timezone" value="Europe/Madrid"/>
    <property name="org.jboss.logging.provider" value="slf4j"/>
    <property name="os.name" value="Windows 10"/>
    <property name="java.vm.specification.version" value="17"/>
    <property name="sun.java.launcher" value="SUN_STANDARD"/>
    <property name="user.country" value="ES"/>
    <property name="sun.boot.library.path" value="C:\Program Files\Java\jdk-17\bin"/>
    <property name="sun.java.command" value="C:\Users\alvaro.fbarjau\AppData\Local\Temp\surefire13247131705000468656\surefirebooter-20230720144104660_3.jar C:\Users\alvaro.fbarjau\AppData\Local\Temp\surefire13247131705000468656 2023-07-20T14-41-04_374-jvmRun1 surefire-20230720144104660_1tmp surefire_0-20230720144104660_2tmp"/>
    <property name="jdk.debug" value="release"/>
    <property name="surefire.test.class.path" value="C:\Users\alvaro.fbarjau\IdeaProjects\block13-JUnit-Testing-avanzado\target\test-classes;C:\Users\alvaro.fbarjau\IdeaProjects\block13-JUnit-Testing-avanzado\target\classes;C:\Users\alvaro.fbarjau\.m2\repository\org\springframework\boot\spring-boot-starter-data-jpa\3.1.1\spring-boot-starter-data-jpa-3.1.1.jar;C:\Users\alvaro.fbarjau\.m2\repository\org\springframework\boot\spring-boot-starter-aop\3.1.1\spring-boot-starter-aop-3.1.1.jar;C:\Users\alvaro.fbarjau\.m2\repository\org\springframework\spring-aop\6.0.10\spring-aop-6.0.10.jar;C:\Users\alvaro.fbarjau\.m2\repository\org\aspectj\aspectjweaver\1.9.19\aspectjweaver-1.9.19.jar;C:\Users\alvaro.fbarjau\.m2\repository\org\springframework\boot\spring-boot-starter-jdbc\3.1.1\spring-boot-starter-jdbc-3.1.1.jar;C:\Users\alvaro.fbarjau\.m2\repository\com\zaxxer\HikariCP\5.0.1\HikariCP-5.0.1.jar;C:\Users\alvaro.fbarjau\.m2\repository\org\springframework\spring-jdbc\6.0.10\spring-jdbc-6.0.10.jar;C:\Users\alvaro.fbarjau\.m2\repository\org\hibernate\orm\hibernate-core\6.2.5.Final\hibernate-core-6.2.5.Final.jar;C:\Users\alvaro.fbarjau\.m2\repository\jakarta\persistence\jakarta.persistence-api\3.1.0\jakarta.persistence-api-3.1.0.jar;C:\Users\alvaro.fbarjau\.m2\repository\jakarta\transaction\jakarta.transaction-api\2.0.1\jakarta.transaction-api-2.0.1.jar;C:\Users\alvaro.fbarjau\.m2\repository\org\jboss\logging\jboss-logging\3.5.1.Final\jboss-logging-3.5.1.Final.jar;C:\Users\alvaro.fbarjau\.m2\repository\org\hibernate\common\hibernate-commons-annotations\6.0.6.Final\hibernate-commons-annotations-6.0.6.Final.jar;C:\Users\alvaro.fbarjau\.m2\repository\io\smallrye\jandex\3.0.5\jandex-3.0.5.jar;C:\Users\alvaro.fbarjau\.m2\repository\com\fasterxml\classmate\1.5.1\classmate-1.5.1.jar;C:\Users\alvaro.fbarjau\.m2\repository\org\glassfish\jaxb\jaxb-runtime\4.0.3\jaxb-runtime-4.0.3.jar;C:\Users\alvaro.fbarjau\.m2\repository\org\glassfish\jaxb\jaxb-core\4.0.3\jaxb-core-4.0.3.jar;C:\Users\alvaro.fbarjau\.m2\repository\org\eclipse\angus\angus-activation\2.0.1\angus-activation-2.0.1.jar;C:\Users\alvaro.fbarjau\.m2\repository\org\glassfish\jaxb\txw2\4.0.3\txw2-4.0.3.jar;C:\Users\alvaro.fbarjau\.m2\repository\com\sun\istack\istack-commons-runtime\4.1.2\istack-commons-runtime-4.1.2.jar;C:\Users\alvaro.fbarjau\.m2\repository\jakarta\inject\jakarta.inject-api\2.0.1\jakarta.inject-api-2.0.1.jar;C:\Users\alvaro.fbarjau\.m2\repository\org\antlr\antlr4-runtime\4.10.1\antlr4-runtime-4.10.1.jar;C:\Users\alvaro.fbarjau\.m2\repository\org\springframework\data\spring-data-jpa\3.1.1\spring-data-jpa-3.1.1.jar;C:\Users\alvaro.fbarjau\.m2\repository\org\springframework\data\spring-data-commons\3.1.1\spring-data-commons-3.1.1.jar;C:\Users\alvaro.fbarjau\.m2\repository\org\springframework\spring-orm\6.0.10\spring-orm-6.0.10.jar;C:\Users\alvaro.fbarjau\.m2\repository\org\springframework\spring-context\6.0.10\spring-context-6.0.10.jar;C:\Users\alvaro.fbarjau\.m2\repository\org\springframework\spring-tx\6.0.10\spring-tx-6.0.10.jar;C:\Users\alvaro.fbarjau\.m2\repository\org\springframework\spring-beans\6.0.10\spring-beans-6.0.10.jar;C:\Users\alvaro.fbarjau\.m2\repository\jakarta\annotation\jakarta.annotation-api\2.1.1\jakarta.annotation-api-2.1.1.jar;C:\Users\alvaro.fbarjau\.m2\repository\org\slf4j\slf4j-api\2.0.7\slf4j-api-2.0.7.jar;C:\Users\alvaro.fbarjau\.m2\repository\org\springframework\spring-aspects\6.0.10\spring-aspects-6.0.10.jar;C:\Users\alvaro.fbarjau\.m2\repository\org\springframework\boot\spring-boot-starter-web\3.1.1\spring-boot-starter-web-3.1.1.jar;C:\Users\alvaro.fbarjau\.m2\repository\org\springframework\boot\spring-boot-starter\3.1.1\spring-boot-starter-3.1.1.jar;C:\Users\alvaro.fbarjau\.m2\repository\org\springframework\boot\spring-boot\3.1.1\spring-boot-3.1.1.jar;C:\Users\alvaro.fbarjau\.m2\repository\org\springframework\boot\spring-boot-autoconfigure\3.1.1\spring-boot-autoconfigure-3.1.1.jar;C:\Users\alvaro.fbarjau\.m2\repository\org\springframework\boot\spring-boot-starter-logging\3.1.1\spring-boot-starter-logging-3.1.1.jar;C:\Users\alvaro.fbarjau\.m2\repository\ch\qos\logback\logback-classic\1.4.8\logback-classic-1.4.8.jar;C:\Users\alvaro.fbarjau\.m2\repository\ch\qos\logback\logback-core\1.4.8\logback-core-1.4.8.jar;C:\Users\alvaro.fbarjau\.m2\repository\org\apache\logging\log4j\log4j-to-slf4j\2.20.0\log4j-to-slf4j-2.20.0.jar;C:\Users\alvaro.fbarjau\.m2\repository\org\apache\logging\log4j\log4j-api\2.20.0\log4j-api-2.20.0.jar;C:\Users\alvaro.fbarjau\.m2\repository\org\slf4j\jul-to-slf4j\2.0.7\jul-to-slf4j-2.0.7.jar;C:\Users\alvaro.fbarjau\.m2\repository\org\yaml\snakeyaml\1.33\snakeyaml-1.33.jar;C:\Users\alvaro.fbarjau\.m2\repository\org\springframework\boot\spring-boot-starter-json\3.1.1\spring-boot-starter-json-3.1.1.jar;C:\Users\alvaro.fbarjau\.m2\repository\com\fasterxml\jackson\core\jackson-databind\2.15.2\jackson-databind-2.15.2.jar;C:\Users\alvaro.fbarjau\.m2\repository\com\fasterxml\jackson\core\jackson-annotations\2.15.2\jackson-annotations-2.15.2.jar;C:\Users\alvaro.fbarjau\.m2\repository\com\fasterxml\jackson\core\jackson-core\2.15.2\jackson-core-2.15.2.jar;C:\Users\alvaro.fbarjau\.m2\repository\com\fasterxml\jackson\datatype\jackson-datatype-jdk8\2.15.2\jackson-datatype-jdk8-2.15.2.jar;C:\Users\alvaro.fbarjau\.m2\repository\com\fasterxml\jackson\datatype\jackson-datatype-jsr310\2.15.2\jackson-datatype-jsr310-2.15.2.jar;C:\Users\alvaro.fbarjau\.m2\repository\com\fasterxml\jackson\module\jackson-module-parameter-names\2.15.2\jackson-module-parameter-names-2.15.2.jar;C:\Users\alvaro.fbarjau\.m2\repository\org\springframework\boot\spring-boot-starter-tomcat\3.1.1\spring-boot-starter-tomcat-3.1.1.jar;C:\Users\alvaro.fbarjau\.m2\repository\org\apache\tomcat\embed\tomcat-embed-core\10.1.10\tomcat-embed-core-10.1.10.jar;C:\Users\alvaro.fbarjau\.m2\repository\org\apache\tomcat\embed\tomcat-embed-el\10.1.10\tomcat-embed-el-10.1.10.jar;C:\Users\alvaro.fbarjau\.m2\repository\org\apache\tomcat\embed\tomcat-embed-websocket\10.1.10\tomcat-embed-websocket-10.1.10.jar;C:\Users\alvaro.fbarjau\.m2\repository\org\springframework\spring-web\6.0.10\spring-web-6.0.10.jar;C:\Users\alvaro.fbarjau\.m2\repository\io\micrometer\micrometer-observation\1.11.1\micrometer-observation-1.11.1.jar;C:\Users\alvaro.fbarjau\.m2\repository\io\micrometer\micrometer-commons\1.11.1\micrometer-commons-1.11.1.jar;C:\Users\alvaro.fbarjau\.m2\repository\org\springframework\spring-webmvc\6.0.10\spring-webmvc-6.0.10.jar;C:\Users\alvaro.fbarjau\.m2\repository\org\springframework\spring-expression\6.0.10\spring-expression-6.0.10.jar;C:\Users\alvaro.fbarjau\.m2\repository\com\h2database\h2\2.1.214\h2-2.1.214.jar;C:\Users\alvaro.fbarjau\.m2\repository\org\projectlombok\lombok\1.18.28\lombok-1.18.28.jar;C:\Users\alvaro.fbarjau\.m2\repository\org\modelmapper\modelmapper\2.4.4\modelmapper-2.4.4.jar;C:\Users\alvaro.fbarjau\.m2\repository\javax\validation\validation-api\2.0.1.Final\validation-api-2.0.1.Final.jar;C:\Users\alvaro.fbarjau\.m2\repository\org\springframework\boot\spring-boot-starter-test\3.1.1\spring-boot-starter-test-3.1.1.jar;C:\Users\alvaro.fbarjau\.m2\repository\org\springframework\boot\spring-boot-test\3.1.1\spring-boot-test-3.1.1.jar;C:\Users\alvaro.fbarjau\.m2\repository\org\springframework\boot\spring-boot-test-autoconfigure\3.1.1\spring-boot-test-autoconfigure-3.1.1.jar;C:\Users\alvaro.fbarjau\.m2\repository\com\jayway\jsonpath\json-path\2.8.0\json-path-2.8.0.jar;C:\Users\alvaro.fbarjau\.m2\repository\jakarta\xml\bind\jakarta.xml.bind-api\4.0.0\jakarta.xml.bind-api-4.0.0.jar;C:\Users\alvaro.fbarjau\.m2\repository\jakarta\activation\jakarta.activation-api\2.1.2\jakarta.activation-api-2.1.2.jar;C:\Users\alvaro.fbarjau\.m2\repository\net\minidev\json-smart\2.4.11\json-smart-2.4.11.jar;C:\Users\alvaro.fbarjau\.m2\repository\net\minidev\accessors-smart\2.4.11\accessors-smart-2.4.11.jar;C:\Users\alvaro.fbarjau\.m2\repository\org\assertj\assertj-core\3.24.2\assertj-core-3.24.2.jar;C:\Users\alvaro.fbarjau\.m2\repository\org\hamcrest\hamcrest\2.2\hamcrest-2.2.jar;C:\Users\alvaro.fbarjau\.m2\repository\org\junit\jupiter\junit-jupiter\5.9.3\junit-jupiter-5.9.3.jar;C:\Users\alvaro.fbarjau\.m2\repository\org\junit\jupiter\junit-jupiter-api\5.9.3\junit-jupiter-api-5.9.3.jar;C:\Users\alvaro.fbarjau\.m2\repository\org\opentest4j\opentest4j\1.2.0\opentest4j-1.2.0.jar;C:\Users\alvaro.fbarjau\.m2\repository\org\junit\platform\junit-platform-commons\1.9.3\junit-platform-commons-1.9.3.jar;C:\Users\alvaro.fbarjau\.m2\repository\org\apiguardian\apiguardian-api\1.1.2\apiguardian-api-1.1.2.jar;C:\Users\alvaro.fbarjau\.m2\repository\org\junit\jupiter\junit-jupiter-params\5.9.3\junit-jupiter-params-5.9.3.jar;C:\Users\alvaro.fbarjau\.m2\repository\org\junit\jupiter\junit-jupiter-engine\5.9.3\junit-jupiter-engine-5.9.3.jar;C:\Users\alvaro.fbarjau\.m2\repository\org\junit\platform\junit-platform-engine\1.9.3\junit-platform-engine-1.9.3.jar;C:\Users\alvaro.fbarjau\.m2\repository\org\mockito\mockito-junit-jupiter\4.8.1\mockito-junit-jupiter-4.8.1.jar;C:\Users\alvaro.fbarjau\.m2\repository\org\skyscreamer\jsonassert\1.5.1\jsonassert-1.5.1.jar;C:\Users\alvaro.fbarjau\.m2\repository\com\vaadin\external\google\android-json\0.0.20131108.vaadin1\android-json-0.0.20131108.vaadin1.jar;C:\Users\alvaro.fbarjau\.m2\repository\org\springframework\spring-core\6.0.10\spring-core-6.0.10.jar;C:\Users\alvaro.fbarjau\.m2\repository\org\springframework\spring-jcl\6.0.10\spring-jcl-6.0.10.jar;C:\Users\alvaro.fbarjau\.m2\repository\org\springframework\spring-test\6.0.10\spring-test-6.0.10.jar;C:\Users\alvaro.fbarjau\.m2\repository\org\xmlunit\xmlunit-core\2.9.1\xmlunit-core-2.9.1.jar;C:\Users\alvaro.fbarjau\.m2\repository\org\springframework\cloud\spring-cloud-starter-openfeign\4.0.3\spring-cloud-starter-openfeign-4.0.3.jar;C:\Users\alvaro.fbarjau\.m2\repository\org\springframework\cloud\spring-cloud-starter\4.0.3\spring-cloud-starter-4.0.3.jar;C:\Users\alvaro.fbarjau\.m2\repository\org\springframework\cloud\spring-cloud-context\4.0.3\spring-cloud-context-4.0.3.jar;C:\Users\alvaro.fbarjau\.m2\repository\org\springframework\security\spring-security-rsa\1.0.11.RELEASE\spring-security-rsa-1.0.11.RELEASE.jar;C:\Users\alvaro.fbarjau\.m2\repository\org\bouncycastle\bcpkix-jdk15on\1.69\bcpkix-jdk15on-1.69.jar;C:\Users\alvaro.fbarjau\.m2\repository\org\bouncycastle\bcprov-jdk15on\1.69\bcprov-jdk15on-1.69.jar;C:\Users\alvaro.fbarjau\.m2\repository\org\bouncycastle\bcutil-jdk15on\1.69\bcutil-jdk15on-1.69.jar;C:\Users\alvaro.fbarjau\.m2\repository\org\springframework\cloud\spring-cloud-openfeign-core\4.0.3\spring-cloud-openfeign-core-4.0.3.jar;C:\Users\alvaro.fbarjau\.m2\repository\io\github\openfeign\form\feign-form-spring\3.8.0\feign-form-spring-3.8.0.jar;C:\Users\alvaro.fbarjau\.m2\repository\io\github\openfeign\form\feign-form\3.8.0\feign-form-3.8.0.jar;C:\Users\alvaro.fbarjau\.m2\repository\commons-fileupload\commons-fileupload\1.4\commons-fileupload-1.4.jar;C:\Users\alvaro.fbarjau\.m2\repository\org\springframework\cloud\spring-cloud-commons\4.0.3\spring-cloud-commons-4.0.3.jar;C:\Users\alvaro.fbarjau\.m2\repository\org\springframework\security\spring-security-crypto\6.1.1\spring-security-crypto-6.1.1.jar;C:\Users\alvaro.fbarjau\.m2\repository\io\github\openfeign\feign-core\12.3\feign-core-12.3.jar;C:\Users\alvaro.fbarjau\.m2\repository\io\github\openfeign\feign-slf4j\12.3\feign-slf4j-12.3.jar;C:\Users\alvaro.fbarjau\.m2\repository\org\mockito\mockito-core\5.4.0\mockito-core-5.4.0.jar;C:\Users\alvaro.fbarjau\.m2\repository\net\bytebuddy\byte-buddy\1.14.5\byte-buddy-1.14.5.jar;C:\Users\alvaro.fbarjau\.m2\repository\net\bytebuddy\byte-buddy-agent\1.14.5\byte-buddy-agent-1.14.5.jar;C:\Users\alvaro.fbarjau\.m2\repository\org\objenesis\objenesis\3.3\objenesis-3.3.jar;C:\Users\alvaro.fbarjau\.m2\repository\org\jacoco\jacoco-maven-plugin\0.8.8\jacoco-maven-plugin-0.8.8.jar;C:\Users\alvaro.fbarjau\.m2\repository\org\codehaus\plexus\plexus-utils\3.0.22\plexus-utils-3.0.22.jar;C:\Users\alvaro.fbarjau\.m2\repository\org\apache\maven\shared\file-management\1.2.1\file-management-1.2.1.jar;C:\Users\alvaro.fbarjau\.m2\repository\org\apache\maven\maven-plugin-api\2.0.6\maven-plugin-api-2.0.6.jar;C:\Users\alvaro.fbarjau\.m2\repository\org\apache\maven\shared\maven-shared-io\1.1\maven-shared-io-1.1.jar;C:\Users\alvaro.fbarjau\.m2\repository\org\apache\maven\maven-artifact\2.0.2\maven-artifact-2.0.2.jar;C:\Users\alvaro.fbarjau\.m2\repository\org\apache\maven\maven-artifact-manager\2.0.2\maven-artifact-manager-2.0.2.jar;C:\Users\alvaro.fbarjau\.m2\repository\org\apache\maven\maven-repository-metadata\2.0.2\maven-repository-metadata-2.0.2.jar;C:\Users\alvaro.fbarjau\.m2\repository\org\apache\maven\wagon\wagon-provider-api\1.0-alpha-6\wagon-provider-api-1.0-alpha-6.jar;C:\Users\alvaro.fbarjau\.m2\repository\org\codehaus\plexus\plexus-container-default\1.0-alpha-9\plexus-container-default-1.0-alpha-9.jar;C:\Users\alvaro.fbarjau\.m2\repository\junit\junit\4.13.2\junit-4.13.2.jar;C:\Users\alvaro.fbarjau\.m2\repository\org\hamcrest\hamcrest-core\2.2\hamcrest-core-2.2.jar;C:\Users\alvaro.fbarjau\.m2\repository\classworlds\classworlds\1.1-alpha-2\classworlds-1.1-alpha-2.jar;C:\Users\alvaro.fbarjau\.m2\repository\org\apache\maven\reporting\maven-reporting-api\3.0\maven-reporting-api-3.0.jar;C:\Users\alvaro.fbarjau\.m2\repository\org\apache\maven\doxia\doxia-sink-api\1.0\doxia-sink-api-1.0.jar;C:\Users\alvaro.fbarjau\.m2\repository\org\jacoco\org.jacoco.agent\0.8.8\org.jacoco.agent-0.8.8-runtime.jar;C:\Users\alvaro.fbarjau\.m2\repository\org\jacoco\org.jacoco.core\0.8.8\org.jacoco.core-0.8.8.jar;C:\Users\alvaro.fbarjau\.m2\repository\org\ow2\asm\asm\9.2\asm-9.2.jar;C:\Users\alvaro.fbarjau\.m2\repository\org\ow2\asm\asm-commons\9.2\asm-commons-9.2.jar;C:\Users\alvaro.fbarjau\.m2\repository\org\ow2\asm\asm-analysis\9.2\asm-analysis-9.2.jar;C:\Users\alvaro.fbarjau\.m2\repository\org\ow2\asm\asm-tree\9.2\asm-tree-9.2.jar;C:\Users\alvaro.fbarjau\.m2\repository\org\jacoco\org.jacoco.report\0.8.8\org.jacoco.report-0.8.8.jar;"/>
    <property name="sun.cpu.endian" value="little"/>
    <property name="user.home" value="C:\Users\alvaro.fbarjau"/>
    <property name="user.language" value="es"/>
    <property name="java.specification.vendor" value="Oracle Corporation"/>
    <property name="java.version.date" value="2023-04-18"/>
    <property name="java.home" value="C:\Program Files\Java\jdk-17"/>
    <property name="file.separator" value="\"/>
    <property name="basedir" value="C:\Users\alvaro.fbarjau\IdeaProjects\block13-JUnit-Testing-avanzado"/>
    <property name="java.vm.compressedOopsMode" value="Zero based"/>
    <property name="line.separator" value="&#10;"/>
    <property name="java.vm.specification.vendor" value="Oracle Corporation"/>
    <property name="java.specification.name" value="Java Platform API Specification"/>
    <property name="FILE_LOG_CHARSET" value="windows-1252"/>
    <property name="java.awt.headless" value="true"/>
    <property name="surefire.real.class.path" value="C:\Users\alvaro.fbarjau\AppData\Local\Temp\surefire13247131705000468656\surefirebooter-20230720144104660_3.jar"/>
    <property name="user.script" value=""/>
    <property name="sun.management.compiler" value="HotSpot 64-Bit Tiered Compilers"/>
    <property name="java.runtime.version" value="17.0.7+8-LTS-224"/>
    <property name="user.name" value="alvaro.fbarjau"/>
    <property name="path.separator" value=";"/>
    <property name="os.version" value="10.0"/>
    <property name="java.runtime.name" value="Java(TM) SE Runtime Environment"/>
    <property name="file.encoding" value="Cp1252"/>
    <property name="java.vm.name" value="Java HotSpot(TM) 64-Bit Server VM"/>
    <property name="localRepository" value="C:\Users\alvaro.fbarjau\.m2\repository"/>
    <property name="java.vendor.url.bug" value="https://bugreport.java.com/bugreport/"/>
    <property name="java.io.tmpdir" value="C:\Users\ALVARO~1.FBA\AppData\Local\Temp\"/>
    <property name="sonar.token" value="sqp_0c97c9342db184f33635676ce3919a80730c8063"/>
    <property name="com.zaxxer.hikari.pool_number" value="2"/>
    <property name="java.version" value="17.0.7"/>
    <property name="user.dir" value="C:\Users\alvaro.fbarjau\IdeaProjects\block13-JUnit-Testing-avanzado"/>
    <property name="os.arch" value="amd64"/>
    <property name="java.vm.specification.name" value="Java Virtual Machine Specification"/>
    <property name="PID" value="13848"/>
    <property name="sun.os.patch.level" value=""/>
    <property name="CONSOLE_LOG_CHARSET" value="windows-1252"/>
    <property name="native.encoding" value="Cp1252"/>
    <property name="sonar.projectKey" value="block13-JUnit-Testing-avanzado"/>
    <property name="java.library.path" value="C:\Program Files\Java\jdk-17\bin;C:\Windows\Sun\Java\bin;C:\Windows\system32;C:\Windows;C:\Program Files\Common Files\Oracle\Java\javapath;C:\Windows\system32;C:\Windows;C:\Windows\System32\Wbem;C:\Windows\System32\WindowsPowerShell\v1.0\;C:\Windows\System32\OpenSSH\;C:\Program Files (x86)\Microsoft SQL Server\160\Tools\Binn\;C:\Program Files\Microsoft SQL Server\160\Tools\Binn\;C:\Program Files\Microsoft SQL Server\Client SDK\ODBC\170\Tools\Binn\;C:\Program Files\Microsoft SQL Server\160\DTS\Binn\;C:\Program Files (x86)\Microsoft SQL Server\160\DTS\Binn\;C:\Program Files\Azure Data Studio\bin;C:\Program Files\Git\cmd;C:\Users\alvaro.fbarjau\Documents\apache-maven-3.9.2-bin\apache-maven-3.9.2\bin;C:\Program Files\Docker\Docker\resources\bin;C:\Program Files\MongoDB\Server\6.0\bin;C:\Users\alvaro.fbarjau\sonar-scanner-cli\sonar-scanner-4.7.0.2747-windows\bin;C:\Users\alvaro.fbarjau\kafka\bin;C:\Users\alvaro.fbarjau\AppData\Local\Microsoft\WindowsApps;C:\Program Files\Azure Data Studio\bin;C:\Users\alvaro.fbarjau\AppData\Local\Programs\Microsoft VS Code\bin;C:\Users\alvaro.fbarjau\Documents\apache-maven-3.9.2-bin\apache-maven-3.9.2\bin;;."/>
    <property name="java.vm.info" value="mixed mode, sharing"/>
    <property name="java.vendor" value="Oracle Corporation"/>
    <property name="java.vm.version" value="17.0.7+8-LTS-224"/>
    <property name="sun.io.unicode.encoding" value="UnicodeLittle"/>
    <property name="java.class.version" value="61.0"/>
  </properties>
  <testcase name="testGetPersonName" classname="com.example.block7crudvalidation.infrastructure.controller.PersonControllerTest" time="0.883">
    <system-out><![CDATA[2023-07-20T14:41:25.775+02:00  INFO 13848 --- [           main] t.c.s.AnnotationConfigContextLoaderUtils : Could not detect default configuration classes for test class [com.example.block7crudvalidation.infrastructure.controller.PersonControllerTest]: PersonControllerTest does not declare any static, non-private, non-final, nested classes annotated with @Configuration.
2023-07-20T14:41:25.830+02:00  INFO 13848 --- [           main] .b.t.c.SpringBootTestContextBootstrapper : Found @SpringBootConfiguration com.example.block7crudvalidation.Block7CrudValidationApplication for test class com.example.block7crudvalidation.infrastructure.controller.PersonControllerTest

  .   ____          _            __ _ _
 /\\ / ___'_ __ _ _(_)_ __  __ _ \ \ \ \
( ( )\___ | '_ | '_| | '_ \/ _` | \ \ \ \
 \\/  ___)| |_)| | | | | || (_| |  ) ) ) )
  '  |____| .__|_| |_|_| |_\__, | / / / /
 =========|_|==============|___/=/_/_/_/
 :: Spring Boot ::                (v3.1.1)

2023-07-20T14:41:26.143+02:00  INFO 13848 --- [           main] c.e.b.i.controller.PersonControllerTest  : Starting PersonControllerTest using Java 17.0.7 with PID 13848 (started by alvaro.fbarjau in C:\Users\alvaro.fbarjau\IdeaProjects\block13-JUnit-Testing-avanzado)
2023-07-20T14:41:26.143+02:00  INFO 13848 --- [           main] c.e.b.i.controller.PersonControllerTest  : No active profile set, falling back to 1 default profile: "default"
2023-07-20T14:41:26.571+02:00  INFO 13848 --- [           main] .s.d.r.c.RepositoryConfigurationDelegate : Bootstrapping Spring Data JPA repositories in DEFAULT mode.
2023-07-20T14:41:26.620+02:00  INFO 13848 --- [           main] .s.d.r.c.RepositoryConfigurationDelegate : Finished Spring Data repository scanning in 48 ms. Found 4 JPA repository interfaces.
2023-07-20T14:41:26.717+02:00  INFO 13848 --- [           main] o.s.cloud.context.scope.GenericScope     : BeanFactory id=601d2bed-5a3e-33eb-9ce4-30df64d87d9b
2023-07-20T14:41:26.756+02:00  INFO 13848 --- [           main] trationDelegate$BeanPostProcessorChecker : Bean 'com.example.block7crudvalidation.config.feign.TeacherFeign' of type [org.springframework.cloud.openfeign.FeignClientFactoryBean] is not eligible for getting processed by all BeanPostProcessors (for example: not eligible for auto-proxying)
2023-07-20T14:41:26.878+02:00  INFO 13848 --- [           main] o.hibernate.jpa.internal.util.LogHelper  : HHH000204: Processing PersistenceUnitInfo [name: default]
2023-07-20T14:41:26.895+02:00  INFO 13848 --- [           main] o.h.b.i.BytecodeProviderInitiator        : HHH000021: Bytecode provider name : bytebuddy
2023-07-20T14:41:26.895+02:00  INFO 13848 --- [           main] o.s.o.j.p.SpringPersistenceUnitInfo      : No LoadTimeWeaver setup: ignoring JPA class transformer
2023-07-20T14:41:26.897+02:00  INFO 13848 --- [           main] com.zaxxer.hikari.HikariDataSource       : HikariPool-2 - Starting...
2023-07-20T14:41:26.900+02:00  INFO 13848 --- [           main] com.zaxxer.hikari.pool.HikariPool        : HikariPool-2 - Added connection conn11: url=jdbc:h2:file:~/bs9 user=ABARJ
2023-07-20T14:41:26.901+02:00  INFO 13848 --- [           main] com.zaxxer.hikari.HikariDataSource       : HikariPool-2 - Start completed.
2023-07-20T14:41:26.953+02:00  INFO 13848 --- [           main] o.h.b.i.BytecodeProviderInitiator        : HHH000021: Bytecode provider name : bytebuddy
2023-07-20T14:41:27.107+02:00  INFO 13848 --- [           main] o.h.e.t.j.p.i.JtaPlatformInitiator       : HHH000490: Using JtaPlatform implementation: [org.hibernate.engine.transaction.jta.platform.internal.NoJtaPlatform]
Hibernate: 
    drop table if exists persons cascade 
Hibernate: 
    drop table if exists students cascade 
Hibernate: 
    drop table if exists students_subjects cascade 
Hibernate: 
    drop table if exists subject cascade 
Hibernate: 
    drop table if exists subjects cascade 
Hibernate: 
    drop table if exists teachers cascade 
Hibernate: 
    drop table if exists teachers_students cascade 
Hibernate: 
    drop table if exists teachers_subjects cascade 
Hibernate: 
    drop sequence if exists persons_seq
Hibernate: 
    drop sequence if exists students_seq
Hibernate: 
    drop sequence if exists subjects_seq
Hibernate: 
    drop sequence if exists teachers_seq
Hibernate: 
    create sequence persons_seq start with 1 increment by 50
Hibernate: 
    create sequence students_seq start with 1 increment by 50
Hibernate: 
    create sequence subjects_seq start with 1 increment by 50
Hibernate: 
    create sequence teachers_seq start with 1 increment by 50
Hibernate: 
    create table persons (
        active boolean,
        id_person integer not null,
        student_id_student integer unique,
        teacher_id_teacher integer unique,
        created_date timestamp(6),
        termination_date timestamp(6),
        city varchar(255),
        company_email varchar(255),
        image_url varchar(255),
        name varchar(255),
        password varchar(255),
        personal_email varchar(255),
        surname varchar(255),
        username varchar(255),
        primary key (id_person)
    )
Hibernate: 
    create table students (
        id_person integer unique,
        id_student integer not null,
        id_teacher integer,
        num_hours_week integer,
        branch varchar(255),
        comments varchar(255),
        primary key (id_student)
    )
Hibernate: 
    create table students_subjects (
        student_id_student integer not null,
        subjects_id_subject integer not null unique
    )
Hibernate: 
    create table subject (
        students_id_student integer not null,
        subject_id_subject integer not null
    )
Hibernate: 
    create table subjects (
        id_subject integer not null,
        id_teacher integer,
        finish_date timestamp(6),
        initial_date timestamp(6),
        comments varchar(255),
        name varchar(255),
        primary key (id_subject)
    )
Hibernate: 
    create table teachers (
        id_person integer unique,
        id_teacher integer not null,
        branch varchar(255),
        comments varchar(255),
        primary key (id_teacher)
    )
Hibernate: 
    create table teachers_students (
        students_id_student integer not null unique,
        teacher_id_teacher integer not null
    )
Hibernate: 
    create table teachers_subjects (
        subjects_id_subject integer not null unique,
        teacher_id_teacher integer not null
    )
Hibernate: 
    alter table if exists persons 
       add constraint FKi727n2ocfdple6xkbah2ome2x 
       foreign key (student_id_student) 
       references students
Hibernate: 
    alter table if exists persons 
       add constraint FKdl3wjn7l36xaj61tlijl809bk 
       foreign key (teacher_id_teacher) 
       references teachers
Hibernate: 
    alter table if exists students 
       add constraint FKlpaeaqvenydy4f1cy3di7wnlt 
       foreign key (id_person) 
       references persons
Hibernate: 
    alter table if exists students 
       add constraint FK590gu63kuyeqn75a7k9o7t17d 
       foreign key (id_teacher) 
       references teachers
Hibernate: 
    alter table if exists students_subjects 
       add constraint FK5qipd27yd12dxneyy3ppj1449 
       foreign key (subjects_id_subject) 
       references subjects
Hibernate: 
    alter table if exists students_subjects 
       add constraint FKc4lt2006nygbmvcixom1f6oul 
       foreign key (student_id_student) 
       references students
Hibernate: 
    alter table if exists subject 
       add constraint FKljw9820bbh7h61dxa243r27b7 
       foreign key (students_id_student) 
       references students
Hibernate: 
    alter table if exists subject 
       add constraint FKfg743574in4d9pyddv8q7onrg 
       foreign key (subject_id_subject) 
       references subjects
Hibernate: 
    alter table if exists subjects 
       add constraint FKd6wsur0h17y5whg1y5bkb2nmh 
       foreign key (id_teacher) 
       references teachers
Hibernate: 
    alter table if exists teachers 
       add constraint FKs6iuko995dtge3b89j12ohedg 
       foreign key (id_person) 
       references persons
Hibernate: 
    alter table if exists teachers_students 
       add constraint FK3aaf3a3v9p4aq1qmelxqx95ua 
       foreign key (students_id_student) 
       references students
Hibernate: 
    alter table if exists teachers_students 
       add constraint FKlfapea9oipw156lg2txqubnjb 
       foreign key (teacher_id_teacher) 
       references teachers
Hibernate: 
    alter table if exists teachers_subjects 
       add constraint FKoccpshwsqi1ypncrqp2c8kh4v 
       foreign key (subjects_id_subject) 
       references subjects
Hibernate: 
    alter table if exists teachers_subjects 
       add constraint FK7x8bwduag4dicig5c9m1eld70 
       foreign key (teacher_id_teacher) 
       references teachers
2023-07-20T14:41:27.201+02:00  INFO 13848 --- [           main] j.LocalContainerEntityManagerFactoryBean : Initialized JPA EntityManagerFactory for persistence unit 'default'
2023-07-20T14:41:27.361+02:00  WARN 13848 --- [           main] JpaBaseConfiguration$JpaWebConfiguration : spring.jpa.open-in-view is enabled by default. Therefore, database queries may be performed during view rendering. Explicitly configure spring.jpa.open-in-view to disable this warning
2023-07-20T14:41:27.647+02:00  INFO 13848 --- [           main] o.s.b.a.h2.H2ConsoleAutoConfiguration    : H2 console available at '/h2-console'. Database available at 'jdbc:h2:file:~/bs9'
2023-07-20T14:41:27.701+02:00  INFO 13848 --- [           main] o.s.b.t.m.w.SpringBootMockServletContext : Initializing Spring TestDispatcherServlet ''
2023-07-20T14:41:27.701+02:00  INFO 13848 --- [           main] o.s.t.web.servlet.TestDispatcherServlet  : Initializing Servlet ''
2023-07-20T14:41:27.706+02:00  INFO 13848 --- [           main] o.s.t.web.servlet.TestDispatcherServlet  : Completed initialization in 1 ms
2023-07-20T14:41:28.004+02:00  INFO 13848 --- [           main] c.e.b.i.controller.PersonControllerTest  : Started PersonControllerTest in 2.164 seconds (process running for 23.153)
Hibernate: 
    select
        p1_0.id_person,
        p1_0.active,
        p1_0.city,
        p1_0.company_email,
        p1_0.created_date,
        p1_0.image_url,
        p1_0.name,
        p1_0.password,
        p1_0.personal_email,
        s1_0.id_student,
        s1_0.branch,
        s1_0.comments,
        s1_0.num_hours_week,
        p2_0.id_person,
        p2_0.active,
        p2_0.city,
        p2_0.company_email,
        p2_0.created_date,
        p2_0.image_url,
        p2_0.name,
        p2_0.password,
        p2_0.personal_email,
        p2_0.student_id_student,
        p2_0.surname,
        t1_0.id_teacher,
        t1_0.branch,
        t1_0.comments,
        p3_0.id_person,
        p3_0.active,
        p3_0.city,
        p3_0.company_email,
        p3_0.created_date,
        p3_0.image_url,
        p3_0.name,
        p3_0.password,
        p3_0.personal_email,
        p3_0.student_id_student,
        p3_0.surname,
        p3_0.teacher_id_teacher,
        p3_0.termination_date,
        p3_0.username,
        p2_0.termination_date,
        p2_0.username,
        t3_0.id_teacher,
        t3_0.branch,
        t3_0.comments,
        p4_0.id_person,
        p4_0.active,
        p4_0.city,
        p4_0.company_email,
        p4_0.created_date,
        p4_0.image_url,
        p4_0.name,
        p4_0.password,
        p4_0.personal_email,
        p4_0.student_id_student,
        p4_0.surname,
        t4_0.id_teacher,
        t4_0.branch,
        t4_0.comments,
        t4_0.id_person,
        p4_0.termination_date,
        p4_0.username,
        s5_0.student_id_student,
        s5_1.id_subject,
        s5_1.comments,
        s5_1.finish_date,
        s5_1.initial_date,
        s5_1.name,
        t5_0.id_teacher,
        t5_0.branch,
        t5_0.comments,
        p6_0.id_person,
        p6_0.active,
        p6_0.city,
        p6_0.company_email,
        p6_0.created_date,
        p6_0.image_url,
        p6_0.name,
        p6_0.password,
        p6_0.personal_email,
        p6_0.student_id_student,
        p6_0.surname,
        t6_0.id_teacher,
        t6_0.branch,
        t6_0.comments,
        t6_0.id_person,
        p6_0.termination_date,
        p6_0.username,
        p1_0.surname,
        t7_0.id_teacher,
        t7_0.branch,
        t7_0.comments,
        p8_0.id_person,
        p8_0.active,
        p8_0.city,
        p8_0.company_email,
        p8_0.created_date,
        p8_0.image_url,
        p8_0.name,
        p8_0.password,
        p8_0.personal_email,
        s7_0.id_student,
        s7_0.branch,
        s7_0.comments,
        s7_0.num_hours_week,
        p9_0.id_person,
        p9_0.active,
        p9_0.city,
        p9_0.company_email,
        p9_0.created_date,
        p9_0.image_url,
        p9_0.name,
        p9_0.password,
        p9_0.personal_email,
        p9_0.student_id_student,
        p9_0.surname,
        p9_0.teacher_id_teacher,
        p9_0.termination_date,
        p9_0.username,
        t9_0.id_teacher,
        t9_0.branch,
        t9_0.comments,
        t9_0.id_person,
        p8_0.surname,
        p8_0.teacher_id_teacher,
        p8_0.termination_date,
        p8_0.username,
        p1_0.termination_date,
        p1_0.username 
    from
        persons p1_0 
    left join
        students s1_0 
            on s1_0.id_student=p1_0.student_id_student 
    left join
        persons p2_0 
            on p2_0.id_person=s1_0.id_person 
    left join
        teachers t1_0 
            on t1_0.id_teacher=p2_0.teacher_id_teacher 
    left join
        persons p3_0 
            on p3_0.id_person=t1_0.id_person 
    left join
        teachers t3_0 
            on t3_0.id_teacher=s1_0.id_teacher 
    left join
        persons p4_0 
            on p4_0.id_person=t3_0.id_person 
    left join
        teachers t4_0 
            on t4_0.id_teacher=p4_0.teacher_id_teacher 
    left join
        (students_subjects s5_0 
    join
        subjects s5_1 
            on s5_1.id_subject=s5_0.subjects_id_subject) 
                on s1_0.id_student=s5_0.student_id_student 
        left join
            teachers t5_0 
                on t5_0.id_teacher=s5_1.id_teacher 
        left join
            persons p6_0 
                on p6_0.id_person=t5_0.id_person 
        left join
            teachers t6_0 
                on t6_0.id_teacher=p6_0.teacher_id_teacher 
        left join
            teachers t7_0 
                on t7_0.id_teacher=p1_0.teacher_id_teacher 
        left join
            persons p8_0 
                on p8_0.id_person=t7_0.id_person 
        left join
            students s7_0 
                on s7_0.id_student=p8_0.student_id_student 
        left join
            persons p9_0 
                on p9_0.id_person=s7_0.id_person 
        left join
            teachers t9_0 
                on t9_0.id_teacher=s7_0.id_teacher 
        where
            p1_0.id_person=?
Hibernate: 
    select
        next value for persons_seq
Hibernate: 
    insert 
    into
        persons
        (active,city,company_email,created_date,image_url,name,password,personal_email,student_id_student,surname,teacher_id_teacher,termination_date,username,id_person) 
    values
        (?,?,?,?,?,?,?,?,?,?,?,?,?,?)
Hibernate: 
    select
        p1_0.id_person,
        p1_0.active,
        p1_0.city,
        p1_0.company_email,
        p1_0.created_date,
        p1_0.image_url,
        p1_0.name,
        p1_0.password,
        p1_0.personal_email,
        p1_0.student_id_student,
        p1_0.surname,
        p1_0.teacher_id_teacher,
        p1_0.termination_date,
        p1_0.username 
    from
        persons p1_0 
    where
        p1_0.name=?
Hibernate: 
    select
        p1_0.id_person,
        p1_0.active,
        p1_0.city,
        p1_0.company_email,
        p1_0.created_date,
        p1_0.image_url,
        p1_0.name,
        p1_0.password,
        p1_0.personal_email,
        p1_0.student_id_student,
        p1_0.surname,
        p1_0.teacher_id_teacher,
        p1_0.termination_date,
        p1_0.username 
    from
        persons p1_0
Hibernate: 
    delete 
    from
        persons 
    where
        id_person=?
]]></system-out>
  </testcase>
  <testcase name="updatePerson" classname="com.example.block7crudvalidation.infrastructure.controller.PersonControllerTest" time="0.135">
    <system-out><![CDATA[Hibernate: 
    select
        p1_0.id_person,
        p1_0.active,
        p1_0.city,
        p1_0.company_email,
        p1_0.created_date,
        p1_0.image_url,
        p1_0.name,
        p1_0.password,
        p1_0.personal_email,
        s1_0.id_student,
        s1_0.branch,
        s1_0.comments,
        s1_0.num_hours_week,
        p2_0.id_person,
        p2_0.active,
        p2_0.city,
        p2_0.company_email,
        p2_0.created_date,
        p2_0.image_url,
        p2_0.name,
        p2_0.password,
        p2_0.personal_email,
        p2_0.student_id_student,
        p2_0.surname,
        t1_0.id_teacher,
        t1_0.branch,
        t1_0.comments,
        p3_0.id_person,
        p3_0.active,
        p3_0.city,
        p3_0.company_email,
        p3_0.created_date,
        p3_0.image_url,
        p3_0.name,
        p3_0.password,
        p3_0.personal_email,
        p3_0.student_id_student,
        p3_0.surname,
        p3_0.teacher_id_teacher,
        p3_0.termination_date,
        p3_0.username,
        p2_0.termination_date,
        p2_0.username,
        t3_0.id_teacher,
        t3_0.branch,
        t3_0.comments,
        p4_0.id_person,
        p4_0.active,
        p4_0.city,
        p4_0.company_email,
        p4_0.created_date,
        p4_0.image_url,
        p4_0.name,
        p4_0.password,
        p4_0.personal_email,
        p4_0.student_id_student,
        p4_0.surname,
        t4_0.id_teacher,
        t4_0.branch,
        t4_0.comments,
        t4_0.id_person,
        p4_0.termination_date,
        p4_0.username,
        s5_0.student_id_student,
        s5_1.id_subject,
        s5_1.comments,
        s5_1.finish_date,
        s5_1.initial_date,
        s5_1.name,
        t5_0.id_teacher,
        t5_0.branch,
        t5_0.comments,
        p6_0.id_person,
        p6_0.active,
        p6_0.city,
        p6_0.company_email,
        p6_0.created_date,
        p6_0.image_url,
        p6_0.name,
        p6_0.password,
        p6_0.personal_email,
        p6_0.student_id_student,
        p6_0.surname,
        t6_0.id_teacher,
        t6_0.branch,
        t6_0.comments,
        t6_0.id_person,
        p6_0.termination_date,
        p6_0.username,
        p1_0.surname,
        t7_0.id_teacher,
        t7_0.branch,
        t7_0.comments,
        p8_0.id_person,
        p8_0.active,
        p8_0.city,
        p8_0.company_email,
        p8_0.created_date,
        p8_0.image_url,
        p8_0.name,
        p8_0.password,
        p8_0.personal_email,
        s7_0.id_student,
        s7_0.branch,
        s7_0.comments,
        s7_0.num_hours_week,
        p9_0.id_person,
        p9_0.active,
        p9_0.city,
        p9_0.company_email,
        p9_0.created_date,
        p9_0.image_url,
        p9_0.name,
        p9_0.password,
        p9_0.personal_email,
        p9_0.student_id_student,
        p9_0.surname,
        p9_0.teacher_id_teacher,
        p9_0.termination_date,
        p9_0.username,
        t9_0.id_teacher,
        t9_0.branch,
        t9_0.comments,
        t9_0.id_person,
        p8_0.surname,
        p8_0.teacher_id_teacher,
        p8_0.termination_date,
        p8_0.username,
        p1_0.termination_date,
        p1_0.username 
    from
        persons p1_0 
    left join
        students s1_0 
            on s1_0.id_student=p1_0.student_id_student 
    left join
        persons p2_0 
            on p2_0.id_person=s1_0.id_person 
    left join
        teachers t1_0 
            on t1_0.id_teacher=p2_0.teacher_id_teacher 
    left join
        persons p3_0 
            on p3_0.id_person=t1_0.id_person 
    left join
        teachers t3_0 
            on t3_0.id_teacher=s1_0.id_teacher 
    left join
        persons p4_0 
            on p4_0.id_person=t3_0.id_person 
    left join
        teachers t4_0 
            on t4_0.id_teacher=p4_0.teacher_id_teacher 
    left join
        (students_subjects s5_0 
    join
        subjects s5_1 
            on s5_1.id_subject=s5_0.subjects_id_subject) 
                on s1_0.id_student=s5_0.student_id_student 
        left join
            teachers t5_0 
                on t5_0.id_teacher=s5_1.id_teacher 
        left join
            persons p6_0 
                on p6_0.id_person=t5_0.id_person 
        left join
            teachers t6_0 
                on t6_0.id_teacher=p6_0.teacher_id_teacher 
        left join
            teachers t7_0 
                on t7_0.id_teacher=p1_0.teacher_id_teacher 
        left join
            persons p8_0 
                on p8_0.id_person=t7_0.id_person 
        left join
            students s7_0 
                on s7_0.id_student=p8_0.student_id_student 
        left join
            persons p9_0 
                on p9_0.id_person=s7_0.id_person 
        left join
            teachers t9_0 
                on t9_0.id_teacher=s7_0.id_teacher 
        where
            p1_0.id_person=?
Hibernate: 
    select
        next value for persons_seq
Hibernate: 
    insert 
    into
        persons
        (active,city,company_email,created_date,image_url,name,password,personal_email,student_id_student,surname,teacher_id_teacher,termination_date,username,id_person) 
    values
        (?,?,?,?,?,?,?,?,?,?,?,?,?,?)
Hibernate: 
    select
        p1_0.id_person,
        p1_0.active,
        p1_0.city,
        p1_0.company_email,
        p1_0.created_date,
        p1_0.image_url,
        p1_0.name,
        p1_0.password,
        p1_0.personal_email,
        s1_0.id_student,
        s1_0.branch,
        s1_0.comments,
        s1_0.num_hours_week,
        p2_0.id_person,
        p2_0.active,
        p2_0.city,
        p2_0.company_email,
        p2_0.created_date,
        p2_0.image_url,
        p2_0.name,
        p2_0.password,
        p2_0.personal_email,
        p2_0.student_id_student,
        p2_0.surname,
        t1_0.id_teacher,
        t1_0.branch,
        t1_0.comments,
        p3_0.id_person,
        p3_0.active,
        p3_0.city,
        p3_0.company_email,
        p3_0.created_date,
        p3_0.image_url,
        p3_0.name,
        p3_0.password,
        p3_0.personal_email,
        p3_0.student_id_student,
        p3_0.surname,
        p3_0.teacher_id_teacher,
        p3_0.termination_date,
        p3_0.username,
        p2_0.termination_date,
        p2_0.username,
        t3_0.id_teacher,
        t3_0.branch,
        t3_0.comments,
        p4_0.id_person,
        p4_0.active,
        p4_0.city,
        p4_0.company_email,
        p4_0.created_date,
        p4_0.image_url,
        p4_0.name,
        p4_0.password,
        p4_0.personal_email,
        p4_0.student_id_student,
        p4_0.surname,
        t4_0.id_teacher,
        t4_0.branch,
        t4_0.comments,
        t4_0.id_person,
        p4_0.termination_date,
        p4_0.username,
        s5_0.student_id_student,
        s5_1.id_subject,
        s5_1.comments,
        s5_1.finish_date,
        s5_1.initial_date,
        s5_1.name,
        t5_0.id_teacher,
        t5_0.branch,
        t5_0.comments,
        p6_0.id_person,
        p6_0.active,
        p6_0.city,
        p6_0.company_email,
        p6_0.created_date,
        p6_0.image_url,
        p6_0.name,
        p6_0.password,
        p6_0.personal_email,
        p6_0.student_id_student,
        p6_0.surname,
        t6_0.id_teacher,
        t6_0.branch,
        t6_0.comments,
        t6_0.id_person,
        p6_0.termination_date,
        p6_0.username,
        p1_0.surname,
        t7_0.id_teacher,
        t7_0.branch,
        t7_0.comments,
        p8_0.id_person,
        p8_0.active,
        p8_0.city,
        p8_0.company_email,
        p8_0.created_date,
        p8_0.image_url,
        p8_0.name,
        p8_0.password,
        p8_0.personal_email,
        s7_0.id_student,
        s7_0.branch,
        s7_0.comments,
        s7_0.num_hours_week,
        p9_0.id_person,
        p9_0.active,
        p9_0.city,
        p9_0.company_email,
        p9_0.created_date,
        p9_0.image_url,
        p9_0.name,
        p9_0.password,
        p9_0.personal_email,
        p9_0.student_id_student,
        p9_0.surname,
        p9_0.teacher_id_teacher,
        p9_0.termination_date,
        p9_0.username,
        t9_0.id_teacher,
        t9_0.branch,
        t9_0.comments,
        t9_0.id_person,
        p8_0.surname,
        p8_0.teacher_id_teacher,
        p8_0.termination_date,
        p8_0.username,
        p1_0.termination_date,
        p1_0.username 
    from
        persons p1_0 
    left join
        students s1_0 
            on s1_0.id_student=p1_0.student_id_student 
    left join
        persons p2_0 
            on p2_0.id_person=s1_0.id_person 
    left join
        teachers t1_0 
            on t1_0.id_teacher=p2_0.teacher_id_teacher 
    left join
        persons p3_0 
            on p3_0.id_person=t1_0.id_person 
    left join
        teachers t3_0 
            on t3_0.id_teacher=s1_0.id_teacher 
    left join
        persons p4_0 
            on p4_0.id_person=t3_0.id_person 
    left join
        teachers t4_0 
            on t4_0.id_teacher=p4_0.teacher_id_teacher 
    left join
        (students_subjects s5_0 
    join
        subjects s5_1 
            on s5_1.id_subject=s5_0.subjects_id_subject) 
                on s1_0.id_student=s5_0.student_id_student 
        left join
            teachers t5_0 
                on t5_0.id_teacher=s5_1.id_teacher 
        left join
            persons p6_0 
                on p6_0.id_person=t5_0.id_person 
        left join
            teachers t6_0 
                on t6_0.id_teacher=p6_0.teacher_id_teacher 
        left join
            teachers t7_0 
                on t7_0.id_teacher=p1_0.teacher_id_teacher 
        left join
            persons p8_0 
                on p8_0.id_person=t7_0.id_person 
        left join
            students s7_0 
                on s7_0.id_student=p8_0.student_id_student 
        left join
            persons p9_0 
                on p9_0.id_person=s7_0.id_person 
        left join
            teachers t9_0 
                on t9_0.id_teacher=s7_0.id_teacher 
        where
            p1_0.id_person=?
Hibernate: 
    update
        persons 
    set
        active=?,
        city=?,
        company_email=?,
        created_date=?,
        image_url=?,
        name=?,
        password=?,
        personal_email=?,
        student_id_student=?,
        surname=?,
        teacher_id_teacher=?,
        termination_date=?,
        username=? 
    where
        id_person=?
Hibernate: 
    select
        p1_0.id_person,
        p1_0.active,
        p1_0.city,
        p1_0.company_email,
        p1_0.created_date,
        p1_0.image_url,
        p1_0.name,
        p1_0.password,
        p1_0.personal_email,
        p1_0.student_id_student,
        p1_0.surname,
        p1_0.teacher_id_teacher,
        p1_0.termination_date,
        p1_0.username 
    from
        persons p1_0
Hibernate: 
    delete 
    from
        persons 
    where
        id_person=?
]]></system-out>
  </testcase>
  <testcase name="testGetPersons" classname="com.example.block7crudvalidation.infrastructure.controller.PersonControllerTest" time="0.088">
    <system-out><![CDATA[Hibernate: 
    select
        p1_0.id_person,
        p1_0.active,
        p1_0.city,
        p1_0.company_email,
        p1_0.created_date,
        p1_0.image_url,
        p1_0.name,
        p1_0.password,
        p1_0.personal_email,
        s1_0.id_student,
        s1_0.branch,
        s1_0.comments,
        s1_0.num_hours_week,
        p2_0.id_person,
        p2_0.active,
        p2_0.city,
        p2_0.company_email,
        p2_0.created_date,
        p2_0.image_url,
        p2_0.name,
        p2_0.password,
        p2_0.personal_email,
        p2_0.student_id_student,
        p2_0.surname,
        t1_0.id_teacher,
        t1_0.branch,
        t1_0.comments,
        p3_0.id_person,
        p3_0.active,
        p3_0.city,
        p3_0.company_email,
        p3_0.created_date,
        p3_0.image_url,
        p3_0.name,
        p3_0.password,
        p3_0.personal_email,
        p3_0.student_id_student,
        p3_0.surname,
        p3_0.teacher_id_teacher,
        p3_0.termination_date,
        p3_0.username,
        p2_0.termination_date,
        p2_0.username,
        t3_0.id_teacher,
        t3_0.branch,
        t3_0.comments,
        p4_0.id_person,
        p4_0.active,
        p4_0.city,
        p4_0.company_email,
        p4_0.created_date,
        p4_0.image_url,
        p4_0.name,
        p4_0.password,
        p4_0.personal_email,
        p4_0.student_id_student,
        p4_0.surname,
        t4_0.id_teacher,
        t4_0.branch,
        t4_0.comments,
        t4_0.id_person,
        p4_0.termination_date,
        p4_0.username,
        s5_0.student_id_student,
        s5_1.id_subject,
        s5_1.comments,
        s5_1.finish_date,
        s5_1.initial_date,
        s5_1.name,
        t5_0.id_teacher,
        t5_0.branch,
        t5_0.comments,
        p6_0.id_person,
        p6_0.active,
        p6_0.city,
        p6_0.company_email,
        p6_0.created_date,
        p6_0.image_url,
        p6_0.name,
        p6_0.password,
        p6_0.personal_email,
        p6_0.student_id_student,
        p6_0.surname,
        t6_0.id_teacher,
        t6_0.branch,
        t6_0.comments,
        t6_0.id_person,
        p6_0.termination_date,
        p6_0.username,
        p1_0.surname,
        t7_0.id_teacher,
        t7_0.branch,
        t7_0.comments,
        p8_0.id_person,
        p8_0.active,
        p8_0.city,
        p8_0.company_email,
        p8_0.created_date,
        p8_0.image_url,
        p8_0.name,
        p8_0.password,
        p8_0.personal_email,
        s7_0.id_student,
        s7_0.branch,
        s7_0.comments,
        s7_0.num_hours_week,
        p9_0.id_person,
        p9_0.active,
        p9_0.city,
        p9_0.company_email,
        p9_0.created_date,
        p9_0.image_url,
        p9_0.name,
        p9_0.password,
        p9_0.personal_email,
        p9_0.student_id_student,
        p9_0.surname,
        p9_0.teacher_id_teacher,
        p9_0.termination_date,
        p9_0.username,
        t9_0.id_teacher,
        t9_0.branch,
        t9_0.comments,
        t9_0.id_person,
        p8_0.surname,
        p8_0.teacher_id_teacher,
        p8_0.termination_date,
        p8_0.username,
        p1_0.termination_date,
        p1_0.username 
    from
        persons p1_0 
    left join
        students s1_0 
            on s1_0.id_student=p1_0.student_id_student 
    left join
        persons p2_0 
            on p2_0.id_person=s1_0.id_person 
    left join
        teachers t1_0 
            on t1_0.id_teacher=p2_0.teacher_id_teacher 
    left join
        persons p3_0 
            on p3_0.id_person=t1_0.id_person 
    left join
        teachers t3_0 
            on t3_0.id_teacher=s1_0.id_teacher 
    left join
        persons p4_0 
            on p4_0.id_person=t3_0.id_person 
    left join
        teachers t4_0 
            on t4_0.id_teacher=p4_0.teacher_id_teacher 
    left join
        (students_subjects s5_0 
    join
        subjects s5_1 
            on s5_1.id_subject=s5_0.subjects_id_subject) 
                on s1_0.id_student=s5_0.student_id_student 
        left join
            teachers t5_0 
                on t5_0.id_teacher=s5_1.id_teacher 
        left join
            persons p6_0 
                on p6_0.id_person=t5_0.id_person 
        left join
            teachers t6_0 
                on t6_0.id_teacher=p6_0.teacher_id_teacher 
        left join
            teachers t7_0 
                on t7_0.id_teacher=p1_0.teacher_id_teacher 
        left join
            persons p8_0 
                on p8_0.id_person=t7_0.id_person 
        left join
            students s7_0 
                on s7_0.id_student=p8_0.student_id_student 
        left join
            persons p9_0 
                on p9_0.id_person=s7_0.id_person 
        left join
            teachers t9_0 
                on t9_0.id_teacher=s7_0.id_teacher 
        where
            p1_0.id_person=?
Hibernate: 
    insert 
    into
        persons
        (active,city,company_email,created_date,image_url,name,password,personal_email,student_id_student,surname,teacher_id_teacher,termination_date,username,id_person) 
    values
        (?,?,?,?,?,?,?,?,?,?,?,?,?,?)
Hibernate: 
    select
        p1_0.id_person,
        p1_0.active,
        p1_0.city,
        p1_0.company_email,
        p1_0.created_date,
        p1_0.image_url,
        p1_0.name,
        p1_0.password,
        p1_0.personal_email,
        s1_0.id_student,
        s1_0.branch,
        s1_0.comments,
        s1_0.num_hours_week,
        p2_0.id_person,
        p2_0.active,
        p2_0.city,
        p2_0.company_email,
        p2_0.created_date,
        p2_0.image_url,
        p2_0.name,
        p2_0.password,
        p2_0.personal_email,
        p2_0.student_id_student,
        p2_0.surname,
        t1_0.id_teacher,
        t1_0.branch,
        t1_0.comments,
        p3_0.id_person,
        p3_0.active,
        p3_0.city,
        p3_0.company_email,
        p3_0.created_date,
        p3_0.image_url,
        p3_0.name,
        p3_0.password,
        p3_0.personal_email,
        p3_0.student_id_student,
        p3_0.surname,
        p3_0.teacher_id_teacher,
        p3_0.termination_date,
        p3_0.username,
        p2_0.termination_date,
        p2_0.username,
        t3_0.id_teacher,
        t3_0.branch,
        t3_0.comments,
        p4_0.id_person,
        p4_0.active,
        p4_0.city,
        p4_0.company_email,
        p4_0.created_date,
        p4_0.image_url,
        p4_0.name,
        p4_0.password,
        p4_0.personal_email,
        p4_0.student_id_student,
        p4_0.surname,
        t4_0.id_teacher,
        t4_0.branch,
        t4_0.comments,
        t4_0.id_person,
        p4_0.termination_date,
        p4_0.username,
        s5_0.student_id_student,
        s5_1.id_subject,
        s5_1.comments,
        s5_1.finish_date,
        s5_1.initial_date,
        s5_1.name,
        t5_0.id_teacher,
        t5_0.branch,
        t5_0.comments,
        p6_0.id_person,
        p6_0.active,
        p6_0.city,
        p6_0.company_email,
        p6_0.created_date,
        p6_0.image_url,
        p6_0.name,
        p6_0.password,
        p6_0.personal_email,
        p6_0.student_id_student,
        p6_0.surname,
        t6_0.id_teacher,
        t6_0.branch,
        t6_0.comments,
        t6_0.id_person,
        p6_0.termination_date,
        p6_0.username,
        p1_0.surname,
        t7_0.id_teacher,
        t7_0.branch,
        t7_0.comments,
        p8_0.id_person,
        p8_0.active,
        p8_0.city,
        p8_0.company_email,
        p8_0.created_date,
        p8_0.image_url,
        p8_0.name,
        p8_0.password,
        p8_0.personal_email,
        s7_0.id_student,
        s7_0.branch,
        s7_0.comments,
        s7_0.num_hours_week,
        p9_0.id_person,
        p9_0.active,
        p9_0.city,
        p9_0.company_email,
        p9_0.created_date,
        p9_0.image_url,
        p9_0.name,
        p9_0.password,
        p9_0.personal_email,
        p9_0.student_id_student,
        p9_0.surname,
        p9_0.teacher_id_teacher,
        p9_0.termination_date,
        p9_0.username,
        t9_0.id_teacher,
        t9_0.branch,
        t9_0.comments,
        t9_0.id_person,
        p8_0.surname,
        p8_0.teacher_id_teacher,
        p8_0.termination_date,
        p8_0.username,
        p1_0.termination_date,
        p1_0.username 
    from
        persons p1_0 
    left join
        students s1_0 
            on s1_0.id_student=p1_0.student_id_student 
    left join
        persons p2_0 
            on p2_0.id_person=s1_0.id_person 
    left join
        teachers t1_0 
            on t1_0.id_teacher=p2_0.teacher_id_teacher 
    left join
        persons p3_0 
            on p3_0.id_person=t1_0.id_person 
    left join
        teachers t3_0 
            on t3_0.id_teacher=s1_0.id_teacher 
    left join
        persons p4_0 
            on p4_0.id_person=t3_0.id_person 
    left join
        teachers t4_0 
            on t4_0.id_teacher=p4_0.teacher_id_teacher 
    left join
        (students_subjects s5_0 
    join
        subjects s5_1 
            on s5_1.id_subject=s5_0.subjects_id_subject) 
                on s1_0.id_student=s5_0.student_id_student 
        left join
            teachers t5_0 
                on t5_0.id_teacher=s5_1.id_teacher 
        left join
            persons p6_0 
                on p6_0.id_person=t5_0.id_person 
        left join
            teachers t6_0 
                on t6_0.id_teacher=p6_0.teacher_id_teacher 
        left join
            teachers t7_0 
                on t7_0.id_teacher=p1_0.teacher_id_teacher 
        left join
            persons p8_0 
                on p8_0.id_person=t7_0.id_person 
        left join
            students s7_0 
                on s7_0.id_student=p8_0.student_id_student 
        left join
            persons p9_0 
                on p9_0.id_person=s7_0.id_person 
        left join
            teachers t9_0 
                on t9_0.id_teacher=s7_0.id_teacher 
        where
            p1_0.id_person=?
Hibernate: 
    insert 
    into
        persons
        (active,city,company_email,created_date,image_url,name,password,personal_email,student_id_student,surname,teacher_id_teacher,termination_date,username,id_person) 
    values
        (?,?,?,?,?,?,?,?,?,?,?,?,?,?)
Hibernate: 
    select
        p1_0.id_person,
        p1_0.active,
        p1_0.city,
        p1_0.company_email,
        p1_0.created_date,
        p1_0.image_url,
        p1_0.name,
        p1_0.password,
        p1_0.personal_email,
        p1_0.student_id_student,
        p1_0.surname,
        p1_0.teacher_id_teacher,
        p1_0.termination_date,
        p1_0.username 
    from
        persons p1_0
Hibernate: 
    select
        p1_0.id_person,
        p1_0.active,
        p1_0.city,
        p1_0.company_email,
        p1_0.created_date,
        p1_0.image_url,
        p1_0.name,
        p1_0.password,
        p1_0.personal_email,
        p1_0.student_id_student,
        p1_0.surname,
        p1_0.teacher_id_teacher,
        p1_0.termination_date,
        p1_0.username 
    from
        persons p1_0
Hibernate: 
    select
        p1_0.id_person,
        p1_0.active,
        p1_0.city,
        p1_0.company_email,
        p1_0.created_date,
        p1_0.image_url,
        p1_0.name,
        p1_0.password,
        p1_0.personal_email,
        p1_0.student_id_student,
        p1_0.surname,
        p1_0.teacher_id_teacher,
        p1_0.termination_date,
        p1_0.username 
    from
        persons p1_0
Hibernate: 
    delete 
    from
        persons 
    where
        id_person=?
Hibernate: 
    delete 
    from
        persons 
    where
        id_person=?
]]></system-out>
  </testcase>
  <testcase name="addPerson" classname="com.example.block7crudvalidation.infrastructure.controller.PersonControllerTest" time="0.048">
    <system-out><![CDATA[Hibernate: 
    insert 
    into
        persons
        (active,city,company_email,created_date,image_url,name,password,personal_email,student_id_student,surname,teacher_id_teacher,termination_date,username,id_person) 
    values
        (?,?,?,?,?,?,?,?,?,?,?,?,?,?)
Hibernate: 
    select
        p1_0.id_person,
        p1_0.active,
        p1_0.city,
        p1_0.company_email,
        p1_0.created_date,
        p1_0.image_url,
        p1_0.name,
        p1_0.password,
        p1_0.personal_email,
        p1_0.student_id_student,
        p1_0.surname,
        p1_0.teacher_id_teacher,
        p1_0.termination_date,
        p1_0.username 
    from
        persons p1_0
Hibernate: 
    select
        p1_0.id_person,
        p1_0.active,
        p1_0.city,
        p1_0.company_email,
        p1_0.created_date,
        p1_0.image_url,
        p1_0.name,
        p1_0.password,
        p1_0.personal_email,
        p1_0.student_id_student,
        p1_0.surname,
        p1_0.teacher_id_teacher,
        p1_0.termination_date,
        p1_0.username 
    from
        persons p1_0
Hibernate: 
    delete 
    from
        persons 
    where
        id_person=?
]]></system-out>
  </testcase>
  <testcase name="testDeletePerson" classname="com.example.block7crudvalidation.infrastructure.controller.PersonControllerTest" time="0.503">
    <system-out><![CDATA[Hibernate: 
    select
        p1_0.id_person,
        p1_0.active,
        p1_0.city,
        p1_0.company_email,
        p1_0.created_date,
        p1_0.image_url,
        p1_0.name,
        p1_0.password,
        p1_0.personal_email,
        s1_0.id_student,
        s1_0.branch,
        s1_0.comments,
        s1_0.num_hours_week,
        p2_0.id_person,
        p2_0.active,
        p2_0.city,
        p2_0.company_email,
        p2_0.created_date,
        p2_0.image_url,
        p2_0.name,
        p2_0.password,
        p2_0.personal_email,
        p2_0.student_id_student,
        p2_0.surname,
        t1_0.id_teacher,
        t1_0.branch,
        t1_0.comments,
        p3_0.id_person,
        p3_0.active,
        p3_0.city,
        p3_0.company_email,
        p3_0.created_date,
        p3_0.image_url,
        p3_0.name,
        p3_0.password,
        p3_0.personal_email,
        p3_0.student_id_student,
        p3_0.surname,
        p3_0.teacher_id_teacher,
        p3_0.termination_date,
        p3_0.username,
        p2_0.termination_date,
        p2_0.username,
        t3_0.id_teacher,
        t3_0.branch,
        t3_0.comments,
        p4_0.id_person,
        p4_0.active,
        p4_0.city,
        p4_0.company_email,
        p4_0.created_date,
        p4_0.image_url,
        p4_0.name,
        p4_0.password,
        p4_0.personal_email,
        p4_0.student_id_student,
        p4_0.surname,
        t4_0.id_teacher,
        t4_0.branch,
        t4_0.comments,
        t4_0.id_person,
        p4_0.termination_date,
        p4_0.username,
        s5_0.student_id_student,
        s5_1.id_subject,
        s5_1.comments,
        s5_1.finish_date,
        s5_1.initial_date,
        s5_1.name,
        t5_0.id_teacher,
        t5_0.branch,
        t5_0.comments,
        p6_0.id_person,
        p6_0.active,
        p6_0.city,
        p6_0.company_email,
        p6_0.created_date,
        p6_0.image_url,
        p6_0.name,
        p6_0.password,
        p6_0.personal_email,
        p6_0.student_id_student,
        p6_0.surname,
        t6_0.id_teacher,
        t6_0.branch,
        t6_0.comments,
        t6_0.id_person,
        p6_0.termination_date,
        p6_0.username,
        p1_0.surname,
        t7_0.id_teacher,
        t7_0.branch,
        t7_0.comments,
        p8_0.id_person,
        p8_0.active,
        p8_0.city,
        p8_0.company_email,
        p8_0.created_date,
        p8_0.image_url,
        p8_0.name,
        p8_0.password,
        p8_0.personal_email,
        s7_0.id_student,
        s7_0.branch,
        s7_0.comments,
        s7_0.num_hours_week,
        p9_0.id_person,
        p9_0.active,
        p9_0.city,
        p9_0.company_email,
        p9_0.created_date,
        p9_0.image_url,
        p9_0.name,
        p9_0.password,
        p9_0.personal_email,
        p9_0.student_id_student,
        p9_0.surname,
        p9_0.teacher_id_teacher,
        p9_0.termination_date,
        p9_0.username,
        t9_0.id_teacher,
        t9_0.branch,
        t9_0.comments,
        t9_0.id_person,
        p8_0.surname,
        p8_0.teacher_id_teacher,
        p8_0.termination_date,
        p8_0.username,
        p1_0.termination_date,
        p1_0.username 
    from
        persons p1_0 
    left join
        students s1_0 
            on s1_0.id_student=p1_0.student_id_student 
    left join
        persons p2_0 
            on p2_0.id_person=s1_0.id_person 
    left join
        teachers t1_0 
            on t1_0.id_teacher=p2_0.teacher_id_teacher 
    left join
        persons p3_0 
            on p3_0.id_person=t1_0.id_person 
    left join
        teachers t3_0 
            on t3_0.id_teacher=s1_0.id_teacher 
    left join
        persons p4_0 
            on p4_0.id_person=t3_0.id_person 
    left join
        teachers t4_0 
            on t4_0.id_teacher=p4_0.teacher_id_teacher 
    left join
        (students_subjects s5_0 
    join
        subjects s5_1 
            on s5_1.id_subject=s5_0.subjects_id_subject) 
                on s1_0.id_student=s5_0.student_id_student 
        left join
            teachers t5_0 
                on t5_0.id_teacher=s5_1.id_teacher 
        left join
            persons p6_0 
                on p6_0.id_person=t5_0.id_person 
        left join
            teachers t6_0 
                on t6_0.id_teacher=p6_0.teacher_id_teacher 
        left join
            teachers t7_0 
                on t7_0.id_teacher=p1_0.teacher_id_teacher 
        left join
            persons p8_0 
                on p8_0.id_person=t7_0.id_person 
        left join
            students s7_0 
                on s7_0.id_student=p8_0.student_id_student 
        left join
            persons p9_0 
                on p9_0.id_person=s7_0.id_person 
        left join
            teachers t9_0 
                on t9_0.id_teacher=s7_0.id_teacher 
        where
            p1_0.id_person=?
Hibernate: 
    insert 
    into
        persons
        (active,city,company_email,created_date,image_url,name,password,personal_email,student_id_student,surname,teacher_id_teacher,termination_date,username,id_person) 
    values
        (?,?,?,?,?,?,?,?,?,?,?,?,?,?)
Hibernate: 
    select
        p1_0.id_person,
        p1_0.active,
        p1_0.city,
        p1_0.company_email,
        p1_0.created_date,
        p1_0.image_url,
        p1_0.name,
        p1_0.password,
        p1_0.personal_email,
        s1_0.id_student,
        s1_0.branch,
        s1_0.comments,
        s1_0.num_hours_week,
        p2_0.id_person,
        p2_0.active,
        p2_0.city,
        p2_0.company_email,
        p2_0.created_date,
        p2_0.image_url,
        p2_0.name,
        p2_0.password,
        p2_0.personal_email,
        p2_0.student_id_student,
        p2_0.surname,
        t1_0.id_teacher,
        t1_0.branch,
        t1_0.comments,
        p3_0.id_person,
        p3_0.active,
        p3_0.city,
        p3_0.company_email,
        p3_0.created_date,
        p3_0.image_url,
        p3_0.name,
        p3_0.password,
        p3_0.personal_email,
        p3_0.student_id_student,
        p3_0.surname,
        p3_0.teacher_id_teacher,
        p3_0.termination_date,
        p3_0.username,
        p2_0.termination_date,
        p2_0.username,
        t3_0.id_teacher,
        t3_0.branch,
        t3_0.comments,
        p4_0.id_person,
        p4_0.active,
        p4_0.city,
        p4_0.company_email,
        p4_0.created_date,
        p4_0.image_url,
        p4_0.name,
        p4_0.password,
        p4_0.personal_email,
        p4_0.student_id_student,
        p4_0.surname,
        t4_0.id_teacher,
        t4_0.branch,
        t4_0.comments,
        t4_0.id_person,
        p4_0.termination_date,
        p4_0.username,
        s5_0.student_id_student,
        s5_1.id_subject,
        s5_1.comments,
        s5_1.finish_date,
        s5_1.initial_date,
        s5_1.name,
        t5_0.id_teacher,
        t5_0.branch,
        t5_0.comments,
        p6_0.id_person,
        p6_0.active,
        p6_0.city,
        p6_0.company_email,
        p6_0.created_date,
        p6_0.image_url,
        p6_0.name,
        p6_0.password,
        p6_0.personal_email,
        p6_0.student_id_student,
        p6_0.surname,
        t6_0.id_teacher,
        t6_0.branch,
        t6_0.comments,
        t6_0.id_person,
        p6_0.termination_date,
        p6_0.username,
        p1_0.surname,
        t7_0.id_teacher,
        t7_0.branch,
        t7_0.comments,
        p8_0.id_person,
        p8_0.active,
        p8_0.city,
        p8_0.company_email,
        p8_0.created_date,
        p8_0.image_url,
        p8_0.name,
        p8_0.password,
        p8_0.personal_email,
        s7_0.id_student,
        s7_0.branch,
        s7_0.comments,
        s7_0.num_hours_week,
        p9_0.id_person,
        p9_0.active,
        p9_0.city,
        p9_0.company_email,
        p9_0.created_date,
        p9_0.image_url,
        p9_0.name,
        p9_0.password,
        p9_0.personal_email,
        p9_0.student_id_student,
        p9_0.surname,
        p9_0.teacher_id_teacher,
        p9_0.termination_date,
        p9_0.username,
        t9_0.id_teacher,
        t9_0.branch,
        t9_0.comments,
        t9_0.id_person,
        p8_0.surname,
        p8_0.teacher_id_teacher,
        p8_0.termination_date,
        p8_0.username,
        p1_0.termination_date,
        p1_0.username 
    from
        persons p1_0 
    left join
        students s1_0 
            on s1_0.id_student=p1_0.student_id_student 
    left join
        persons p2_0 
            on p2_0.id_person=s1_0.id_person 
    left join
        teachers t1_0 
            on t1_0.id_teacher=p2_0.teacher_id_teacher 
    left join
        persons p3_0 
            on p3_0.id_person=t1_0.id_person 
    left join
        teachers t3_0 
            on t3_0.id_teacher=s1_0.id_teacher 
    left join
        persons p4_0 
            on p4_0.id_person=t3_0.id_person 
    left join
        teachers t4_0 
            on t4_0.id_teacher=p4_0.teacher_id_teacher 
    left join
        (students_subjects s5_0 
    join
        subjects s5_1 
            on s5_1.id_subject=s5_0.subjects_id_subject) 
                on s1_0.id_student=s5_0.student_id_student 
        left join
            teachers t5_0 
                on t5_0.id_teacher=s5_1.id_teacher 
        left join
            persons p6_0 
                on p6_0.id_person=t5_0.id_person 
        left join
            teachers t6_0 
                on t6_0.id_teacher=p6_0.teacher_id_teacher 
        left join
            teachers t7_0 
                on t7_0.id_teacher=p1_0.teacher_id_teacher 
        left join
            persons p8_0 
                on p8_0.id_person=t7_0.id_person 
        left join
            students s7_0 
                on s7_0.id_student=p8_0.student_id_student 
        left join
            persons p9_0 
                on p9_0.id_person=s7_0.id_person 
        left join
            teachers t9_0 
                on t9_0.id_teacher=s7_0.id_teacher 
        where
            p1_0.id_person=?
Hibernate: 
    delete 
    from
        persons 
    where
        id_person=?
Hibernate: 
    select
        count(*) 
    from
        persons p1_0
Hibernate: 
    select
        p1_0.id_person,
        p1_0.active,
        p1_0.city,
        p1_0.company_email,
        p1_0.created_date,
        p1_0.image_url,
        p1_0.name,
        p1_0.password,
        p1_0.personal_email,
        p1_0.student_id_student,
        p1_0.surname,
        p1_0.teacher_id_teacher,
        p1_0.termination_date,
        p1_0.username 
    from
        persons p1_0
]]></system-out>
  </testcase>
  <testcase name="testGetPersonId" classname="com.example.block7crudvalidation.infrastructure.controller.PersonControllerTest" time="0.035">
    <system-out><![CDATA[Hibernate: 
    select
        p1_0.id_person,
        p1_0.active,
        p1_0.city,
        p1_0.company_email,
        p1_0.created_date,
        p1_0.image_url,
        p1_0.name,
        p1_0.password,
        p1_0.personal_email,
        s1_0.id_student,
        s1_0.branch,
        s1_0.comments,
        s1_0.num_hours_week,
        p2_0.id_person,
        p2_0.active,
        p2_0.city,
        p2_0.company_email,
        p2_0.created_date,
        p2_0.image_url,
        p2_0.name,
        p2_0.password,
        p2_0.personal_email,
        p2_0.student_id_student,
        p2_0.surname,
        t1_0.id_teacher,
        t1_0.branch,
        t1_0.comments,
        p3_0.id_person,
        p3_0.active,
        p3_0.city,
        p3_0.company_email,
        p3_0.created_date,
        p3_0.image_url,
        p3_0.name,
        p3_0.password,
        p3_0.personal_email,
        p3_0.student_id_student,
        p3_0.surname,
        p3_0.teacher_id_teacher,
        p3_0.termination_date,
        p3_0.username,
        p2_0.termination_date,
        p2_0.username,
        t3_0.id_teacher,
        t3_0.branch,
        t3_0.comments,
        p4_0.id_person,
        p4_0.active,
        p4_0.city,
        p4_0.company_email,
        p4_0.created_date,
        p4_0.image_url,
        p4_0.name,
        p4_0.password,
        p4_0.personal_email,
        p4_0.student_id_student,
        p4_0.surname,
        t4_0.id_teacher,
        t4_0.branch,
        t4_0.comments,
        t4_0.id_person,
        p4_0.termination_date,
        p4_0.username,
        s5_0.student_id_student,
        s5_1.id_subject,
        s5_1.comments,
        s5_1.finish_date,
        s5_1.initial_date,
        s5_1.name,
        t5_0.id_teacher,
        t5_0.branch,
        t5_0.comments,
        p6_0.id_person,
        p6_0.active,
        p6_0.city,
        p6_0.company_email,
        p6_0.created_date,
        p6_0.image_url,
        p6_0.name,
        p6_0.password,
        p6_0.personal_email,
        p6_0.student_id_student,
        p6_0.surname,
        t6_0.id_teacher,
        t6_0.branch,
        t6_0.comments,
        t6_0.id_person,
        p6_0.termination_date,
        p6_0.username,
        p1_0.surname,
        t7_0.id_teacher,
        t7_0.branch,
        t7_0.comments,
        p8_0.id_person,
        p8_0.active,
        p8_0.city,
        p8_0.company_email,
        p8_0.created_date,
        p8_0.image_url,
        p8_0.name,
        p8_0.password,
        p8_0.personal_email,
        s7_0.id_student,
        s7_0.branch,
        s7_0.comments,
        s7_0.num_hours_week,
        p9_0.id_person,
        p9_0.active,
        p9_0.city,
        p9_0.company_email,
        p9_0.created_date,
        p9_0.image_url,
        p9_0.name,
        p9_0.password,
        p9_0.personal_email,
        p9_0.student_id_student,
        p9_0.surname,
        p9_0.teacher_id_teacher,
        p9_0.termination_date,
        p9_0.username,
        t9_0.id_teacher,
        t9_0.branch,
        t9_0.comments,
        t9_0.id_person,
        p8_0.surname,
        p8_0.teacher_id_teacher,
        p8_0.termination_date,
        p8_0.username,
        p1_0.termination_date,
        p1_0.username 
    from
        persons p1_0 
    left join
        students s1_0 
            on s1_0.id_student=p1_0.student_id_student 
    left join
        persons p2_0 
            on p2_0.id_person=s1_0.id_person 
    left join
        teachers t1_0 
            on t1_0.id_teacher=p2_0.teacher_id_teacher 
    left join
        persons p3_0 
            on p3_0.id_person=t1_0.id_person 
    left join
        teachers t3_0 
            on t3_0.id_teacher=s1_0.id_teacher 
    left join
        persons p4_0 
            on p4_0.id_person=t3_0.id_person 
    left join
        teachers t4_0 
            on t4_0.id_teacher=p4_0.teacher_id_teacher 
    left join
        (students_subjects s5_0 
    join
        subjects s5_1 
            on s5_1.id_subject=s5_0.subjects_id_subject) 
                on s1_0.id_student=s5_0.student_id_student 
        left join
            teachers t5_0 
                on t5_0.id_teacher=s5_1.id_teacher 
        left join
            persons p6_0 
                on p6_0.id_person=t5_0.id_person 
        left join
            teachers t6_0 
                on t6_0.id_teacher=p6_0.teacher_id_teacher 
        left join
            teachers t7_0 
                on t7_0.id_teacher=p1_0.teacher_id_teacher 
        left join
            persons p8_0 
                on p8_0.id_person=t7_0.id_person 
        left join
            students s7_0 
                on s7_0.id_student=p8_0.student_id_student 
        left join
            persons p9_0 
                on p9_0.id_person=s7_0.id_person 
        left join
            teachers t9_0 
                on t9_0.id_teacher=s7_0.id_teacher 
        where
            p1_0.id_person=?
Hibernate: 
    insert 
    into
        persons
        (active,city,company_email,created_date,image_url,name,password,personal_email,student_id_student,surname,teacher_id_teacher,termination_date,username,id_person) 
    values
        (?,?,?,?,?,?,?,?,?,?,?,?,?,?)
Hibernate: 
    select
        p1_0.id_person,
        p1_0.active,
        p1_0.city,
        p1_0.company_email,
        p1_0.created_date,
        p1_0.image_url,
        p1_0.name,
        p1_0.password,
        p1_0.personal_email,
        s1_0.id_student,
        s1_0.branch,
        s1_0.comments,
        s1_0.num_hours_week,
        p2_0.id_person,
        p2_0.active,
        p2_0.city,
        p2_0.company_email,
        p2_0.created_date,
        p2_0.image_url,
        p2_0.name,
        p2_0.password,
        p2_0.personal_email,
        p2_0.student_id_student,
        p2_0.surname,
        t1_0.id_teacher,
        t1_0.branch,
        t1_0.comments,
        p3_0.id_person,
        p3_0.active,
        p3_0.city,
        p3_0.company_email,
        p3_0.created_date,
        p3_0.image_url,
        p3_0.name,
        p3_0.password,
        p3_0.personal_email,
        p3_0.student_id_student,
        p3_0.surname,
        p3_0.teacher_id_teacher,
        p3_0.termination_date,
        p3_0.username,
        p2_0.termination_date,
        p2_0.username,
        t3_0.id_teacher,
        t3_0.branch,
        t3_0.comments,
        p4_0.id_person,
        p4_0.active,
        p4_0.city,
        p4_0.company_email,
        p4_0.created_date,
        p4_0.image_url,
        p4_0.name,
        p4_0.password,
        p4_0.personal_email,
        p4_0.student_id_student,
        p4_0.surname,
        t4_0.id_teacher,
        t4_0.branch,
        t4_0.comments,
        t4_0.id_person,
        p4_0.termination_date,
        p4_0.username,
        s5_0.student_id_student,
        s5_1.id_subject,
        s5_1.comments,
        s5_1.finish_date,
        s5_1.initial_date,
        s5_1.name,
        t5_0.id_teacher,
        t5_0.branch,
        t5_0.comments,
        p6_0.id_person,
        p6_0.active,
        p6_0.city,
        p6_0.company_email,
        p6_0.created_date,
        p6_0.image_url,
        p6_0.name,
        p6_0.password,
        p6_0.personal_email,
        p6_0.student_id_student,
        p6_0.surname,
        t6_0.id_teacher,
        t6_0.branch,
        t6_0.comments,
        t6_0.id_person,
        p6_0.termination_date,
        p6_0.username,
        p1_0.surname,
        t7_0.id_teacher,
        t7_0.branch,
        t7_0.comments,
        p8_0.id_person,
        p8_0.active,
        p8_0.city,
        p8_0.company_email,
        p8_0.created_date,
        p8_0.image_url,
        p8_0.name,
        p8_0.password,
        p8_0.personal_email,
        s7_0.id_student,
        s7_0.branch,
        s7_0.comments,
        s7_0.num_hours_week,
        p9_0.id_person,
        p9_0.active,
        p9_0.city,
        p9_0.company_email,
        p9_0.created_date,
        p9_0.image_url,
        p9_0.name,
        p9_0.password,
        p9_0.personal_email,
        p9_0.student_id_student,
        p9_0.surname,
        p9_0.teacher_id_teacher,
        p9_0.termination_date,
        p9_0.username,
        t9_0.id_teacher,
        t9_0.branch,
        t9_0.comments,
        t9_0.id_person,
        p8_0.surname,
        p8_0.teacher_id_teacher,
        p8_0.termination_date,
        p8_0.username,
        p1_0.termination_date,
        p1_0.username 
    from
        persons p1_0 
    left join
        students s1_0 
            on s1_0.id_student=p1_0.student_id_student 
    left join
        persons p2_0 
            on p2_0.id_person=s1_0.id_person 
    left join
        teachers t1_0 
            on t1_0.id_teacher=p2_0.teacher_id_teacher 
    left join
        persons p3_0 
            on p3_0.id_person=t1_0.id_person 
    left join
        teachers t3_0 
            on t3_0.id_teacher=s1_0.id_teacher 
    left join
        persons p4_0 
            on p4_0.id_person=t3_0.id_person 
    left join
        teachers t4_0 
            on t4_0.id_teacher=p4_0.teacher_id_teacher 
    left join
        (students_subjects s5_0 
    join
        subjects s5_1 
            on s5_1.id_subject=s5_0.subjects_id_subject) 
                on s1_0.id_student=s5_0.student_id_student 
        left join
            teachers t5_0 
                on t5_0.id_teacher=s5_1.id_teacher 
        left join
            persons p6_0 
                on p6_0.id_person=t5_0.id_person 
        left join
            teachers t6_0 
                on t6_0.id_teacher=p6_0.teacher_id_teacher 
        left join
            teachers t7_0 
                on t7_0.id_teacher=p1_0.teacher_id_teacher 
        left join
            persons p8_0 
                on p8_0.id_person=t7_0.id_person 
        left join
            students s7_0 
                on s7_0.id_student=p8_0.student_id_student 
        left join
            persons p9_0 
                on p9_0.id_person=s7_0.id_person 
        left join
            teachers t9_0 
                on t9_0.id_teacher=s7_0.id_teacher 
        where
            p1_0.id_person=?
Hibernate: 
    select
        p1_0.id_person,
        p1_0.active,
        p1_0.city,
        p1_0.company_email,
        p1_0.created_date,
        p1_0.image_url,
        p1_0.name,
        p1_0.password,
        p1_0.personal_email,
        p1_0.student_id_student,
        p1_0.surname,
        p1_0.teacher_id_teacher,
        p1_0.termination_date,
        p1_0.username 
    from
        persons p1_0
Hibernate: 
    delete 
    from
        persons 
    where
        id_person=?
]]></system-out>
  </testcase>
</testsuite>