<?xml version="1.0" encoding="UTF-8"?>
<testsuite xmlns:xsi="http://www.w3.org/2001/XMLSchema-instance" xsi:noNamespaceSchemaLocation="https://maven.apache.org/surefire/maven-surefire-plugin/xsd/surefire-test-report-3.0.xsd" version="3.0" name="com.example.block7crudvalidation.infrastructure.controller.TeacherControllerTest" time="0.153" tests="5" errors="5" skipped="0" failures="0">
  <properties>
    <property name="sonar.projectName" value="&apos;block13-JUnit-Testing-avanzado&apos;"/>
    <property name="java.specification.version" value="17"/>
    <property name="sun.cpu.isalist" value="amd64"/>
    <property name="sonar.host.url" value="http://localhost:9000"/>
    <property name="sun.jnu.encoding" value="Cp1252"/>
    <property name="java.class.path" value="C:\Users\alvaro.fbarjau\IdeaProjects\block13-JUnit-Testing-avanzado\target\test-classes;C:\Users\alvaro.fbarjau\IdeaProjects\block13-JUnit-Testing-avanzado\target\classes;C:\Users\alvaro.fbarjau\.m2\repository\org\springframework\boot\spring-boot-starter-data-jpa\3.1.1\spring-boot-starter-data-jpa-3.1.1.jar;C:\Users\alvaro.fbarjau\.m2\repository\org\springframework\boot\spring-boot-starter-aop\3.1.1\spring-boot-starter-aop-3.1.1.jar;C:\Users\alvaro.fbarjau\.m2\repository\org\springframework\spring-aop\6.0.10\spring-aop-6.0.10.jar;C:\Users\alvaro.fbarjau\.m2\repository\org\aspectj\aspectjweaver\1.9.19\aspectjweaver-1.9.19.jar;C:\Users\alvaro.fbarjau\.m2\repository\org\springframework\boot\spring-boot-starter-jdbc\3.1.1\spring-boot-starter-jdbc-3.1.1.jar;C:\Users\alvaro.fbarjau\.m2\repository\com\zaxxer\HikariCP\5.0.1\HikariCP-5.0.1.jar;C:\Users\alvaro.fbarjau\.m2\repository\org\springframework\spring-jdbc\6.0.10\spring-jdbc-6.0.10.jar;C:\Users\alvaro.fbarjau\.m2\repository\org\hibernate\orm\hibernate-core\6.2.5.Final\hibernate-core-6.2.5.Final.jar;C:\Users\alvaro.fbarjau\.m2\repository\jakarta\persistence\jakarta.persistence-api\3.1.0\jakarta.persistence-api-3.1.0.jar;C:\Users\alvaro.fbarjau\.m2\repository\jakarta\transaction\jakarta.transaction-api\2.0.1\jakarta.transaction-api-2.0.1.jar;C:\Users\alvaro.fbarjau\.m2\repository\org\jboss\logging\jboss-logging\3.5.1.Final\jboss-logging-3.5.1.Final.jar;C:\Users\alvaro.fbarjau\.m2\repository\org\hibernate\common\hibernate-commons-annotations\6.0.6.Final\hibernate-commons-annotations-6.0.6.Final.jar;C:\Users\alvaro.fbarjau\.m2\repository\io\smallrye\jandex\3.0.5\jandex-3.0.5.jar;C:\Users\alvaro.fbarjau\.m2\repository\com\fasterxml\classmate\1.5.1\classmate-1.5.1.jar;C:\Users\alvaro.fbarjau\.m2\repository\org\glassfish\jaxb\jaxb-runtime\4.0.3\jaxb-runtime-4.0.3.jar;C:\Users\alvaro.fbarjau\.m2\repository\org\glassfish\jaxb\jaxb-core\4.0.3\jaxb-core-4.0.3.jar;C:\Users\alvaro.fbarjau\.m2\repository\org\eclipse\angus\angus-activation\2.0.1\angus-activation-2.0.1.jar;C:\Users\alvaro.fbarjau\.m2\repository\org\glassfish\jaxb\txw2\4.0.3\txw2-4.0.3.jar;C:\Users\alvaro.fbarjau\.m2\repository\com\sun\istack\istack-commons-runtime\4.1.2\istack-commons-runtime-4.1.2.jar;C:\Users\alvaro.fbarjau\.m2\repository\jakarta\inject\jakarta.inject-api\2.0.1\jakarta.inject-api-2.0.1.jar;C:\Users\alvaro.fbarjau\.m2\repository\org\antlr\antlr4-runtime\4.10.1\antlr4-runtime-4.10.1.jar;C:\Users\alvaro.fbarjau\.m2\repository\org\springframework\data\spring-data-jpa\3.1.1\spring-data-jpa-3.1.1.jar;C:\Users\alvaro.fbarjau\.m2\repository\org\springframework\data\spring-data-commons\3.1.1\spring-data-commons-3.1.1.jar;C:\Users\alvaro.fbarjau\.m2\repository\org\springframework\spring-orm\6.0.10\spring-orm-6.0.10.jar;C:\Users\alvaro.fbarjau\.m2\repository\org\springframework\spring-context\6.0.10\spring-context-6.0.10.jar;C:\Users\alvaro.fbarjau\.m2\repository\org\springframework\spring-tx\6.0.10\spring-tx-6.0.10.jar;C:\Users\alvaro.fbarjau\.m2\repository\org\springframework\spring-beans\6.0.10\spring-beans-6.0.10.jar;C:\Users\alvaro.fbarjau\.m2\repository\jakarta\annotation\jakarta.annotation-api\2.1.1\jakarta.annotation-api-2.1.1.jar;C:\Users\alvaro.fbarjau\.m2\repository\org\slf4j\slf4j-api\2.0.7\slf4j-api-2.0.7.jar;C:\Users\alvaro.fbarjau\.m2\repository\org\springframework\spring-aspects\6.0.10\spring-aspects-6.0.10.jar;C:\Users\alvaro.fbarjau\.m2\repository\org\springframework\boot\spring-boot-starter-web\3.1.1\spring-boot-starter-web-3.1.1.jar;C:\Users\alvaro.fbarjau\.m2\repository\org\springframework\boot\spring-boot-starter\3.1.1\spring-boot-starter-3.1.1.jar;C:\Users\alvaro.fbarjau\.m2\repository\org\springframework\boot\spring-boot\3.1.1\spring-boot-3.1.1.jar;C:\Users\alvaro.fbarjau\.m2\repository\org\springframework\boot\spring-boot-autoconfigure\3.1.1\spring-boot-autoconfigure-3.1.1.jar;C:\Users\alvaro.fbarjau\.m2\repository\org\springframework\boot\spring-boot-starter-logging\3.1.1\spring-boot-starter-logging-3.1.1.jar;C:\Users\alvaro.fbarjau\.m2\repository\ch\qos\logback\logback-classic\1.4.8\logback-classic-1.4.8.jar;C:\Users\alvaro.fbarjau\.m2\repository\ch\qos\logback\logback-core\1.4.8\logback-core-1.4.8.jar;C:\Users\alvaro.fbarjau\.m2\repository\org\apache\logging\log4j\log4j-to-slf4j\2.20.0\log4j-to-slf4j-2.20.0.jar;C:\Users\alvaro.fbarjau\.m2\repository\org\apache\logging\log4j\log4j-api\2.20.0\log4j-api-2.20.0.jar;C:\Users\alvaro.fbarjau\.m2\repository\org\slf4j\jul-to-slf4j\2.0.7\jul-to-slf4j-2.0.7.jar;C:\Users\alvaro.fbarjau\.m2\repository\org\yaml\snakeyaml\1.33\snakeyaml-1.33.jar;C:\Users\alvaro.fbarjau\.m2\repository\org\springframework\boot\spring-boot-starter-json\3.1.1\spring-boot-starter-json-3.1.1.jar;C:\Users\alvaro.fbarjau\.m2\repository\com\fasterxml\jackson\core\jackson-databind\2.15.2\jackson-databind-2.15.2.jar;C:\Users\alvaro.fbarjau\.m2\repository\com\fasterxml\jackson\core\jackson-annotations\2.15.2\jackson-annotations-2.15.2.jar;C:\Users\alvaro.fbarjau\.m2\repository\com\fasterxml\jackson\core\jackson-core\2.15.2\jackson-core-2.15.2.jar;C:\Users\alvaro.fbarjau\.m2\repository\com\fasterxml\jackson\datatype\jackson-datatype-jdk8\2.15.2\jackson-datatype-jdk8-2.15.2.jar;C:\Users\alvaro.fbarjau\.m2\repository\com\fasterxml\jackson\datatype\jackson-datatype-jsr310\2.15.2\jackson-datatype-jsr310-2.15.2.jar;C:\Users\alvaro.fbarjau\.m2\repository\com\fasterxml\jackson\module\jackson-module-parameter-names\2.15.2\jackson-module-parameter-names-2.15.2.jar;C:\Users\alvaro.fbarjau\.m2\repository\org\springframework\boot\spring-boot-starter-tomcat\3.1.1\spring-boot-starter-tomcat-3.1.1.jar;C:\Users\alvaro.fbarjau\.m2\repository\org\apache\tomcat\embed\tomcat-embed-core\10.1.10\tomcat-embed-core-10.1.10.jar;C:\Users\alvaro.fbarjau\.m2\repository\org\apache\tomcat\embed\tomcat-embed-el\10.1.10\tomcat-embed-el-10.1.10.jar;C:\Users\alvaro.fbarjau\.m2\repository\org\apache\tomcat\embed\tomcat-embed-websocket\10.1.10\tomcat-embed-websocket-10.1.10.jar;C:\Users\alvaro.fbarjau\.m2\repository\org\springframework\spring-web\6.0.10\spring-web-6.0.10.jar;C:\Users\alvaro.fbarjau\.m2\repository\io\micrometer\micrometer-observation\1.11.1\micrometer-observation-1.11.1.jar;C:\Users\alvaro.fbarjau\.m2\repository\io\micrometer\micrometer-commons\1.11.1\micrometer-commons-1.11.1.jar;C:\Users\alvaro.fbarjau\.m2\repository\org\springframework\spring-webmvc\6.0.10\spring-webmvc-6.0.10.jar;C:\Users\alvaro.fbarjau\.m2\repository\org\springframework\spring-expression\6.0.10\spring-expression-6.0.10.jar;C:\Users\alvaro.fbarjau\.m2\repository\com\h2database\h2\2.1.214\h2-2.1.214.jar;C:\Users\alvaro.fbarjau\.m2\repository\org\projectlombok\lombok\1.18.28\lombok-1.18.28.jar;C:\Users\alvaro.fbarjau\.m2\repository\org\modelmapper\modelmapper\2.4.4\modelmapper-2.4.4.jar;C:\Users\alvaro.fbarjau\.m2\repository\javax\validation\validation-api\2.0.1.Final\validation-api-2.0.1.Final.jar;C:\Users\alvaro.fbarjau\.m2\repository\org\springframework\boot\spring-boot-starter-test\3.1.1\spring-boot-starter-test-3.1.1.jar;C:\Users\alvaro.fbarjau\.m2\repository\org\springframework\boot\spring-boot-test\3.1.1\spring-boot-test-3.1.1.jar;C:\Users\alvaro.fbarjau\.m2\repository\org\springframework\boot\spring-boot-test-autoconfigure\3.1.1\spring-boot-test-autoconfigure-3.1.1.jar;C:\Users\alvaro.fbarjau\.m2\repository\com\jayway\jsonpath\json-path\2.8.0\json-path-2.8.0.jar;C:\Users\alvaro.fbarjau\.m2\repository\jakarta\xml\bind\jakarta.xml.bind-api\4.0.0\jakarta.xml.bind-api-4.0.0.jar;C:\Users\alvaro.fbarjau\.m2\repository\jakarta\activation\jakarta.activation-api\2.1.2\jakarta.activation-api-2.1.2.jar;C:\Users\alvaro.fbarjau\.m2\repository\net\minidev\json-smart\2.4.11\json-smart-2.4.11.jar;C:\Users\alvaro.fbarjau\.m2\repository\net\minidev\accessors-smart\2.4.11\accessors-smart-2.4.11.jar;C:\Users\alvaro.fbarjau\.m2\repository\org\assertj\assertj-core\3.24.2\assertj-core-3.24.2.jar;C:\Users\alvaro.fbarjau\.m2\repository\org\hamcrest\hamcrest\2.2\hamcrest-2.2.jar;C:\Users\alvaro.fbarjau\.m2\repository\org\junit\jupiter\junit-jupiter\5.9.3\junit-jupiter-5.9.3.jar;C:\Users\alvaro.fbarjau\.m2\repository\org\junit\jupiter\junit-jupiter-api\5.9.3\junit-jupiter-api-5.9.3.jar;C:\Users\alvaro.fbarjau\.m2\repository\org\opentest4j\opentest4j\1.2.0\opentest4j-1.2.0.jar;C:\Users\alvaro.fbarjau\.m2\repository\org\junit\platform\junit-platform-commons\1.9.3\junit-platform-commons-1.9.3.jar;C:\Users\alvaro.fbarjau\.m2\repository\org\apiguardian\apiguardian-api\1.1.2\apiguardian-api-1.1.2.jar;C:\Users\alvaro.fbarjau\.m2\repository\org\junit\jupiter\junit-jupiter-params\5.9.3\junit-jupiter-params-5.9.3.jar;C:\Users\alvaro.fbarjau\.m2\repository\org\junit\jupiter\junit-jupiter-engine\5.9.3\junit-jupiter-engine-5.9.3.jar;C:\Users\alvaro.fbarjau\.m2\repository\org\junit\platform\junit-platform-engine\1.9.3\junit-platform-engine-1.9.3.jar;C:\Users\alvaro.fbarjau\.m2\repository\org\mockito\mockito-junit-jupiter\4.8.1\mockito-junit-jupiter-4.8.1.jar;C:\Users\alvaro.fbarjau\.m2\repository\org\skyscreamer\jsonassert\1.5.1\jsonassert-1.5.1.jar;C:\Users\alvaro.fbarjau\.m2\repository\com\vaadin\external\google\android-json\0.0.20131108.vaadin1\android-json-0.0.20131108.vaadin1.jar;C:\Users\alvaro.fbarjau\.m2\repository\org\springframework\spring-core\6.0.10\spring-core-6.0.10.jar;C:\Users\alvaro.fbarjau\.m2\repository\org\springframework\spring-jcl\6.0.10\spring-jcl-6.0.10.jar;C:\Users\alvaro.fbarjau\.m2\repository\org\springframework\spring-test\6.0.10\spring-test-6.0.10.jar;C:\Users\alvaro.fbarjau\.m2\repository\org\xmlunit\xmlunit-core\2.9.1\xmlunit-core-2.9.1.jar;C:\Users\alvaro.fbarjau\.m2\repository\org\springframework\cloud\spring-cloud-starter-openfeign\4.0.3\spring-cloud-starter-openfeign-4.0.3.jar;C:\Users\alvaro.fbarjau\.m2\repository\org\springframework\cloud\spring-cloud-starter\4.0.3\spring-cloud-starter-4.0.3.jar;C:\Users\alvaro.fbarjau\.m2\repository\org\springframework\cloud\spring-cloud-context\4.0.3\spring-cloud-context-4.0.3.jar;C:\Users\alvaro.fbarjau\.m2\repository\org\springframework\security\spring-security-rsa\1.0.11.RELEASE\spring-security-rsa-1.0.11.RELEASE.jar;C:\Users\alvaro.fbarjau\.m2\repository\org\bouncycastle\bcpkix-jdk15on\1.69\bcpkix-jdk15on-1.69.jar;C:\Users\alvaro.fbarjau\.m2\repository\org\bouncycastle\bcprov-jdk15on\1.69\bcprov-jdk15on-1.69.jar;C:\Users\alvaro.fbarjau\.m2\repository\org\bouncycastle\bcutil-jdk15on\1.69\bcutil-jdk15on-1.69.jar;C:\Users\alvaro.fbarjau\.m2\repository\org\springframework\cloud\spring-cloud-openfeign-core\4.0.3\spring-cloud-openfeign-core-4.0.3.jar;C:\Users\alvaro.fbarjau\.m2\repository\io\github\openfeign\form\feign-form-spring\3.8.0\feign-form-spring-3.8.0.jar;C:\Users\alvaro.fbarjau\.m2\repository\io\github\openfeign\form\feign-form\3.8.0\feign-form-3.8.0.jar;C:\Users\alvaro.fbarjau\.m2\repository\commons-fileupload\commons-fileupload\1.4\commons-fileupload-1.4.jar;C:\Users\alvaro.fbarjau\.m2\repository\org\springframework\cloud\spring-cloud-commons\4.0.3\spring-cloud-commons-4.0.3.jar;C:\Users\alvaro.fbarjau\.m2\repository\org\springframework\security\spring-security-crypto\6.1.1\spring-security-crypto-6.1.1.jar;C:\Users\alvaro.fbarjau\.m2\repository\io\github\openfeign\feign-core\12.3\feign-core-12.3.jar;C:\Users\alvaro.fbarjau\.m2\repository\io\github\openfeign\feign-slf4j\12.3\feign-slf4j-12.3.jar;C:\Users\alvaro.fbarjau\.m2\repository\org\mockito\mockito-core\5.4.0\mockito-core-5.4.0.jar;C:\Users\alvaro.fbarjau\.m2\repository\net\bytebuddy\byte-buddy\1.14.5\byte-buddy-1.14.5.jar;C:\Users\alvaro.fbarjau\.m2\repository\net\bytebuddy\byte-buddy-agent\1.14.5\byte-buddy-agent-1.14.5.jar;C:\Users\alvaro.fbarjau\.m2\repository\org\objenesis\objenesis\3.3\objenesis-3.3.jar;C:\Users\alvaro.fbarjau\.m2\repository\org\jacoco\jacoco-maven-plugin\0.8.8\jacoco-maven-plugin-0.8.8.jar;C:\Users\alvaro.fbarjau\.m2\repository\org\codehaus\plexus\plexus-utils\3.0.22\plexus-utils-3.0.22.jar;C:\Users\alvaro.fbarjau\.m2\repository\org\apache\maven\shared\file-management\1.2.1\file-management-1.2.1.jar;C:\Users\alvaro.fbarjau\.m2\repository\org\apache\maven\maven-plugin-api\2.0.6\maven-plugin-api-2.0.6.jar;C:\Users\alvaro.fbarjau\.m2\repository\org\apache\maven\shared\maven-shared-io\1.1\maven-shared-io-1.1.jar;C:\Users\alvaro.fbarjau\.m2\repository\org\apache\maven\maven-artifact\2.0.2\maven-artifact-2.0.2.jar;C:\Users\alvaro.fbarjau\.m2\repository\org\apache\maven\maven-artifact-manager\2.0.2\maven-artifact-manager-2.0.2.jar;C:\Users\alvaro.fbarjau\.m2\repository\org\apache\maven\maven-repository-metadata\2.0.2\maven-repository-metadata-2.0.2.jar;C:\Users\alvaro.fbarjau\.m2\repository\org\apache\maven\wagon\wagon-provider-api\1.0-alpha-6\wagon-provider-api-1.0-alpha-6.jar;C:\Users\alvaro.fbarjau\.m2\repository\org\codehaus\plexus\plexus-container-default\1.0-alpha-9\plexus-container-default-1.0-alpha-9.jar;C:\Users\alvaro.fbarjau\.m2\repository\junit\junit\4.13.2\junit-4.13.2.jar;C:\Users\alvaro.fbarjau\.m2\repository\org\hamcrest\hamcrest-core\2.2\hamcrest-core-2.2.jar;C:\Users\alvaro.fbarjau\.m2\repository\classworlds\classworlds\1.1-alpha-2\classworlds-1.1-alpha-2.jar;C:\Users\alvaro.fbarjau\.m2\repository\org\apache\maven\reporting\maven-reporting-api\3.0\maven-reporting-api-3.0.jar;C:\Users\alvaro.fbarjau\.m2\repository\org\apache\maven\doxia\doxia-sink-api\1.0\doxia-sink-api-1.0.jar;C:\Users\alvaro.fbarjau\.m2\repository\org\jacoco\org.jacoco.agent\0.8.8\org.jacoco.agent-0.8.8-runtime.jar;C:\Users\alvaro.fbarjau\.m2\repository\org\jacoco\org.jacoco.core\0.8.8\org.jacoco.core-0.8.8.jar;C:\Users\alvaro.fbarjau\.m2\repository\org\ow2\asm\asm\9.2\asm-9.2.jar;C:\Users\alvaro.fbarjau\.m2\repository\org\ow2\asm\asm-commons\9.2\asm-commons-9.2.jar;C:\Users\alvaro.fbarjau\.m2\repository\org\ow2\asm\asm-analysis\9.2\asm-analysis-9.2.jar;C:\Users\alvaro.fbarjau\.m2\repository\org\ow2\asm\asm-tree\9.2\asm-tree-9.2.jar;C:\Users\alvaro.fbarjau\.m2\repository\org\jacoco\org.jacoco.report\0.8.8\org.jacoco.report-0.8.8.jar;"/>
    <property name="java.vm.vendor" value="Oracle Corporation"/>
    <property name="sun.arch.data.model" value="64"/>
    <property name="user.variant" value=""/>
    <property name="java.vendor.url" value="https://java.oracle.com/"/>
    <property name="user.timezone" value="Europe/Madrid"/>
    <property name="org.jboss.logging.provider" value="slf4j"/>
    <property name="os.name" value="Windows 10"/>
    <property name="java.vm.specification.version" value="17"/>
    <property name="sun.java.launcher" value="SUN_STANDARD"/>
    <property name="user.country" value="ES"/>
    <property name="sun.boot.library.path" value="C:\Program Files\Java\jdk-17\bin"/>
    <property name="sun.java.command" value="C:\Users\alvaro.fbarjau\AppData\Local\Temp\surefire13247131705000468656\surefirebooter-20230720144104660_3.jar C:\Users\alvaro.fbarjau\AppData\Local\Temp\surefire13247131705000468656 2023-07-20T14-41-04_374-jvmRun1 surefire-20230720144104660_1tmp surefire_0-20230720144104660_2tmp"/>
    <property name="jdk.debug" value="release"/>
    <property name="surefire.test.class.path" value="C:\Users\alvaro.fbarjau\IdeaProjects\block13-JUnit-Testing-avanzado\target\test-classes;C:\Users\alvaro.fbarjau\IdeaProjects\block13-JUnit-Testing-avanzado\target\classes;C:\Users\alvaro.fbarjau\.m2\repository\org\springframework\boot\spring-boot-starter-data-jpa\3.1.1\spring-boot-starter-data-jpa-3.1.1.jar;C:\Users\alvaro.fbarjau\.m2\repository\org\springframework\boot\spring-boot-starter-aop\3.1.1\spring-boot-starter-aop-3.1.1.jar;C:\Users\alvaro.fbarjau\.m2\repository\org\springframework\spring-aop\6.0.10\spring-aop-6.0.10.jar;C:\Users\alvaro.fbarjau\.m2\repository\org\aspectj\aspectjweaver\1.9.19\aspectjweaver-1.9.19.jar;C:\Users\alvaro.fbarjau\.m2\repository\org\springframework\boot\spring-boot-starter-jdbc\3.1.1\spring-boot-starter-jdbc-3.1.1.jar;C:\Users\alvaro.fbarjau\.m2\repository\com\zaxxer\HikariCP\5.0.1\HikariCP-5.0.1.jar;C:\Users\alvaro.fbarjau\.m2\repository\org\springframework\spring-jdbc\6.0.10\spring-jdbc-6.0.10.jar;C:\Users\alvaro.fbarjau\.m2\repository\org\hibernate\orm\hibernate-core\6.2.5.Final\hibernate-core-6.2.5.Final.jar;C:\Users\alvaro.fbarjau\.m2\repository\jakarta\persistence\jakarta.persistence-api\3.1.0\jakarta.persistence-api-3.1.0.jar;C:\Users\alvaro.fbarjau\.m2\repository\jakarta\transaction\jakarta.transaction-api\2.0.1\jakarta.transaction-api-2.0.1.jar;C:\Users\alvaro.fbarjau\.m2\repository\org\jboss\logging\jboss-logging\3.5.1.Final\jboss-logging-3.5.1.Final.jar;C:\Users\alvaro.fbarjau\.m2\repository\org\hibernate\common\hibernate-commons-annotations\6.0.6.Final\hibernate-commons-annotations-6.0.6.Final.jar;C:\Users\alvaro.fbarjau\.m2\repository\io\smallrye\jandex\3.0.5\jandex-3.0.5.jar;C:\Users\alvaro.fbarjau\.m2\repository\com\fasterxml\classmate\1.5.1\classmate-1.5.1.jar;C:\Users\alvaro.fbarjau\.m2\repository\org\glassfish\jaxb\jaxb-runtime\4.0.3\jaxb-runtime-4.0.3.jar;C:\Users\alvaro.fbarjau\.m2\repository\org\glassfish\jaxb\jaxb-core\4.0.3\jaxb-core-4.0.3.jar;C:\Users\alvaro.fbarjau\.m2\repository\org\eclipse\angus\angus-activation\2.0.1\angus-activation-2.0.1.jar;C:\Users\alvaro.fbarjau\.m2\repository\org\glassfish\jaxb\txw2\4.0.3\txw2-4.0.3.jar;C:\Users\alvaro.fbarjau\.m2\repository\com\sun\istack\istack-commons-runtime\4.1.2\istack-commons-runtime-4.1.2.jar;C:\Users\alvaro.fbarjau\.m2\repository\jakarta\inject\jakarta.inject-api\2.0.1\jakarta.inject-api-2.0.1.jar;C:\Users\alvaro.fbarjau\.m2\repository\org\antlr\antlr4-runtime\4.10.1\antlr4-runtime-4.10.1.jar;C:\Users\alvaro.fbarjau\.m2\repository\org\springframework\data\spring-data-jpa\3.1.1\spring-data-jpa-3.1.1.jar;C:\Users\alvaro.fbarjau\.m2\repository\org\springframework\data\spring-data-commons\3.1.1\spring-data-commons-3.1.1.jar;C:\Users\alvaro.fbarjau\.m2\repository\org\springframework\spring-orm\6.0.10\spring-orm-6.0.10.jar;C:\Users\alvaro.fbarjau\.m2\repository\org\springframework\spring-context\6.0.10\spring-context-6.0.10.jar;C:\Users\alvaro.fbarjau\.m2\repository\org\springframework\spring-tx\6.0.10\spring-tx-6.0.10.jar;C:\Users\alvaro.fbarjau\.m2\repository\org\springframework\spring-beans\6.0.10\spring-beans-6.0.10.jar;C:\Users\alvaro.fbarjau\.m2\repository\jakarta\annotation\jakarta.annotation-api\2.1.1\jakarta.annotation-api-2.1.1.jar;C:\Users\alvaro.fbarjau\.m2\repository\org\slf4j\slf4j-api\2.0.7\slf4j-api-2.0.7.jar;C:\Users\alvaro.fbarjau\.m2\repository\org\springframework\spring-aspects\6.0.10\spring-aspects-6.0.10.jar;C:\Users\alvaro.fbarjau\.m2\repository\org\springframework\boot\spring-boot-starter-web\3.1.1\spring-boot-starter-web-3.1.1.jar;C:\Users\alvaro.fbarjau\.m2\repository\org\springframework\boot\spring-boot-starter\3.1.1\spring-boot-starter-3.1.1.jar;C:\Users\alvaro.fbarjau\.m2\repository\org\springframework\boot\spring-boot\3.1.1\spring-boot-3.1.1.jar;C:\Users\alvaro.fbarjau\.m2\repository\org\springframework\boot\spring-boot-autoconfigure\3.1.1\spring-boot-autoconfigure-3.1.1.jar;C:\Users\alvaro.fbarjau\.m2\repository\org\springframework\boot\spring-boot-starter-logging\3.1.1\spring-boot-starter-logging-3.1.1.jar;C:\Users\alvaro.fbarjau\.m2\repository\ch\qos\logback\logback-classic\1.4.8\logback-classic-1.4.8.jar;C:\Users\alvaro.fbarjau\.m2\repository\ch\qos\logback\logback-core\1.4.8\logback-core-1.4.8.jar;C:\Users\alvaro.fbarjau\.m2\repository\org\apache\logging\log4j\log4j-to-slf4j\2.20.0\log4j-to-slf4j-2.20.0.jar;C:\Users\alvaro.fbarjau\.m2\repository\org\apache\logging\log4j\log4j-api\2.20.0\log4j-api-2.20.0.jar;C:\Users\alvaro.fbarjau\.m2\repository\org\slf4j\jul-to-slf4j\2.0.7\jul-to-slf4j-2.0.7.jar;C:\Users\alvaro.fbarjau\.m2\repository\org\yaml\snakeyaml\1.33\snakeyaml-1.33.jar;C:\Users\alvaro.fbarjau\.m2\repository\org\springframework\boot\spring-boot-starter-json\3.1.1\spring-boot-starter-json-3.1.1.jar;C:\Users\alvaro.fbarjau\.m2\repository\com\fasterxml\jackson\core\jackson-databind\2.15.2\jackson-databind-2.15.2.jar;C:\Users\alvaro.fbarjau\.m2\repository\com\fasterxml\jackson\core\jackson-annotations\2.15.2\jackson-annotations-2.15.2.jar;C:\Users\alvaro.fbarjau\.m2\repository\com\fasterxml\jackson\core\jackson-core\2.15.2\jackson-core-2.15.2.jar;C:\Users\alvaro.fbarjau\.m2\repository\com\fasterxml\jackson\datatype\jackson-datatype-jdk8\2.15.2\jackson-datatype-jdk8-2.15.2.jar;C:\Users\alvaro.fbarjau\.m2\repository\com\fasterxml\jackson\datatype\jackson-datatype-jsr310\2.15.2\jackson-datatype-jsr310-2.15.2.jar;C:\Users\alvaro.fbarjau\.m2\repository\com\fasterxml\jackson\module\jackson-module-parameter-names\2.15.2\jackson-module-parameter-names-2.15.2.jar;C:\Users\alvaro.fbarjau\.m2\repository\org\springframework\boot\spring-boot-starter-tomcat\3.1.1\spring-boot-starter-tomcat-3.1.1.jar;C:\Users\alvaro.fbarjau\.m2\repository\org\apache\tomcat\embed\tomcat-embed-core\10.1.10\tomcat-embed-core-10.1.10.jar;C:\Users\alvaro.fbarjau\.m2\repository\org\apache\tomcat\embed\tomcat-embed-el\10.1.10\tomcat-embed-el-10.1.10.jar;C:\Users\alvaro.fbarjau\.m2\repository\org\apache\tomcat\embed\tomcat-embed-websocket\10.1.10\tomcat-embed-websocket-10.1.10.jar;C:\Users\alvaro.fbarjau\.m2\repository\org\springframework\spring-web\6.0.10\spring-web-6.0.10.jar;C:\Users\alvaro.fbarjau\.m2\repository\io\micrometer\micrometer-observation\1.11.1\micrometer-observation-1.11.1.jar;C:\Users\alvaro.fbarjau\.m2\repository\io\micrometer\micrometer-commons\1.11.1\micrometer-commons-1.11.1.jar;C:\Users\alvaro.fbarjau\.m2\repository\org\springframework\spring-webmvc\6.0.10\spring-webmvc-6.0.10.jar;C:\Users\alvaro.fbarjau\.m2\repository\org\springframework\spring-expression\6.0.10\spring-expression-6.0.10.jar;C:\Users\alvaro.fbarjau\.m2\repository\com\h2database\h2\2.1.214\h2-2.1.214.jar;C:\Users\alvaro.fbarjau\.m2\repository\org\projectlombok\lombok\1.18.28\lombok-1.18.28.jar;C:\Users\alvaro.fbarjau\.m2\repository\org\modelmapper\modelmapper\2.4.4\modelmapper-2.4.4.jar;C:\Users\alvaro.fbarjau\.m2\repository\javax\validation\validation-api\2.0.1.Final\validation-api-2.0.1.Final.jar;C:\Users\alvaro.fbarjau\.m2\repository\org\springframework\boot\spring-boot-starter-test\3.1.1\spring-boot-starter-test-3.1.1.jar;C:\Users\alvaro.fbarjau\.m2\repository\org\springframework\boot\spring-boot-test\3.1.1\spring-boot-test-3.1.1.jar;C:\Users\alvaro.fbarjau\.m2\repository\org\springframework\boot\spring-boot-test-autoconfigure\3.1.1\spring-boot-test-autoconfigure-3.1.1.jar;C:\Users\alvaro.fbarjau\.m2\repository\com\jayway\jsonpath\json-path\2.8.0\json-path-2.8.0.jar;C:\Users\alvaro.fbarjau\.m2\repository\jakarta\xml\bind\jakarta.xml.bind-api\4.0.0\jakarta.xml.bind-api-4.0.0.jar;C:\Users\alvaro.fbarjau\.m2\repository\jakarta\activation\jakarta.activation-api\2.1.2\jakarta.activation-api-2.1.2.jar;C:\Users\alvaro.fbarjau\.m2\repository\net\minidev\json-smart\2.4.11\json-smart-2.4.11.jar;C:\Users\alvaro.fbarjau\.m2\repository\net\minidev\accessors-smart\2.4.11\accessors-smart-2.4.11.jar;C:\Users\alvaro.fbarjau\.m2\repository\org\assertj\assertj-core\3.24.2\assertj-core-3.24.2.jar;C:\Users\alvaro.fbarjau\.m2\repository\org\hamcrest\hamcrest\2.2\hamcrest-2.2.jar;C:\Users\alvaro.fbarjau\.m2\repository\org\junit\jupiter\junit-jupiter\5.9.3\junit-jupiter-5.9.3.jar;C:\Users\alvaro.fbarjau\.m2\repository\org\junit\jupiter\junit-jupiter-api\5.9.3\junit-jupiter-api-5.9.3.jar;C:\Users\alvaro.fbarjau\.m2\repository\org\opentest4j\opentest4j\1.2.0\opentest4j-1.2.0.jar;C:\Users\alvaro.fbarjau\.m2\repository\org\junit\platform\junit-platform-commons\1.9.3\junit-platform-commons-1.9.3.jar;C:\Users\alvaro.fbarjau\.m2\repository\org\apiguardian\apiguardian-api\1.1.2\apiguardian-api-1.1.2.jar;C:\Users\alvaro.fbarjau\.m2\repository\org\junit\jupiter\junit-jupiter-params\5.9.3\junit-jupiter-params-5.9.3.jar;C:\Users\alvaro.fbarjau\.m2\repository\org\junit\jupiter\junit-jupiter-engine\5.9.3\junit-jupiter-engine-5.9.3.jar;C:\Users\alvaro.fbarjau\.m2\repository\org\junit\platform\junit-platform-engine\1.9.3\junit-platform-engine-1.9.3.jar;C:\Users\alvaro.fbarjau\.m2\repository\org\mockito\mockito-junit-jupiter\4.8.1\mockito-junit-jupiter-4.8.1.jar;C:\Users\alvaro.fbarjau\.m2\repository\org\skyscreamer\jsonassert\1.5.1\jsonassert-1.5.1.jar;C:\Users\alvaro.fbarjau\.m2\repository\com\vaadin\external\google\android-json\0.0.20131108.vaadin1\android-json-0.0.20131108.vaadin1.jar;C:\Users\alvaro.fbarjau\.m2\repository\org\springframework\spring-core\6.0.10\spring-core-6.0.10.jar;C:\Users\alvaro.fbarjau\.m2\repository\org\springframework\spring-jcl\6.0.10\spring-jcl-6.0.10.jar;C:\Users\alvaro.fbarjau\.m2\repository\org\springframework\spring-test\6.0.10\spring-test-6.0.10.jar;C:\Users\alvaro.fbarjau\.m2\repository\org\xmlunit\xmlunit-core\2.9.1\xmlunit-core-2.9.1.jar;C:\Users\alvaro.fbarjau\.m2\repository\org\springframework\cloud\spring-cloud-starter-openfeign\4.0.3\spring-cloud-starter-openfeign-4.0.3.jar;C:\Users\alvaro.fbarjau\.m2\repository\org\springframework\cloud\spring-cloud-starter\4.0.3\spring-cloud-starter-4.0.3.jar;C:\Users\alvaro.fbarjau\.m2\repository\org\springframework\cloud\spring-cloud-context\4.0.3\spring-cloud-context-4.0.3.jar;C:\Users\alvaro.fbarjau\.m2\repository\org\springframework\security\spring-security-rsa\1.0.11.RELEASE\spring-security-rsa-1.0.11.RELEASE.jar;C:\Users\alvaro.fbarjau\.m2\repository\org\bouncycastle\bcpkix-jdk15on\1.69\bcpkix-jdk15on-1.69.jar;C:\Users\alvaro.fbarjau\.m2\repository\org\bouncycastle\bcprov-jdk15on\1.69\bcprov-jdk15on-1.69.jar;C:\Users\alvaro.fbarjau\.m2\repository\org\bouncycastle\bcutil-jdk15on\1.69\bcutil-jdk15on-1.69.jar;C:\Users\alvaro.fbarjau\.m2\repository\org\springframework\cloud\spring-cloud-openfeign-core\4.0.3\spring-cloud-openfeign-core-4.0.3.jar;C:\Users\alvaro.fbarjau\.m2\repository\io\github\openfeign\form\feign-form-spring\3.8.0\feign-form-spring-3.8.0.jar;C:\Users\alvaro.fbarjau\.m2\repository\io\github\openfeign\form\feign-form\3.8.0\feign-form-3.8.0.jar;C:\Users\alvaro.fbarjau\.m2\repository\commons-fileupload\commons-fileupload\1.4\commons-fileupload-1.4.jar;C:\Users\alvaro.fbarjau\.m2\repository\org\springframework\cloud\spring-cloud-commons\4.0.3\spring-cloud-commons-4.0.3.jar;C:\Users\alvaro.fbarjau\.m2\repository\org\springframework\security\spring-security-crypto\6.1.1\spring-security-crypto-6.1.1.jar;C:\Users\alvaro.fbarjau\.m2\repository\io\github\openfeign\feign-core\12.3\feign-core-12.3.jar;C:\Users\alvaro.fbarjau\.m2\repository\io\github\openfeign\feign-slf4j\12.3\feign-slf4j-12.3.jar;C:\Users\alvaro.fbarjau\.m2\repository\org\mockito\mockito-core\5.4.0\mockito-core-5.4.0.jar;C:\Users\alvaro.fbarjau\.m2\repository\net\bytebuddy\byte-buddy\1.14.5\byte-buddy-1.14.5.jar;C:\Users\alvaro.fbarjau\.m2\repository\net\bytebuddy\byte-buddy-agent\1.14.5\byte-buddy-agent-1.14.5.jar;C:\Users\alvaro.fbarjau\.m2\repository\org\objenesis\objenesis\3.3\objenesis-3.3.jar;C:\Users\alvaro.fbarjau\.m2\repository\org\jacoco\jacoco-maven-plugin\0.8.8\jacoco-maven-plugin-0.8.8.jar;C:\Users\alvaro.fbarjau\.m2\repository\org\codehaus\plexus\plexus-utils\3.0.22\plexus-utils-3.0.22.jar;C:\Users\alvaro.fbarjau\.m2\repository\org\apache\maven\shared\file-management\1.2.1\file-management-1.2.1.jar;C:\Users\alvaro.fbarjau\.m2\repository\org\apache\maven\maven-plugin-api\2.0.6\maven-plugin-api-2.0.6.jar;C:\Users\alvaro.fbarjau\.m2\repository\org\apache\maven\shared\maven-shared-io\1.1\maven-shared-io-1.1.jar;C:\Users\alvaro.fbarjau\.m2\repository\org\apache\maven\maven-artifact\2.0.2\maven-artifact-2.0.2.jar;C:\Users\alvaro.fbarjau\.m2\repository\org\apache\maven\maven-artifact-manager\2.0.2\maven-artifact-manager-2.0.2.jar;C:\Users\alvaro.fbarjau\.m2\repository\org\apache\maven\maven-repository-metadata\2.0.2\maven-repository-metadata-2.0.2.jar;C:\Users\alvaro.fbarjau\.m2\repository\org\apache\maven\wagon\wagon-provider-api\1.0-alpha-6\wagon-provider-api-1.0-alpha-6.jar;C:\Users\alvaro.fbarjau\.m2\repository\org\codehaus\plexus\plexus-container-default\1.0-alpha-9\plexus-container-default-1.0-alpha-9.jar;C:\Users\alvaro.fbarjau\.m2\repository\junit\junit\4.13.2\junit-4.13.2.jar;C:\Users\alvaro.fbarjau\.m2\repository\org\hamcrest\hamcrest-core\2.2\hamcrest-core-2.2.jar;C:\Users\alvaro.fbarjau\.m2\repository\classworlds\classworlds\1.1-alpha-2\classworlds-1.1-alpha-2.jar;C:\Users\alvaro.fbarjau\.m2\repository\org\apache\maven\reporting\maven-reporting-api\3.0\maven-reporting-api-3.0.jar;C:\Users\alvaro.fbarjau\.m2\repository\org\apache\maven\doxia\doxia-sink-api\1.0\doxia-sink-api-1.0.jar;C:\Users\alvaro.fbarjau\.m2\repository\org\jacoco\org.jacoco.agent\0.8.8\org.jacoco.agent-0.8.8-runtime.jar;C:\Users\alvaro.fbarjau\.m2\repository\org\jacoco\org.jacoco.core\0.8.8\org.jacoco.core-0.8.8.jar;C:\Users\alvaro.fbarjau\.m2\repository\org\ow2\asm\asm\9.2\asm-9.2.jar;C:\Users\alvaro.fbarjau\.m2\repository\org\ow2\asm\asm-commons\9.2\asm-commons-9.2.jar;C:\Users\alvaro.fbarjau\.m2\repository\org\ow2\asm\asm-analysis\9.2\asm-analysis-9.2.jar;C:\Users\alvaro.fbarjau\.m2\repository\org\ow2\asm\asm-tree\9.2\asm-tree-9.2.jar;C:\Users\alvaro.fbarjau\.m2\repository\org\jacoco\org.jacoco.report\0.8.8\org.jacoco.report-0.8.8.jar;"/>
    <property name="sun.cpu.endian" value="little"/>
    <property name="user.home" value="C:\Users\alvaro.fbarjau"/>
    <property name="user.language" value="es"/>
    <property name="java.specification.vendor" value="Oracle Corporation"/>
    <property name="java.version.date" value="2023-04-18"/>
    <property name="java.home" value="C:\Program Files\Java\jdk-17"/>
    <property name="file.separator" value="\"/>
    <property name="basedir" value="C:\Users\alvaro.fbarjau\IdeaProjects\block13-JUnit-Testing-avanzado"/>
    <property name="java.vm.compressedOopsMode" value="Zero based"/>
    <property name="line.separator" value="&#10;"/>
    <property name="java.vm.specification.vendor" value="Oracle Corporation"/>
    <property name="java.specification.name" value="Java Platform API Specification"/>
    <property name="FILE_LOG_CHARSET" value="windows-1252"/>
    <property name="java.awt.headless" value="true"/>
    <property name="surefire.real.class.path" value="C:\Users\alvaro.fbarjau\AppData\Local\Temp\surefire13247131705000468656\surefirebooter-20230720144104660_3.jar"/>
    <property name="user.script" value=""/>
    <property name="sun.management.compiler" value="HotSpot 64-Bit Tiered Compilers"/>
    <property name="java.runtime.version" value="17.0.7+8-LTS-224"/>
    <property name="user.name" value="alvaro.fbarjau"/>
    <property name="path.separator" value=";"/>
    <property name="os.version" value="10.0"/>
    <property name="java.runtime.name" value="Java(TM) SE Runtime Environment"/>
    <property name="file.encoding" value="Cp1252"/>
    <property name="java.vm.name" value="Java HotSpot(TM) 64-Bit Server VM"/>
    <property name="localRepository" value="C:\Users\alvaro.fbarjau\.m2\repository"/>
    <property name="java.vendor.url.bug" value="https://bugreport.java.com/bugreport/"/>
    <property name="java.io.tmpdir" value="C:\Users\ALVARO~1.FBA\AppData\Local\Temp\"/>
    <property name="sonar.token" value="sqp_0c97c9342db184f33635676ce3919a80730c8063"/>
    <property name="com.zaxxer.hikari.pool_number" value="2"/>
    <property name="java.version" value="17.0.7"/>
    <property name="user.dir" value="C:\Users\alvaro.fbarjau\IdeaProjects\block13-JUnit-Testing-avanzado"/>
    <property name="os.arch" value="amd64"/>
    <property name="java.vm.specification.name" value="Java Virtual Machine Specification"/>
    <property name="PID" value="13848"/>
    <property name="sun.os.patch.level" value=""/>
    <property name="CONSOLE_LOG_CHARSET" value="windows-1252"/>
    <property name="native.encoding" value="Cp1252"/>
    <property name="sonar.projectKey" value="block13-JUnit-Testing-avanzado"/>
    <property name="java.library.path" value="C:\Program Files\Java\jdk-17\bin;C:\Windows\Sun\Java\bin;C:\Windows\system32;C:\Windows;C:\Program Files\Common Files\Oracle\Java\javapath;C:\Windows\system32;C:\Windows;C:\Windows\System32\Wbem;C:\Windows\System32\WindowsPowerShell\v1.0\;C:\Windows\System32\OpenSSH\;C:\Program Files (x86)\Microsoft SQL Server\160\Tools\Binn\;C:\Program Files\Microsoft SQL Server\160\Tools\Binn\;C:\Program Files\Microsoft SQL Server\Client SDK\ODBC\170\Tools\Binn\;C:\Program Files\Microsoft SQL Server\160\DTS\Binn\;C:\Program Files (x86)\Microsoft SQL Server\160\DTS\Binn\;C:\Program Files\Azure Data Studio\bin;C:\Program Files\Git\cmd;C:\Users\alvaro.fbarjau\Documents\apache-maven-3.9.2-bin\apache-maven-3.9.2\bin;C:\Program Files\Docker\Docker\resources\bin;C:\Program Files\MongoDB\Server\6.0\bin;C:\Users\alvaro.fbarjau\sonar-scanner-cli\sonar-scanner-4.7.0.2747-windows\bin;C:\Users\alvaro.fbarjau\kafka\bin;C:\Users\alvaro.fbarjau\AppData\Local\Microsoft\WindowsApps;C:\Program Files\Azure Data Studio\bin;C:\Users\alvaro.fbarjau\AppData\Local\Programs\Microsoft VS Code\bin;C:\Users\alvaro.fbarjau\Documents\apache-maven-3.9.2-bin\apache-maven-3.9.2\bin;;."/>
    <property name="java.vm.info" value="mixed mode, sharing"/>
    <property name="java.vendor" value="Oracle Corporation"/>
    <property name="java.vm.version" value="17.0.7+8-LTS-224"/>
    <property name="sun.io.unicode.encoding" value="UnicodeLittle"/>
    <property name="java.class.version" value="61.0"/>
  </properties>
  <testcase name="getAllTeachers" classname="com.example.block7crudvalidation.infrastructure.controller.TeacherControllerTest" time="0.021">
    <error message="No person found with id: 1" type="java.lang.RuntimeException"><![CDATA[java.lang.RuntimeException: No person found with id: 1
	at com.example.block7crudvalidation.teacher.application.TeacherServiceImpl.lambda$addTeacher$0(TeacherServiceImpl.java:27)
	at java.base/java.util.Optional.orElseThrow(Optional.java:403)
	at com.example.block7crudvalidation.teacher.application.TeacherServiceImpl.addTeacher(TeacherServiceImpl.java:27)
	at com.example.block7crudvalidation.infrastructure.controller.TeacherControllerTest.getAllTeachers(TeacherControllerTest.java:95)
	at java.base/jdk.internal.reflect.NativeMethodAccessorImpl.invoke0(Native Method)
	at java.base/jdk.internal.reflect.NativeMethodAccessorImpl.invoke(NativeMethodAccessorImpl.java:77)
	at java.base/jdk.internal.reflect.DelegatingMethodAccessorImpl.invoke(DelegatingMethodAccessorImpl.java:43)
	at java.base/java.lang.reflect.Method.invoke(Method.java:568)
	at org.junit.platform.commons.util.ReflectionUtils.invokeMethod(ReflectionUtils.java:727)
	at org.junit.jupiter.engine.execution.MethodInvocation.proceed(MethodInvocation.java:60)
	at org.junit.jupiter.engine.execution.InvocationInterceptorChain$ValidatingInvocation.proceed(InvocationInterceptorChain.java:131)
	at org.junit.jupiter.engine.extension.TimeoutExtension.intercept(TimeoutExtension.java:156)
	at org.junit.jupiter.engine.extension.TimeoutExtension.interceptTestableMethod(TimeoutExtension.java:147)
	at org.junit.jupiter.engine.extension.TimeoutExtension.interceptTestMethod(TimeoutExtension.java:86)
	at org.junit.jupiter.engine.execution.InterceptingExecutableInvoker$ReflectiveInterceptorCall.lambda$ofVoidMethod$0(InterceptingExecutableInvoker.java:103)
	at org.junit.jupiter.engine.execution.InterceptingExecutableInvoker.lambda$invoke$0(InterceptingExecutableInvoker.java:93)
	at org.junit.jupiter.engine.execution.InvocationInterceptorChain$InterceptedInvocation.proceed(InvocationInterceptorChain.java:106)
	at org.junit.jupiter.engine.execution.InvocationInterceptorChain.proceed(InvocationInterceptorChain.java:64)
	at org.junit.jupiter.engine.execution.InvocationInterceptorChain.chainAndInvoke(InvocationInterceptorChain.java:45)
	at org.junit.jupiter.engine.execution.InvocationInterceptorChain.invoke(InvocationInterceptorChain.java:37)
	at org.junit.jupiter.engine.execution.InterceptingExecutableInvoker.invoke(InterceptingExecutableInvoker.java:92)
	at org.junit.jupiter.engine.execution.InterceptingExecutableInvoker.invoke(InterceptingExecutableInvoker.java:86)
	at org.junit.jupiter.engine.descriptor.TestMethodTestDescriptor.lambda$invokeTestMethod$7(TestMethodTestDescriptor.java:217)
	at org.junit.platform.engine.support.hierarchical.ThrowableCollector.execute(ThrowableCollector.java:73)
	at org.junit.jupiter.engine.descriptor.TestMethodTestDescriptor.invokeTestMethod(TestMethodTestDescriptor.java:213)
	at org.junit.jupiter.engine.descriptor.TestMethodTestDescriptor.execute(TestMethodTestDescriptor.java:138)
	at org.junit.jupiter.engine.descriptor.TestMethodTestDescriptor.execute(TestMethodTestDescriptor.java:68)
	at org.junit.platform.engine.support.hierarchical.NodeTestTask.lambda$executeRecursively$6(NodeTestTask.java:151)
	at org.junit.platform.engine.support.hierarchical.ThrowableCollector.execute(ThrowableCollector.java:73)
	at org.junit.platform.engine.support.hierarchical.NodeTestTask.lambda$executeRecursively$8(NodeTestTask.java:141)
	at org.junit.platform.engine.support.hierarchical.Node.around(Node.java:137)
	at org.junit.platform.engine.support.hierarchical.NodeTestTask.lambda$executeRecursively$9(NodeTestTask.java:139)
	at org.junit.platform.engine.support.hierarchical.ThrowableCollector.execute(ThrowableCollector.java:73)
	at org.junit.platform.engine.support.hierarchical.NodeTestTask.executeRecursively(NodeTestTask.java:138)
	at org.junit.platform.engine.support.hierarchical.NodeTestTask.execute(NodeTestTask.java:95)
	at java.base/java.util.ArrayList.forEach(ArrayList.java:1511)
	at org.junit.platform.engine.support.hierarchical.SameThreadHierarchicalTestExecutorService.invokeAll(SameThreadHierarchicalTestExecutorService.java:41)
	at org.junit.platform.engine.support.hierarchical.NodeTestTask.lambda$executeRecursively$6(NodeTestTask.java:155)
	at org.junit.platform.engine.support.hierarchical.ThrowableCollector.execute(ThrowableCollector.java:73)
	at org.junit.platform.engine.support.hierarchical.NodeTestTask.lambda$executeRecursively$8(NodeTestTask.java:141)
	at org.junit.platform.engine.support.hierarchical.Node.around(Node.java:137)
	at org.junit.platform.engine.support.hierarchical.NodeTestTask.lambda$executeRecursively$9(NodeTestTask.java:139)
	at org.junit.platform.engine.support.hierarchical.ThrowableCollector.execute(ThrowableCollector.java:73)
	at org.junit.platform.engine.support.hierarchical.NodeTestTask.executeRecursively(NodeTestTask.java:138)
	at org.junit.platform.engine.support.hierarchical.NodeTestTask.execute(NodeTestTask.java:95)
	at java.base/java.util.ArrayList.forEach(ArrayList.java:1511)
	at org.junit.platform.engine.support.hierarchical.SameThreadHierarchicalTestExecutorService.invokeAll(SameThreadHierarchicalTestExecutorService.java:41)
	at org.junit.platform.engine.support.hierarchical.NodeTestTask.lambda$executeRecursively$6(NodeTestTask.java:155)
	at org.junit.platform.engine.support.hierarchical.ThrowableCollector.execute(ThrowableCollector.java:73)
	at org.junit.platform.engine.support.hierarchical.NodeTestTask.lambda$executeRecursively$8(NodeTestTask.java:141)
	at org.junit.platform.engine.support.hierarchical.Node.around(Node.java:137)
	at org.junit.platform.engine.support.hierarchical.NodeTestTask.lambda$executeRecursively$9(NodeTestTask.java:139)
	at org.junit.platform.engine.support.hierarchical.ThrowableCollector.execute(ThrowableCollector.java:73)
	at org.junit.platform.engine.support.hierarchical.NodeTestTask.executeRecursively(NodeTestTask.java:138)
	at org.junit.platform.engine.support.hierarchical.NodeTestTask.execute(NodeTestTask.java:95)
	at org.junit.platform.engine.support.hierarchical.SameThreadHierarchicalTestExecutorService.submit(SameThreadHierarchicalTestExecutorService.java:35)
	at org.junit.platform.engine.support.hierarchical.HierarchicalTestExecutor.execute(HierarchicalTestExecutor.java:57)
	at org.junit.platform.engine.support.hierarchical.HierarchicalTestEngine.execute(HierarchicalTestEngine.java:54)
	at org.junit.platform.launcher.core.EngineExecutionOrchestrator.execute(EngineExecutionOrchestrator.java:147)
	at org.junit.platform.launcher.core.EngineExecutionOrchestrator.execute(EngineExecutionOrchestrator.java:127)
	at org.junit.platform.launcher.core.EngineExecutionOrchestrator.execute(EngineExecutionOrchestrator.java:90)
	at org.junit.platform.launcher.core.EngineExecutionOrchestrator.lambda$execute$0(EngineExecutionOrchestrator.java:55)
	at org.junit.platform.launcher.core.EngineExecutionOrchestrator.withInterceptedStreams(EngineExecutionOrchestrator.java:102)
	at org.junit.platform.launcher.core.EngineExecutionOrchestrator.execute(EngineExecutionOrchestrator.java:54)
	at org.junit.platform.launcher.core.DefaultLauncher.execute(DefaultLauncher.java:114)
	at org.junit.platform.launcher.core.DefaultLauncher.execute(DefaultLauncher.java:86)
	at org.junit.platform.launcher.core.DefaultLauncherSession$DelegatingLauncher.execute(DefaultLauncherSession.java:86)
	at org.apache.maven.surefire.junitplatform.LazyLauncher.execute(LazyLauncher.java:50)
	at org.apache.maven.surefire.junitplatform.JUnitPlatformProvider.execute(JUnitPlatformProvider.java:184)
	at org.apache.maven.surefire.junitplatform.JUnitPlatformProvider.invokeAllTests(JUnitPlatformProvider.java:148)
	at org.apache.maven.surefire.junitplatform.JUnitPlatformProvider.invoke(JUnitPlatformProvider.java:122)
	at org.apache.maven.surefire.booter.ForkedBooter.runSuitesInProcess(ForkedBooter.java:385)
	at org.apache.maven.surefire.booter.ForkedBooter.execute(ForkedBooter.java:162)
	at org.apache.maven.surefire.booter.ForkedBooter.run(ForkedBooter.java:507)
	at org.apache.maven.surefire.booter.ForkedBooter.main(ForkedBooter.java:495)
]]></error>
    <system-out><![CDATA[2023-07-20T14:41:29.903+02:00  INFO 13848 --- [           main] t.c.s.AnnotationConfigContextLoaderUtils : Could not detect default configuration classes for test class [com.example.block7crudvalidation.infrastructure.controller.TeacherControllerTest]: TeacherControllerTest does not declare any static, non-private, non-final, nested classes annotated with @Configuration.
2023-07-20T14:41:29.913+02:00  INFO 13848 --- [           main] .b.t.c.SpringBootTestContextBootstrapper : Found @SpringBootConfiguration com.example.block7crudvalidation.Block7CrudValidationApplication for test class com.example.block7crudvalidation.infrastructure.controller.TeacherControllerTest
Hibernate: 
    insert 
    into
        persons
        (active,city,company_email,created_date,image_url,name,password,personal_email,student_id_student,surname,teacher_id_teacher,termination_date,username,id_person) 
    values
        (?,?,?,?,?,?,?,?,?,?,?,?,?,?)
Hibernate: 
    select
        p1_0.id_person,
        p1_0.active,
        p1_0.city,
        p1_0.company_email,
        p1_0.created_date,
        p1_0.image_url,
        p1_0.name,
        p1_0.password,
        p1_0.personal_email,
        s1_0.id_student,
        s1_0.branch,
        s1_0.comments,
        s1_0.num_hours_week,
        p2_0.id_person,
        p2_0.active,
        p2_0.city,
        p2_0.company_email,
        p2_0.created_date,
        p2_0.image_url,
        p2_0.name,
        p2_0.password,
        p2_0.personal_email,
        p2_0.student_id_student,
        p2_0.surname,
        t1_0.id_teacher,
        t1_0.branch,
        t1_0.comments,
        p3_0.id_person,
        p3_0.active,
        p3_0.city,
        p3_0.company_email,
        p3_0.created_date,
        p3_0.image_url,
        p3_0.name,
        p3_0.password,
        p3_0.personal_email,
        p3_0.student_id_student,
        p3_0.surname,
        p3_0.teacher_id_teacher,
        p3_0.termination_date,
        p3_0.username,
        p2_0.termination_date,
        p2_0.username,
        t3_0.id_teacher,
        t3_0.branch,
        t3_0.comments,
        p4_0.id_person,
        p4_0.active,
        p4_0.city,
        p4_0.company_email,
        p4_0.created_date,
        p4_0.image_url,
        p4_0.name,
        p4_0.password,
        p4_0.personal_email,
        p4_0.student_id_student,
        p4_0.surname,
        t4_0.id_teacher,
        t4_0.branch,
        t4_0.comments,
        t4_0.id_person,
        p4_0.termination_date,
        p4_0.username,
        s5_0.student_id_student,
        s5_1.id_subject,
        s5_1.comments,
        s5_1.finish_date,
        s5_1.initial_date,
        s5_1.name,
        t5_0.id_teacher,
        t5_0.branch,
        t5_0.comments,
        p6_0.id_person,
        p6_0.active,
        p6_0.city,
        p6_0.company_email,
        p6_0.created_date,
        p6_0.image_url,
        p6_0.name,
        p6_0.password,
        p6_0.personal_email,
        p6_0.student_id_student,
        p6_0.surname,
        t6_0.id_teacher,
        t6_0.branch,
        t6_0.comments,
        t6_0.id_person,
        p6_0.termination_date,
        p6_0.username,
        p1_0.surname,
        t7_0.id_teacher,
        t7_0.branch,
        t7_0.comments,
        p8_0.id_person,
        p8_0.active,
        p8_0.city,
        p8_0.company_email,
        p8_0.created_date,
        p8_0.image_url,
        p8_0.name,
        p8_0.password,
        p8_0.personal_email,
        s7_0.id_student,
        s7_0.branch,
        s7_0.comments,
        s7_0.num_hours_week,
        p9_0.id_person,
        p9_0.active,
        p9_0.city,
        p9_0.company_email,
        p9_0.created_date,
        p9_0.image_url,
        p9_0.name,
        p9_0.password,
        p9_0.personal_email,
        p9_0.student_id_student,
        p9_0.surname,
        p9_0.teacher_id_teacher,
        p9_0.termination_date,
        p9_0.username,
        t9_0.id_teacher,
        t9_0.branch,
        t9_0.comments,
        t9_0.id_person,
        p8_0.surname,
        p8_0.teacher_id_teacher,
        p8_0.termination_date,
        p8_0.username,
        p1_0.termination_date,
        p1_0.username 
    from
        persons p1_0 
    left join
        students s1_0 
            on s1_0.id_student=p1_0.student_id_student 
    left join
        persons p2_0 
            on p2_0.id_person=s1_0.id_person 
    left join
        teachers t1_0 
            on t1_0.id_teacher=p2_0.teacher_id_teacher 
    left join
        persons p3_0 
            on p3_0.id_person=t1_0.id_person 
    left join
        teachers t3_0 
            on t3_0.id_teacher=s1_0.id_teacher 
    left join
        persons p4_0 
            on p4_0.id_person=t3_0.id_person 
    left join
        teachers t4_0 
            on t4_0.id_teacher=p4_0.teacher_id_teacher 
    left join
        (students_subjects s5_0 
    join
        subjects s5_1 
            on s5_1.id_subject=s5_0.subjects_id_subject) 
                on s1_0.id_student=s5_0.student_id_student 
        left join
            teachers t5_0 
                on t5_0.id_teacher=s5_1.id_teacher 
        left join
            persons p6_0 
                on p6_0.id_person=t5_0.id_person 
        left join
            teachers t6_0 
                on t6_0.id_teacher=p6_0.teacher_id_teacher 
        left join
            teachers t7_0 
                on t7_0.id_teacher=p1_0.teacher_id_teacher 
        left join
            persons p8_0 
                on p8_0.id_person=t7_0.id_person 
        left join
            students s7_0 
                on s7_0.id_student=p8_0.student_id_student 
        left join
            persons p9_0 
                on p9_0.id_person=s7_0.id_person 
        left join
            teachers t9_0 
                on t9_0.id_teacher=s7_0.id_teacher 
        where
            p1_0.id_person=?
Hibernate: 
    select
        t1_0.id_teacher,
        t1_0.branch,
        t1_0.comments,
        t1_0.id_person 
    from
        teachers t1_0
]]></system-out>
  </testcase>
  <testcase name="deleteTeacher" classname="com.example.block7crudvalidation.infrastructure.controller.TeacherControllerTest" time="0.024">
    <error message="No person found with id: 1" type="java.lang.RuntimeException"><![CDATA[java.lang.RuntimeException: No person found with id: 1
	at com.example.block7crudvalidation.teacher.application.TeacherServiceImpl.lambda$addTeacher$0(TeacherServiceImpl.java:27)
	at java.base/java.util.Optional.orElseThrow(Optional.java:403)
	at com.example.block7crudvalidation.teacher.application.TeacherServiceImpl.addTeacher(TeacherServiceImpl.java:27)
	at com.example.block7crudvalidation.infrastructure.controller.TeacherControllerTest.deleteTeacher(TeacherControllerTest.java:150)
	at java.base/jdk.internal.reflect.NativeMethodAccessorImpl.invoke0(Native Method)
	at java.base/jdk.internal.reflect.NativeMethodAccessorImpl.invoke(NativeMethodAccessorImpl.java:77)
	at java.base/jdk.internal.reflect.DelegatingMethodAccessorImpl.invoke(DelegatingMethodAccessorImpl.java:43)
	at java.base/java.lang.reflect.Method.invoke(Method.java:568)
	at org.junit.platform.commons.util.ReflectionUtils.invokeMethod(ReflectionUtils.java:727)
	at org.junit.jupiter.engine.execution.MethodInvocation.proceed(MethodInvocation.java:60)
	at org.junit.jupiter.engine.execution.InvocationInterceptorChain$ValidatingInvocation.proceed(InvocationInterceptorChain.java:131)
	at org.junit.jupiter.engine.extension.TimeoutExtension.intercept(TimeoutExtension.java:156)
	at org.junit.jupiter.engine.extension.TimeoutExtension.interceptTestableMethod(TimeoutExtension.java:147)
	at org.junit.jupiter.engine.extension.TimeoutExtension.interceptTestMethod(TimeoutExtension.java:86)
	at org.junit.jupiter.engine.execution.InterceptingExecutableInvoker$ReflectiveInterceptorCall.lambda$ofVoidMethod$0(InterceptingExecutableInvoker.java:103)
	at org.junit.jupiter.engine.execution.InterceptingExecutableInvoker.lambda$invoke$0(InterceptingExecutableInvoker.java:93)
	at org.junit.jupiter.engine.execution.InvocationInterceptorChain$InterceptedInvocation.proceed(InvocationInterceptorChain.java:106)
	at org.junit.jupiter.engine.execution.InvocationInterceptorChain.proceed(InvocationInterceptorChain.java:64)
	at org.junit.jupiter.engine.execution.InvocationInterceptorChain.chainAndInvoke(InvocationInterceptorChain.java:45)
	at org.junit.jupiter.engine.execution.InvocationInterceptorChain.invoke(InvocationInterceptorChain.java:37)
	at org.junit.jupiter.engine.execution.InterceptingExecutableInvoker.invoke(InterceptingExecutableInvoker.java:92)
	at org.junit.jupiter.engine.execution.InterceptingExecutableInvoker.invoke(InterceptingExecutableInvoker.java:86)
	at org.junit.jupiter.engine.descriptor.TestMethodTestDescriptor.lambda$invokeTestMethod$7(TestMethodTestDescriptor.java:217)
	at org.junit.platform.engine.support.hierarchical.ThrowableCollector.execute(ThrowableCollector.java:73)
	at org.junit.jupiter.engine.descriptor.TestMethodTestDescriptor.invokeTestMethod(TestMethodTestDescriptor.java:213)
	at org.junit.jupiter.engine.descriptor.TestMethodTestDescriptor.execute(TestMethodTestDescriptor.java:138)
	at org.junit.jupiter.engine.descriptor.TestMethodTestDescriptor.execute(TestMethodTestDescriptor.java:68)
	at org.junit.platform.engine.support.hierarchical.NodeTestTask.lambda$executeRecursively$6(NodeTestTask.java:151)
	at org.junit.platform.engine.support.hierarchical.ThrowableCollector.execute(ThrowableCollector.java:73)
	at org.junit.platform.engine.support.hierarchical.NodeTestTask.lambda$executeRecursively$8(NodeTestTask.java:141)
	at org.junit.platform.engine.support.hierarchical.Node.around(Node.java:137)
	at org.junit.platform.engine.support.hierarchical.NodeTestTask.lambda$executeRecursively$9(NodeTestTask.java:139)
	at org.junit.platform.engine.support.hierarchical.ThrowableCollector.execute(ThrowableCollector.java:73)
	at org.junit.platform.engine.support.hierarchical.NodeTestTask.executeRecursively(NodeTestTask.java:138)
	at org.junit.platform.engine.support.hierarchical.NodeTestTask.execute(NodeTestTask.java:95)
	at java.base/java.util.ArrayList.forEach(ArrayList.java:1511)
	at org.junit.platform.engine.support.hierarchical.SameThreadHierarchicalTestExecutorService.invokeAll(SameThreadHierarchicalTestExecutorService.java:41)
	at org.junit.platform.engine.support.hierarchical.NodeTestTask.lambda$executeRecursively$6(NodeTestTask.java:155)
	at org.junit.platform.engine.support.hierarchical.ThrowableCollector.execute(ThrowableCollector.java:73)
	at org.junit.platform.engine.support.hierarchical.NodeTestTask.lambda$executeRecursively$8(NodeTestTask.java:141)
	at org.junit.platform.engine.support.hierarchical.Node.around(Node.java:137)
	at org.junit.platform.engine.support.hierarchical.NodeTestTask.lambda$executeRecursively$9(NodeTestTask.java:139)
	at org.junit.platform.engine.support.hierarchical.ThrowableCollector.execute(ThrowableCollector.java:73)
	at org.junit.platform.engine.support.hierarchical.NodeTestTask.executeRecursively(NodeTestTask.java:138)
	at org.junit.platform.engine.support.hierarchical.NodeTestTask.execute(NodeTestTask.java:95)
	at java.base/java.util.ArrayList.forEach(ArrayList.java:1511)
	at org.junit.platform.engine.support.hierarchical.SameThreadHierarchicalTestExecutorService.invokeAll(SameThreadHierarchicalTestExecutorService.java:41)
	at org.junit.platform.engine.support.hierarchical.NodeTestTask.lambda$executeRecursively$6(NodeTestTask.java:155)
	at org.junit.platform.engine.support.hierarchical.ThrowableCollector.execute(ThrowableCollector.java:73)
	at org.junit.platform.engine.support.hierarchical.NodeTestTask.lambda$executeRecursively$8(NodeTestTask.java:141)
	at org.junit.platform.engine.support.hierarchical.Node.around(Node.java:137)
	at org.junit.platform.engine.support.hierarchical.NodeTestTask.lambda$executeRecursively$9(NodeTestTask.java:139)
	at org.junit.platform.engine.support.hierarchical.ThrowableCollector.execute(ThrowableCollector.java:73)
	at org.junit.platform.engine.support.hierarchical.NodeTestTask.executeRecursively(NodeTestTask.java:138)
	at org.junit.platform.engine.support.hierarchical.NodeTestTask.execute(NodeTestTask.java:95)
	at org.junit.platform.engine.support.hierarchical.SameThreadHierarchicalTestExecutorService.submit(SameThreadHierarchicalTestExecutorService.java:35)
	at org.junit.platform.engine.support.hierarchical.HierarchicalTestExecutor.execute(HierarchicalTestExecutor.java:57)
	at org.junit.platform.engine.support.hierarchical.HierarchicalTestEngine.execute(HierarchicalTestEngine.java:54)
	at org.junit.platform.launcher.core.EngineExecutionOrchestrator.execute(EngineExecutionOrchestrator.java:147)
	at org.junit.platform.launcher.core.EngineExecutionOrchestrator.execute(EngineExecutionOrchestrator.java:127)
	at org.junit.platform.launcher.core.EngineExecutionOrchestrator.execute(EngineExecutionOrchestrator.java:90)
	at org.junit.platform.launcher.core.EngineExecutionOrchestrator.lambda$execute$0(EngineExecutionOrchestrator.java:55)
	at org.junit.platform.launcher.core.EngineExecutionOrchestrator.withInterceptedStreams(EngineExecutionOrchestrator.java:102)
	at org.junit.platform.launcher.core.EngineExecutionOrchestrator.execute(EngineExecutionOrchestrator.java:54)
	at org.junit.platform.launcher.core.DefaultLauncher.execute(DefaultLauncher.java:114)
	at org.junit.platform.launcher.core.DefaultLauncher.execute(DefaultLauncher.java:86)
	at org.junit.platform.launcher.core.DefaultLauncherSession$DelegatingLauncher.execute(DefaultLauncherSession.java:86)
	at org.apache.maven.surefire.junitplatform.LazyLauncher.execute(LazyLauncher.java:50)
	at org.apache.maven.surefire.junitplatform.JUnitPlatformProvider.execute(JUnitPlatformProvider.java:184)
	at org.apache.maven.surefire.junitplatform.JUnitPlatformProvider.invokeAllTests(JUnitPlatformProvider.java:148)
	at org.apache.maven.surefire.junitplatform.JUnitPlatformProvider.invoke(JUnitPlatformProvider.java:122)
	at org.apache.maven.surefire.booter.ForkedBooter.runSuitesInProcess(ForkedBooter.java:385)
	at org.apache.maven.surefire.booter.ForkedBooter.execute(ForkedBooter.java:162)
	at org.apache.maven.surefire.booter.ForkedBooter.run(ForkedBooter.java:507)
	at org.apache.maven.surefire.booter.ForkedBooter.main(ForkedBooter.java:495)
]]></error>
    <system-out><![CDATA[Hibernate: 
    insert 
    into
        persons
        (active,city,company_email,created_date,image_url,name,password,personal_email,student_id_student,surname,teacher_id_teacher,termination_date,username,id_person) 
    values
        (?,?,?,?,?,?,?,?,?,?,?,?,?,?)
Hibernate: 
    select
        p1_0.id_person,
        p1_0.active,
        p1_0.city,
        p1_0.company_email,
        p1_0.created_date,
        p1_0.image_url,
        p1_0.name,
        p1_0.password,
        p1_0.personal_email,
        s1_0.id_student,
        s1_0.branch,
        s1_0.comments,
        s1_0.num_hours_week,
        p2_0.id_person,
        p2_0.active,
        p2_0.city,
        p2_0.company_email,
        p2_0.created_date,
        p2_0.image_url,
        p2_0.name,
        p2_0.password,
        p2_0.personal_email,
        p2_0.student_id_student,
        p2_0.surname,
        t1_0.id_teacher,
        t1_0.branch,
        t1_0.comments,
        p3_0.id_person,
        p3_0.active,
        p3_0.city,
        p3_0.company_email,
        p3_0.created_date,
        p3_0.image_url,
        p3_0.name,
        p3_0.password,
        p3_0.personal_email,
        p3_0.student_id_student,
        p3_0.surname,
        p3_0.teacher_id_teacher,
        p3_0.termination_date,
        p3_0.username,
        p2_0.termination_date,
        p2_0.username,
        t3_0.id_teacher,
        t3_0.branch,
        t3_0.comments,
        p4_0.id_person,
        p4_0.active,
        p4_0.city,
        p4_0.company_email,
        p4_0.created_date,
        p4_0.image_url,
        p4_0.name,
        p4_0.password,
        p4_0.personal_email,
        p4_0.student_id_student,
        p4_0.surname,
        t4_0.id_teacher,
        t4_0.branch,
        t4_0.comments,
        t4_0.id_person,
        p4_0.termination_date,
        p4_0.username,
        s5_0.student_id_student,
        s5_1.id_subject,
        s5_1.comments,
        s5_1.finish_date,
        s5_1.initial_date,
        s5_1.name,
        t5_0.id_teacher,
        t5_0.branch,
        t5_0.comments,
        p6_0.id_person,
        p6_0.active,
        p6_0.city,
        p6_0.company_email,
        p6_0.created_date,
        p6_0.image_url,
        p6_0.name,
        p6_0.password,
        p6_0.personal_email,
        p6_0.student_id_student,
        p6_0.surname,
        t6_0.id_teacher,
        t6_0.branch,
        t6_0.comments,
        t6_0.id_person,
        p6_0.termination_date,
        p6_0.username,
        p1_0.surname,
        t7_0.id_teacher,
        t7_0.branch,
        t7_0.comments,
        p8_0.id_person,
        p8_0.active,
        p8_0.city,
        p8_0.company_email,
        p8_0.created_date,
        p8_0.image_url,
        p8_0.name,
        p8_0.password,
        p8_0.personal_email,
        s7_0.id_student,
        s7_0.branch,
        s7_0.comments,
        s7_0.num_hours_week,
        p9_0.id_person,
        p9_0.active,
        p9_0.city,
        p9_0.company_email,
        p9_0.created_date,
        p9_0.image_url,
        p9_0.name,
        p9_0.password,
        p9_0.personal_email,
        p9_0.student_id_student,
        p9_0.surname,
        p9_0.teacher_id_teacher,
        p9_0.termination_date,
        p9_0.username,
        t9_0.id_teacher,
        t9_0.branch,
        t9_0.comments,
        t9_0.id_person,
        p8_0.surname,
        p8_0.teacher_id_teacher,
        p8_0.termination_date,
        p8_0.username,
        p1_0.termination_date,
        p1_0.username 
    from
        persons p1_0 
    left join
        students s1_0 
            on s1_0.id_student=p1_0.student_id_student 
    left join
        persons p2_0 
            on p2_0.id_person=s1_0.id_person 
    left join
        teachers t1_0 
            on t1_0.id_teacher=p2_0.teacher_id_teacher 
    left join
        persons p3_0 
            on p3_0.id_person=t1_0.id_person 
    left join
        teachers t3_0 
            on t3_0.id_teacher=s1_0.id_teacher 
    left join
        persons p4_0 
            on p4_0.id_person=t3_0.id_person 
    left join
        teachers t4_0 
            on t4_0.id_teacher=p4_0.teacher_id_teacher 
    left join
        (students_subjects s5_0 
    join
        subjects s5_1 
            on s5_1.id_subject=s5_0.subjects_id_subject) 
                on s1_0.id_student=s5_0.student_id_student 
        left join
            teachers t5_0 
                on t5_0.id_teacher=s5_1.id_teacher 
        left join
            persons p6_0 
                on p6_0.id_person=t5_0.id_person 
        left join
            teachers t6_0 
                on t6_0.id_teacher=p6_0.teacher_id_teacher 
        left join
            teachers t7_0 
                on t7_0.id_teacher=p1_0.teacher_id_teacher 
        left join
            persons p8_0 
                on p8_0.id_person=t7_0.id_person 
        left join
            students s7_0 
                on s7_0.id_student=p8_0.student_id_student 
        left join
            persons p9_0 
                on p9_0.id_person=s7_0.id_person 
        left join
            teachers t9_0 
                on t9_0.id_teacher=s7_0.id_teacher 
        where
            p1_0.id_person=?
Hibernate: 
    select
        t1_0.id_teacher,
        t1_0.branch,
        t1_0.comments,
        t1_0.id_person 
    from
        teachers t1_0
]]></system-out>
  </testcase>
  <testcase name="getTeacherId" classname="com.example.block7crudvalidation.infrastructure.controller.TeacherControllerTest" time="0.023">
    <error message="No person found with id: 1" type="java.lang.RuntimeException"><![CDATA[java.lang.RuntimeException: No person found with id: 1
	at com.example.block7crudvalidation.teacher.application.TeacherServiceImpl.lambda$addTeacher$0(TeacherServiceImpl.java:27)
	at java.base/java.util.Optional.orElseThrow(Optional.java:403)
	at com.example.block7crudvalidation.teacher.application.TeacherServiceImpl.addTeacher(TeacherServiceImpl.java:27)
	at com.example.block7crudvalidation.infrastructure.controller.TeacherControllerTest.getTeacherId(TeacherControllerTest.java:112)
	at java.base/jdk.internal.reflect.NativeMethodAccessorImpl.invoke0(Native Method)
	at java.base/jdk.internal.reflect.NativeMethodAccessorImpl.invoke(NativeMethodAccessorImpl.java:77)
	at java.base/jdk.internal.reflect.DelegatingMethodAccessorImpl.invoke(DelegatingMethodAccessorImpl.java:43)
	at java.base/java.lang.reflect.Method.invoke(Method.java:568)
	at org.junit.platform.commons.util.ReflectionUtils.invokeMethod(ReflectionUtils.java:727)
	at org.junit.jupiter.engine.execution.MethodInvocation.proceed(MethodInvocation.java:60)
	at org.junit.jupiter.engine.execution.InvocationInterceptorChain$ValidatingInvocation.proceed(InvocationInterceptorChain.java:131)
	at org.junit.jupiter.engine.extension.TimeoutExtension.intercept(TimeoutExtension.java:156)
	at org.junit.jupiter.engine.extension.TimeoutExtension.interceptTestableMethod(TimeoutExtension.java:147)
	at org.junit.jupiter.engine.extension.TimeoutExtension.interceptTestMethod(TimeoutExtension.java:86)
	at org.junit.jupiter.engine.execution.InterceptingExecutableInvoker$ReflectiveInterceptorCall.lambda$ofVoidMethod$0(InterceptingExecutableInvoker.java:103)
	at org.junit.jupiter.engine.execution.InterceptingExecutableInvoker.lambda$invoke$0(InterceptingExecutableInvoker.java:93)
	at org.junit.jupiter.engine.execution.InvocationInterceptorChain$InterceptedInvocation.proceed(InvocationInterceptorChain.java:106)
	at org.junit.jupiter.engine.execution.InvocationInterceptorChain.proceed(InvocationInterceptorChain.java:64)
	at org.junit.jupiter.engine.execution.InvocationInterceptorChain.chainAndInvoke(InvocationInterceptorChain.java:45)
	at org.junit.jupiter.engine.execution.InvocationInterceptorChain.invoke(InvocationInterceptorChain.java:37)
	at org.junit.jupiter.engine.execution.InterceptingExecutableInvoker.invoke(InterceptingExecutableInvoker.java:92)
	at org.junit.jupiter.engine.execution.InterceptingExecutableInvoker.invoke(InterceptingExecutableInvoker.java:86)
	at org.junit.jupiter.engine.descriptor.TestMethodTestDescriptor.lambda$invokeTestMethod$7(TestMethodTestDescriptor.java:217)
	at org.junit.platform.engine.support.hierarchical.ThrowableCollector.execute(ThrowableCollector.java:73)
	at org.junit.jupiter.engine.descriptor.TestMethodTestDescriptor.invokeTestMethod(TestMethodTestDescriptor.java:213)
	at org.junit.jupiter.engine.descriptor.TestMethodTestDescriptor.execute(TestMethodTestDescriptor.java:138)
	at org.junit.jupiter.engine.descriptor.TestMethodTestDescriptor.execute(TestMethodTestDescriptor.java:68)
	at org.junit.platform.engine.support.hierarchical.NodeTestTask.lambda$executeRecursively$6(NodeTestTask.java:151)
	at org.junit.platform.engine.support.hierarchical.ThrowableCollector.execute(ThrowableCollector.java:73)
	at org.junit.platform.engine.support.hierarchical.NodeTestTask.lambda$executeRecursively$8(NodeTestTask.java:141)
	at org.junit.platform.engine.support.hierarchical.Node.around(Node.java:137)
	at org.junit.platform.engine.support.hierarchical.NodeTestTask.lambda$executeRecursively$9(NodeTestTask.java:139)
	at org.junit.platform.engine.support.hierarchical.ThrowableCollector.execute(ThrowableCollector.java:73)
	at org.junit.platform.engine.support.hierarchical.NodeTestTask.executeRecursively(NodeTestTask.java:138)
	at org.junit.platform.engine.support.hierarchical.NodeTestTask.execute(NodeTestTask.java:95)
	at java.base/java.util.ArrayList.forEach(ArrayList.java:1511)
	at org.junit.platform.engine.support.hierarchical.SameThreadHierarchicalTestExecutorService.invokeAll(SameThreadHierarchicalTestExecutorService.java:41)
	at org.junit.platform.engine.support.hierarchical.NodeTestTask.lambda$executeRecursively$6(NodeTestTask.java:155)
	at org.junit.platform.engine.support.hierarchical.ThrowableCollector.execute(ThrowableCollector.java:73)
	at org.junit.platform.engine.support.hierarchical.NodeTestTask.lambda$executeRecursively$8(NodeTestTask.java:141)
	at org.junit.platform.engine.support.hierarchical.Node.around(Node.java:137)
	at org.junit.platform.engine.support.hierarchical.NodeTestTask.lambda$executeRecursively$9(NodeTestTask.java:139)
	at org.junit.platform.engine.support.hierarchical.ThrowableCollector.execute(ThrowableCollector.java:73)
	at org.junit.platform.engine.support.hierarchical.NodeTestTask.executeRecursively(NodeTestTask.java:138)
	at org.junit.platform.engine.support.hierarchical.NodeTestTask.execute(NodeTestTask.java:95)
	at java.base/java.util.ArrayList.forEach(ArrayList.java:1511)
	at org.junit.platform.engine.support.hierarchical.SameThreadHierarchicalTestExecutorService.invokeAll(SameThreadHierarchicalTestExecutorService.java:41)
	at org.junit.platform.engine.support.hierarchical.NodeTestTask.lambda$executeRecursively$6(NodeTestTask.java:155)
	at org.junit.platform.engine.support.hierarchical.ThrowableCollector.execute(ThrowableCollector.java:73)
	at org.junit.platform.engine.support.hierarchical.NodeTestTask.lambda$executeRecursively$8(NodeTestTask.java:141)
	at org.junit.platform.engine.support.hierarchical.Node.around(Node.java:137)
	at org.junit.platform.engine.support.hierarchical.NodeTestTask.lambda$executeRecursively$9(NodeTestTask.java:139)
	at org.junit.platform.engine.support.hierarchical.ThrowableCollector.execute(ThrowableCollector.java:73)
	at org.junit.platform.engine.support.hierarchical.NodeTestTask.executeRecursively(NodeTestTask.java:138)
	at org.junit.platform.engine.support.hierarchical.NodeTestTask.execute(NodeTestTask.java:95)
	at org.junit.platform.engine.support.hierarchical.SameThreadHierarchicalTestExecutorService.submit(SameThreadHierarchicalTestExecutorService.java:35)
	at org.junit.platform.engine.support.hierarchical.HierarchicalTestExecutor.execute(HierarchicalTestExecutor.java:57)
	at org.junit.platform.engine.support.hierarchical.HierarchicalTestEngine.execute(HierarchicalTestEngine.java:54)
	at org.junit.platform.launcher.core.EngineExecutionOrchestrator.execute(EngineExecutionOrchestrator.java:147)
	at org.junit.platform.launcher.core.EngineExecutionOrchestrator.execute(EngineExecutionOrchestrator.java:127)
	at org.junit.platform.launcher.core.EngineExecutionOrchestrator.execute(EngineExecutionOrchestrator.java:90)
	at org.junit.platform.launcher.core.EngineExecutionOrchestrator.lambda$execute$0(EngineExecutionOrchestrator.java:55)
	at org.junit.platform.launcher.core.EngineExecutionOrchestrator.withInterceptedStreams(EngineExecutionOrchestrator.java:102)
	at org.junit.platform.launcher.core.EngineExecutionOrchestrator.execute(EngineExecutionOrchestrator.java:54)
	at org.junit.platform.launcher.core.DefaultLauncher.execute(DefaultLauncher.java:114)
	at org.junit.platform.launcher.core.DefaultLauncher.execute(DefaultLauncher.java:86)
	at org.junit.platform.launcher.core.DefaultLauncherSession$DelegatingLauncher.execute(DefaultLauncherSession.java:86)
	at org.apache.maven.surefire.junitplatform.LazyLauncher.execute(LazyLauncher.java:50)
	at org.apache.maven.surefire.junitplatform.JUnitPlatformProvider.execute(JUnitPlatformProvider.java:184)
	at org.apache.maven.surefire.junitplatform.JUnitPlatformProvider.invokeAllTests(JUnitPlatformProvider.java:148)
	at org.apache.maven.surefire.junitplatform.JUnitPlatformProvider.invoke(JUnitPlatformProvider.java:122)
	at org.apache.maven.surefire.booter.ForkedBooter.runSuitesInProcess(ForkedBooter.java:385)
	at org.apache.maven.surefire.booter.ForkedBooter.execute(ForkedBooter.java:162)
	at org.apache.maven.surefire.booter.ForkedBooter.run(ForkedBooter.java:507)
	at org.apache.maven.surefire.booter.ForkedBooter.main(ForkedBooter.java:495)
]]></error>
    <system-out><![CDATA[Hibernate: 
    insert 
    into
        persons
        (active,city,company_email,created_date,image_url,name,password,personal_email,student_id_student,surname,teacher_id_teacher,termination_date,username,id_person) 
    values
        (?,?,?,?,?,?,?,?,?,?,?,?,?,?)
Hibernate: 
    select
        p1_0.id_person,
        p1_0.active,
        p1_0.city,
        p1_0.company_email,
        p1_0.created_date,
        p1_0.image_url,
        p1_0.name,
        p1_0.password,
        p1_0.personal_email,
        s1_0.id_student,
        s1_0.branch,
        s1_0.comments,
        s1_0.num_hours_week,
        p2_0.id_person,
        p2_0.active,
        p2_0.city,
        p2_0.company_email,
        p2_0.created_date,
        p2_0.image_url,
        p2_0.name,
        p2_0.password,
        p2_0.personal_email,
        p2_0.student_id_student,
        p2_0.surname,
        t1_0.id_teacher,
        t1_0.branch,
        t1_0.comments,
        p3_0.id_person,
        p3_0.active,
        p3_0.city,
        p3_0.company_email,
        p3_0.created_date,
        p3_0.image_url,
        p3_0.name,
        p3_0.password,
        p3_0.personal_email,
        p3_0.student_id_student,
        p3_0.surname,
        p3_0.teacher_id_teacher,
        p3_0.termination_date,
        p3_0.username,
        p2_0.termination_date,
        p2_0.username,
        t3_0.id_teacher,
        t3_0.branch,
        t3_0.comments,
        p4_0.id_person,
        p4_0.active,
        p4_0.city,
        p4_0.company_email,
        p4_0.created_date,
        p4_0.image_url,
        p4_0.name,
        p4_0.password,
        p4_0.personal_email,
        p4_0.student_id_student,
        p4_0.surname,
        t4_0.id_teacher,
        t4_0.branch,
        t4_0.comments,
        t4_0.id_person,
        p4_0.termination_date,
        p4_0.username,
        s5_0.student_id_student,
        s5_1.id_subject,
        s5_1.comments,
        s5_1.finish_date,
        s5_1.initial_date,
        s5_1.name,
        t5_0.id_teacher,
        t5_0.branch,
        t5_0.comments,
        p6_0.id_person,
        p6_0.active,
        p6_0.city,
        p6_0.company_email,
        p6_0.created_date,
        p6_0.image_url,
        p6_0.name,
        p6_0.password,
        p6_0.personal_email,
        p6_0.student_id_student,
        p6_0.surname,
        t6_0.id_teacher,
        t6_0.branch,
        t6_0.comments,
        t6_0.id_person,
        p6_0.termination_date,
        p6_0.username,
        p1_0.surname,
        t7_0.id_teacher,
        t7_0.branch,
        t7_0.comments,
        p8_0.id_person,
        p8_0.active,
        p8_0.city,
        p8_0.company_email,
        p8_0.created_date,
        p8_0.image_url,
        p8_0.name,
        p8_0.password,
        p8_0.personal_email,
        s7_0.id_student,
        s7_0.branch,
        s7_0.comments,
        s7_0.num_hours_week,
        p9_0.id_person,
        p9_0.active,
        p9_0.city,
        p9_0.company_email,
        p9_0.created_date,
        p9_0.image_url,
        p9_0.name,
        p9_0.password,
        p9_0.personal_email,
        p9_0.student_id_student,
        p9_0.surname,
        p9_0.teacher_id_teacher,
        p9_0.termination_date,
        p9_0.username,
        t9_0.id_teacher,
        t9_0.branch,
        t9_0.comments,
        t9_0.id_person,
        p8_0.surname,
        p8_0.teacher_id_teacher,
        p8_0.termination_date,
        p8_0.username,
        p1_0.termination_date,
        p1_0.username 
    from
        persons p1_0 
    left join
        students s1_0 
            on s1_0.id_student=p1_0.student_id_student 
    left join
        persons p2_0 
            on p2_0.id_person=s1_0.id_person 
    left join
        teachers t1_0 
            on t1_0.id_teacher=p2_0.teacher_id_teacher 
    left join
        persons p3_0 
            on p3_0.id_person=t1_0.id_person 
    left join
        teachers t3_0 
            on t3_0.id_teacher=s1_0.id_teacher 
    left join
        persons p4_0 
            on p4_0.id_person=t3_0.id_person 
    left join
        teachers t4_0 
            on t4_0.id_teacher=p4_0.teacher_id_teacher 
    left join
        (students_subjects s5_0 
    join
        subjects s5_1 
            on s5_1.id_subject=s5_0.subjects_id_subject) 
                on s1_0.id_student=s5_0.student_id_student 
        left join
            teachers t5_0 
                on t5_0.id_teacher=s5_1.id_teacher 
        left join
            persons p6_0 
                on p6_0.id_person=t5_0.id_person 
        left join
            teachers t6_0 
                on t6_0.id_teacher=p6_0.teacher_id_teacher 
        left join
            teachers t7_0 
                on t7_0.id_teacher=p1_0.teacher_id_teacher 
        left join
            persons p8_0 
                on p8_0.id_person=t7_0.id_person 
        left join
            students s7_0 
                on s7_0.id_student=p8_0.student_id_student 
        left join
            persons p9_0 
                on p9_0.id_person=s7_0.id_person 
        left join
            teachers t9_0 
                on t9_0.id_teacher=s7_0.id_teacher 
        where
            p1_0.id_person=?
Hibernate: 
    select
        t1_0.id_teacher,
        t1_0.branch,
        t1_0.comments,
        t1_0.id_person 
    from
        teachers t1_0
]]></system-out>
  </testcase>
  <testcase name="addTeacher" classname="com.example.block7crudvalidation.infrastructure.controller.TeacherControllerTest" time="0.026">
    <error message="Request processing failed: java.lang.RuntimeException: No person found with id: 1" type="jakarta.servlet.ServletException"><![CDATA[jakarta.servlet.ServletException: Request processing failed: java.lang.RuntimeException: No person found with id: 1
	at org.springframework.web.servlet.FrameworkServlet.processRequest(FrameworkServlet.java:1019)
	at org.springframework.web.servlet.FrameworkServlet.doPost(FrameworkServlet.java:914)
	at jakarta.servlet.http.HttpServlet.service(HttpServlet.java:590)
	at org.springframework.web.servlet.FrameworkServlet.service(FrameworkServlet.java:885)
	at org.springframework.test.web.servlet.TestDispatcherServlet.service(TestDispatcherServlet.java:72)
	at jakarta.servlet.http.HttpServlet.service(HttpServlet.java:658)
	at org.springframework.mock.web.MockFilterChain$ServletFilterProxy.doFilter(MockFilterChain.java:165)
	at org.springframework.mock.web.MockFilterChain.doFilter(MockFilterChain.java:132)
	at org.springframework.test.web.servlet.MockMvc.perform(MockMvc.java:201)
	at com.example.block7crudvalidation.infrastructure.controller.TeacherControllerTest.addTeacher(TeacherControllerTest.java:81)
	at java.base/jdk.internal.reflect.NativeMethodAccessorImpl.invoke0(Native Method)
	at java.base/jdk.internal.reflect.NativeMethodAccessorImpl.invoke(NativeMethodAccessorImpl.java:77)
	at java.base/jdk.internal.reflect.DelegatingMethodAccessorImpl.invoke(DelegatingMethodAccessorImpl.java:43)
	at java.base/java.lang.reflect.Method.invoke(Method.java:568)
	at org.junit.platform.commons.util.ReflectionUtils.invokeMethod(ReflectionUtils.java:727)
	at org.junit.jupiter.engine.execution.MethodInvocation.proceed(MethodInvocation.java:60)
	at org.junit.jupiter.engine.execution.InvocationInterceptorChain$ValidatingInvocation.proceed(InvocationInterceptorChain.java:131)
	at org.junit.jupiter.engine.extension.TimeoutExtension.intercept(TimeoutExtension.java:156)
	at org.junit.jupiter.engine.extension.TimeoutExtension.interceptTestableMethod(TimeoutExtension.java:147)
	at org.junit.jupiter.engine.extension.TimeoutExtension.interceptTestMethod(TimeoutExtension.java:86)
	at org.junit.jupiter.engine.execution.InterceptingExecutableInvoker$ReflectiveInterceptorCall.lambda$ofVoidMethod$0(InterceptingExecutableInvoker.java:103)
	at org.junit.jupiter.engine.execution.InterceptingExecutableInvoker.lambda$invoke$0(InterceptingExecutableInvoker.java:93)
	at org.junit.jupiter.engine.execution.InvocationInterceptorChain$InterceptedInvocation.proceed(InvocationInterceptorChain.java:106)
	at org.junit.jupiter.engine.execution.InvocationInterceptorChain.proceed(InvocationInterceptorChain.java:64)
	at org.junit.jupiter.engine.execution.InvocationInterceptorChain.chainAndInvoke(InvocationInterceptorChain.java:45)
	at org.junit.jupiter.engine.execution.InvocationInterceptorChain.invoke(InvocationInterceptorChain.java:37)
	at org.junit.jupiter.engine.execution.InterceptingExecutableInvoker.invoke(InterceptingExecutableInvoker.java:92)
	at org.junit.jupiter.engine.execution.InterceptingExecutableInvoker.invoke(InterceptingExecutableInvoker.java:86)
	at org.junit.jupiter.engine.descriptor.TestMethodTestDescriptor.lambda$invokeTestMethod$7(TestMethodTestDescriptor.java:217)
	at org.junit.platform.engine.support.hierarchical.ThrowableCollector.execute(ThrowableCollector.java:73)
	at org.junit.jupiter.engine.descriptor.TestMethodTestDescriptor.invokeTestMethod(TestMethodTestDescriptor.java:213)
	at org.junit.jupiter.engine.descriptor.TestMethodTestDescriptor.execute(TestMethodTestDescriptor.java:138)
	at org.junit.jupiter.engine.descriptor.TestMethodTestDescriptor.execute(TestMethodTestDescriptor.java:68)
	at org.junit.platform.engine.support.hierarchical.NodeTestTask.lambda$executeRecursively$6(NodeTestTask.java:151)
	at org.junit.platform.engine.support.hierarchical.ThrowableCollector.execute(ThrowableCollector.java:73)
	at org.junit.platform.engine.support.hierarchical.NodeTestTask.lambda$executeRecursively$8(NodeTestTask.java:141)
	at org.junit.platform.engine.support.hierarchical.Node.around(Node.java:137)
	at org.junit.platform.engine.support.hierarchical.NodeTestTask.lambda$executeRecursively$9(NodeTestTask.java:139)
	at org.junit.platform.engine.support.hierarchical.ThrowableCollector.execute(ThrowableCollector.java:73)
	at org.junit.platform.engine.support.hierarchical.NodeTestTask.executeRecursively(NodeTestTask.java:138)
	at org.junit.platform.engine.support.hierarchical.NodeTestTask.execute(NodeTestTask.java:95)
	at java.base/java.util.ArrayList.forEach(ArrayList.java:1511)
	at org.junit.platform.engine.support.hierarchical.SameThreadHierarchicalTestExecutorService.invokeAll(SameThreadHierarchicalTestExecutorService.java:41)
	at org.junit.platform.engine.support.hierarchical.NodeTestTask.lambda$executeRecursively$6(NodeTestTask.java:155)
	at org.junit.platform.engine.support.hierarchical.ThrowableCollector.execute(ThrowableCollector.java:73)
	at org.junit.platform.engine.support.hierarchical.NodeTestTask.lambda$executeRecursively$8(NodeTestTask.java:141)
	at org.junit.platform.engine.support.hierarchical.Node.around(Node.java:137)
	at org.junit.platform.engine.support.hierarchical.NodeTestTask.lambda$executeRecursively$9(NodeTestTask.java:139)
	at org.junit.platform.engine.support.hierarchical.ThrowableCollector.execute(ThrowableCollector.java:73)
	at org.junit.platform.engine.support.hierarchical.NodeTestTask.executeRecursively(NodeTestTask.java:138)
	at org.junit.platform.engine.support.hierarchical.NodeTestTask.execute(NodeTestTask.java:95)
	at java.base/java.util.ArrayList.forEach(ArrayList.java:1511)
	at org.junit.platform.engine.support.hierarchical.SameThreadHierarchicalTestExecutorService.invokeAll(SameThreadHierarchicalTestExecutorService.java:41)
	at org.junit.platform.engine.support.hierarchical.NodeTestTask.lambda$executeRecursively$6(NodeTestTask.java:155)
	at org.junit.platform.engine.support.hierarchical.ThrowableCollector.execute(ThrowableCollector.java:73)
	at org.junit.platform.engine.support.hierarchical.NodeTestTask.lambda$executeRecursively$8(NodeTestTask.java:141)
	at org.junit.platform.engine.support.hierarchical.Node.around(Node.java:137)
	at org.junit.platform.engine.support.hierarchical.NodeTestTask.lambda$executeRecursively$9(NodeTestTask.java:139)
	at org.junit.platform.engine.support.hierarchical.ThrowableCollector.execute(ThrowableCollector.java:73)
	at org.junit.platform.engine.support.hierarchical.NodeTestTask.executeRecursively(NodeTestTask.java:138)
	at org.junit.platform.engine.support.hierarchical.NodeTestTask.execute(NodeTestTask.java:95)
	at org.junit.platform.engine.support.hierarchical.SameThreadHierarchicalTestExecutorService.submit(SameThreadHierarchicalTestExecutorService.java:35)
	at org.junit.platform.engine.support.hierarchical.HierarchicalTestExecutor.execute(HierarchicalTestExecutor.java:57)
	at org.junit.platform.engine.support.hierarchical.HierarchicalTestEngine.execute(HierarchicalTestEngine.java:54)
	at org.junit.platform.launcher.core.EngineExecutionOrchestrator.execute(EngineExecutionOrchestrator.java:147)
	at org.junit.platform.launcher.core.EngineExecutionOrchestrator.execute(EngineExecutionOrchestrator.java:127)
	at org.junit.platform.launcher.core.EngineExecutionOrchestrator.execute(EngineExecutionOrchestrator.java:90)
	at org.junit.platform.launcher.core.EngineExecutionOrchestrator.lambda$execute$0(EngineExecutionOrchestrator.java:55)
	at org.junit.platform.launcher.core.EngineExecutionOrchestrator.withInterceptedStreams(EngineExecutionOrchestrator.java:102)
	at org.junit.platform.launcher.core.EngineExecutionOrchestrator.execute(EngineExecutionOrchestrator.java:54)
	at org.junit.platform.launcher.core.DefaultLauncher.execute(DefaultLauncher.java:114)
	at org.junit.platform.launcher.core.DefaultLauncher.execute(DefaultLauncher.java:86)
	at org.junit.platform.launcher.core.DefaultLauncherSession$DelegatingLauncher.execute(DefaultLauncherSession.java:86)
	at org.apache.maven.surefire.junitplatform.LazyLauncher.execute(LazyLauncher.java:50)
	at org.apache.maven.surefire.junitplatform.JUnitPlatformProvider.execute(JUnitPlatformProvider.java:184)
	at org.apache.maven.surefire.junitplatform.JUnitPlatformProvider.invokeAllTests(JUnitPlatformProvider.java:148)
	at org.apache.maven.surefire.junitplatform.JUnitPlatformProvider.invoke(JUnitPlatformProvider.java:122)
	at org.apache.maven.surefire.booter.ForkedBooter.runSuitesInProcess(ForkedBooter.java:385)
	at org.apache.maven.surefire.booter.ForkedBooter.execute(ForkedBooter.java:162)
	at org.apache.maven.surefire.booter.ForkedBooter.run(ForkedBooter.java:507)
	at org.apache.maven.surefire.booter.ForkedBooter.main(ForkedBooter.java:495)
Caused by: java.lang.RuntimeException: No person found with id: 1
	at com.example.block7crudvalidation.teacher.application.TeacherServiceImpl.lambda$addTeacher$0(TeacherServiceImpl.java:27)
	at java.base/java.util.Optional.orElseThrow(Optional.java:403)
	at com.example.block7crudvalidation.teacher.application.TeacherServiceImpl.addTeacher(TeacherServiceImpl.java:27)
	at com.example.block7crudvalidation.teacher.infrastructure.controller.TeacherController.addTeacher(TeacherController.java:20)
	at java.base/jdk.internal.reflect.NativeMethodAccessorImpl.invoke0(Native Method)
	at java.base/jdk.internal.reflect.NativeMethodAccessorImpl.invoke(NativeMethodAccessorImpl.java:77)
	at java.base/jdk.internal.reflect.DelegatingMethodAccessorImpl.invoke(DelegatingMethodAccessorImpl.java:43)
	at java.base/java.lang.reflect.Method.invoke(Method.java:568)
	at org.springframework.web.method.support.InvocableHandlerMethod.doInvoke(InvocableHandlerMethod.java:207)
	at org.springframework.web.method.support.InvocableHandlerMethod.invokeForRequest(InvocableHandlerMethod.java:152)
	at org.springframework.web.servlet.mvc.method.annotation.ServletInvocableHandlerMethod.invokeAndHandle(ServletInvocableHandlerMethod.java:118)
	at org.springframework.web.servlet.mvc.method.annotation.RequestMappingHandlerAdapter.invokeHandlerMethod(RequestMappingHandlerAdapter.java:884)
	at org.springframework.web.servlet.mvc.method.annotation.RequestMappingHandlerAdapter.handleInternal(RequestMappingHandlerAdapter.java:797)
	at org.springframework.web.servlet.mvc.method.AbstractHandlerMethodAdapter.handle(AbstractHandlerMethodAdapter.java:87)
	at org.springframework.web.servlet.DispatcherServlet.doDispatch(DispatcherServlet.java:1081)
	at org.springframework.web.servlet.DispatcherServlet.doService(DispatcherServlet.java:974)
	at org.springframework.web.servlet.FrameworkServlet.processRequest(FrameworkServlet.java:1011)
	... 80 more
]]></error>
    <system-out><![CDATA[Hibernate: 
    insert 
    into
        persons
        (active,city,company_email,created_date,image_url,name,password,personal_email,student_id_student,surname,teacher_id_teacher,termination_date,username,id_person) 
    values
        (?,?,?,?,?,?,?,?,?,?,?,?,?,?)
Hibernate: 
    select
        p1_0.id_person,
        p1_0.active,
        p1_0.city,
        p1_0.company_email,
        p1_0.created_date,
        p1_0.image_url,
        p1_0.name,
        p1_0.password,
        p1_0.personal_email,
        s1_0.id_student,
        s1_0.branch,
        s1_0.comments,
        s1_0.num_hours_week,
        p2_0.id_person,
        p2_0.active,
        p2_0.city,
        p2_0.company_email,
        p2_0.created_date,
        p2_0.image_url,
        p2_0.name,
        p2_0.password,
        p2_0.personal_email,
        p2_0.student_id_student,
        p2_0.surname,
        t1_0.id_teacher,
        t1_0.branch,
        t1_0.comments,
        p3_0.id_person,
        p3_0.active,
        p3_0.city,
        p3_0.company_email,
        p3_0.created_date,
        p3_0.image_url,
        p3_0.name,
        p3_0.password,
        p3_0.personal_email,
        p3_0.student_id_student,
        p3_0.surname,
        p3_0.teacher_id_teacher,
        p3_0.termination_date,
        p3_0.username,
        p2_0.termination_date,
        p2_0.username,
        t3_0.id_teacher,
        t3_0.branch,
        t3_0.comments,
        p4_0.id_person,
        p4_0.active,
        p4_0.city,
        p4_0.company_email,
        p4_0.created_date,
        p4_0.image_url,
        p4_0.name,
        p4_0.password,
        p4_0.personal_email,
        p4_0.student_id_student,
        p4_0.surname,
        t4_0.id_teacher,
        t4_0.branch,
        t4_0.comments,
        t4_0.id_person,
        p4_0.termination_date,
        p4_0.username,
        s5_0.student_id_student,
        s5_1.id_subject,
        s5_1.comments,
        s5_1.finish_date,
        s5_1.initial_date,
        s5_1.name,
        t5_0.id_teacher,
        t5_0.branch,
        t5_0.comments,
        p6_0.id_person,
        p6_0.active,
        p6_0.city,
        p6_0.company_email,
        p6_0.created_date,
        p6_0.image_url,
        p6_0.name,
        p6_0.password,
        p6_0.personal_email,
        p6_0.student_id_student,
        p6_0.surname,
        t6_0.id_teacher,
        t6_0.branch,
        t6_0.comments,
        t6_0.id_person,
        p6_0.termination_date,
        p6_0.username,
        p1_0.surname,
        t7_0.id_teacher,
        t7_0.branch,
        t7_0.comments,
        p8_0.id_person,
        p8_0.active,
        p8_0.city,
        p8_0.company_email,
        p8_0.created_date,
        p8_0.image_url,
        p8_0.name,
        p8_0.password,
        p8_0.personal_email,
        s7_0.id_student,
        s7_0.branch,
        s7_0.comments,
        s7_0.num_hours_week,
        p9_0.id_person,
        p9_0.active,
        p9_0.city,
        p9_0.company_email,
        p9_0.created_date,
        p9_0.image_url,
        p9_0.name,
        p9_0.password,
        p9_0.personal_email,
        p9_0.student_id_student,
        p9_0.surname,
        p9_0.teacher_id_teacher,
        p9_0.termination_date,
        p9_0.username,
        t9_0.id_teacher,
        t9_0.branch,
        t9_0.comments,
        t9_0.id_person,
        p8_0.surname,
        p8_0.teacher_id_teacher,
        p8_0.termination_date,
        p8_0.username,
        p1_0.termination_date,
        p1_0.username 
    from
        persons p1_0 
    left join
        students s1_0 
            on s1_0.id_student=p1_0.student_id_student 
    left join
        persons p2_0 
            on p2_0.id_person=s1_0.id_person 
    left join
        teachers t1_0 
            on t1_0.id_teacher=p2_0.teacher_id_teacher 
    left join
        persons p3_0 
            on p3_0.id_person=t1_0.id_person 
    left join
        teachers t3_0 
            on t3_0.id_teacher=s1_0.id_teacher 
    left join
        persons p4_0 
            on p4_0.id_person=t3_0.id_person 
    left join
        teachers t4_0 
            on t4_0.id_teacher=p4_0.teacher_id_teacher 
    left join
        (students_subjects s5_0 
    join
        subjects s5_1 
            on s5_1.id_subject=s5_0.subjects_id_subject) 
                on s1_0.id_student=s5_0.student_id_student 
        left join
            teachers t5_0 
                on t5_0.id_teacher=s5_1.id_teacher 
        left join
            persons p6_0 
                on p6_0.id_person=t5_0.id_person 
        left join
            teachers t6_0 
                on t6_0.id_teacher=p6_0.teacher_id_teacher 
        left join
            teachers t7_0 
                on t7_0.id_teacher=p1_0.teacher_id_teacher 
        left join
            persons p8_0 
                on p8_0.id_person=t7_0.id_person 
        left join
            students s7_0 
                on s7_0.id_student=p8_0.student_id_student 
        left join
            persons p9_0 
                on p9_0.id_person=s7_0.id_person 
        left join
            teachers t9_0 
                on t9_0.id_teacher=s7_0.id_teacher 
        where
            p1_0.id_person=?
Hibernate: 
    select
        t1_0.id_teacher,
        t1_0.branch,
        t1_0.comments,
        t1_0.id_person 
    from
        teachers t1_0
]]></system-out>
  </testcase>
  <testcase name="updateTeacher" classname="com.example.block7crudvalidation.infrastructure.controller.TeacherControllerTest" time="0.016">
    <error message="No person found with id: 1" type="java.lang.RuntimeException"><![CDATA[java.lang.RuntimeException: No person found with id: 1
	at com.example.block7crudvalidation.teacher.application.TeacherServiceImpl.lambda$addTeacher$0(TeacherServiceImpl.java:27)
	at java.base/java.util.Optional.orElseThrow(Optional.java:403)
	at com.example.block7crudvalidation.teacher.application.TeacherServiceImpl.addTeacher(TeacherServiceImpl.java:27)
	at com.example.block7crudvalidation.infrastructure.controller.TeacherControllerTest.updateTeacher(TeacherControllerTest.java:128)
	at java.base/jdk.internal.reflect.NativeMethodAccessorImpl.invoke0(Native Method)
	at java.base/jdk.internal.reflect.NativeMethodAccessorImpl.invoke(NativeMethodAccessorImpl.java:77)
	at java.base/jdk.internal.reflect.DelegatingMethodAccessorImpl.invoke(DelegatingMethodAccessorImpl.java:43)
	at java.base/java.lang.reflect.Method.invoke(Method.java:568)
	at org.junit.platform.commons.util.ReflectionUtils.invokeMethod(ReflectionUtils.java:727)
	at org.junit.jupiter.engine.execution.MethodInvocation.proceed(MethodInvocation.java:60)
	at org.junit.jupiter.engine.execution.InvocationInterceptorChain$ValidatingInvocation.proceed(InvocationInterceptorChain.java:131)
	at org.junit.jupiter.engine.extension.TimeoutExtension.intercept(TimeoutExtension.java:156)
	at org.junit.jupiter.engine.extension.TimeoutExtension.interceptTestableMethod(TimeoutExtension.java:147)
	at org.junit.jupiter.engine.extension.TimeoutExtension.interceptTestMethod(TimeoutExtension.java:86)
	at org.junit.jupiter.engine.execution.InterceptingExecutableInvoker$ReflectiveInterceptorCall.lambda$ofVoidMethod$0(InterceptingExecutableInvoker.java:103)
	at org.junit.jupiter.engine.execution.InterceptingExecutableInvoker.lambda$invoke$0(InterceptingExecutableInvoker.java:93)
	at org.junit.jupiter.engine.execution.InvocationInterceptorChain$InterceptedInvocation.proceed(InvocationInterceptorChain.java:106)
	at org.junit.jupiter.engine.execution.InvocationInterceptorChain.proceed(InvocationInterceptorChain.java:64)
	at org.junit.jupiter.engine.execution.InvocationInterceptorChain.chainAndInvoke(InvocationInterceptorChain.java:45)
	at org.junit.jupiter.engine.execution.InvocationInterceptorChain.invoke(InvocationInterceptorChain.java:37)
	at org.junit.jupiter.engine.execution.InterceptingExecutableInvoker.invoke(InterceptingExecutableInvoker.java:92)
	at org.junit.jupiter.engine.execution.InterceptingExecutableInvoker.invoke(InterceptingExecutableInvoker.java:86)
	at org.junit.jupiter.engine.descriptor.TestMethodTestDescriptor.lambda$invokeTestMethod$7(TestMethodTestDescriptor.java:217)
	at org.junit.platform.engine.support.hierarchical.ThrowableCollector.execute(ThrowableCollector.java:73)
	at org.junit.jupiter.engine.descriptor.TestMethodTestDescriptor.invokeTestMethod(TestMethodTestDescriptor.java:213)
	at org.junit.jupiter.engine.descriptor.TestMethodTestDescriptor.execute(TestMethodTestDescriptor.java:138)
	at org.junit.jupiter.engine.descriptor.TestMethodTestDescriptor.execute(TestMethodTestDescriptor.java:68)
	at org.junit.platform.engine.support.hierarchical.NodeTestTask.lambda$executeRecursively$6(NodeTestTask.java:151)
	at org.junit.platform.engine.support.hierarchical.ThrowableCollector.execute(ThrowableCollector.java:73)
	at org.junit.platform.engine.support.hierarchical.NodeTestTask.lambda$executeRecursively$8(NodeTestTask.java:141)
	at org.junit.platform.engine.support.hierarchical.Node.around(Node.java:137)
	at org.junit.platform.engine.support.hierarchical.NodeTestTask.lambda$executeRecursively$9(NodeTestTask.java:139)
	at org.junit.platform.engine.support.hierarchical.ThrowableCollector.execute(ThrowableCollector.java:73)
	at org.junit.platform.engine.support.hierarchical.NodeTestTask.executeRecursively(NodeTestTask.java:138)
	at org.junit.platform.engine.support.hierarchical.NodeTestTask.execute(NodeTestTask.java:95)
	at java.base/java.util.ArrayList.forEach(ArrayList.java:1511)
	at org.junit.platform.engine.support.hierarchical.SameThreadHierarchicalTestExecutorService.invokeAll(SameThreadHierarchicalTestExecutorService.java:41)
	at org.junit.platform.engine.support.hierarchical.NodeTestTask.lambda$executeRecursively$6(NodeTestTask.java:155)
	at org.junit.platform.engine.support.hierarchical.ThrowableCollector.execute(ThrowableCollector.java:73)
	at org.junit.platform.engine.support.hierarchical.NodeTestTask.lambda$executeRecursively$8(NodeTestTask.java:141)
	at org.junit.platform.engine.support.hierarchical.Node.around(Node.java:137)
	at org.junit.platform.engine.support.hierarchical.NodeTestTask.lambda$executeRecursively$9(NodeTestTask.java:139)
	at org.junit.platform.engine.support.hierarchical.ThrowableCollector.execute(ThrowableCollector.java:73)
	at org.junit.platform.engine.support.hierarchical.NodeTestTask.executeRecursively(NodeTestTask.java:138)
	at org.junit.platform.engine.support.hierarchical.NodeTestTask.execute(NodeTestTask.java:95)
	at java.base/java.util.ArrayList.forEach(ArrayList.java:1511)
	at org.junit.platform.engine.support.hierarchical.SameThreadHierarchicalTestExecutorService.invokeAll(SameThreadHierarchicalTestExecutorService.java:41)
	at org.junit.platform.engine.support.hierarchical.NodeTestTask.lambda$executeRecursively$6(NodeTestTask.java:155)
	at org.junit.platform.engine.support.hierarchical.ThrowableCollector.execute(ThrowableCollector.java:73)
	at org.junit.platform.engine.support.hierarchical.NodeTestTask.lambda$executeRecursively$8(NodeTestTask.java:141)
	at org.junit.platform.engine.support.hierarchical.Node.around(Node.java:137)
	at org.junit.platform.engine.support.hierarchical.NodeTestTask.lambda$executeRecursively$9(NodeTestTask.java:139)
	at org.junit.platform.engine.support.hierarchical.ThrowableCollector.execute(ThrowableCollector.java:73)
	at org.junit.platform.engine.support.hierarchical.NodeTestTask.executeRecursively(NodeTestTask.java:138)
	at org.junit.platform.engine.support.hierarchical.NodeTestTask.execute(NodeTestTask.java:95)
	at org.junit.platform.engine.support.hierarchical.SameThreadHierarchicalTestExecutorService.submit(SameThreadHierarchicalTestExecutorService.java:35)
	at org.junit.platform.engine.support.hierarchical.HierarchicalTestExecutor.execute(HierarchicalTestExecutor.java:57)
	at org.junit.platform.engine.support.hierarchical.HierarchicalTestEngine.execute(HierarchicalTestEngine.java:54)
	at org.junit.platform.launcher.core.EngineExecutionOrchestrator.execute(EngineExecutionOrchestrator.java:147)
	at org.junit.platform.launcher.core.EngineExecutionOrchestrator.execute(EngineExecutionOrchestrator.java:127)
	at org.junit.platform.launcher.core.EngineExecutionOrchestrator.execute(EngineExecutionOrchestrator.java:90)
	at org.junit.platform.launcher.core.EngineExecutionOrchestrator.lambda$execute$0(EngineExecutionOrchestrator.java:55)
	at org.junit.platform.launcher.core.EngineExecutionOrchestrator.withInterceptedStreams(EngineExecutionOrchestrator.java:102)
	at org.junit.platform.launcher.core.EngineExecutionOrchestrator.execute(EngineExecutionOrchestrator.java:54)
	at org.junit.platform.launcher.core.DefaultLauncher.execute(DefaultLauncher.java:114)
	at org.junit.platform.launcher.core.DefaultLauncher.execute(DefaultLauncher.java:86)
	at org.junit.platform.launcher.core.DefaultLauncherSession$DelegatingLauncher.execute(DefaultLauncherSession.java:86)
	at org.apache.maven.surefire.junitplatform.LazyLauncher.execute(LazyLauncher.java:50)
	at org.apache.maven.surefire.junitplatform.JUnitPlatformProvider.execute(JUnitPlatformProvider.java:184)
	at org.apache.maven.surefire.junitplatform.JUnitPlatformProvider.invokeAllTests(JUnitPlatformProvider.java:148)
	at org.apache.maven.surefire.junitplatform.JUnitPlatformProvider.invoke(JUnitPlatformProvider.java:122)
	at org.apache.maven.surefire.booter.ForkedBooter.runSuitesInProcess(ForkedBooter.java:385)
	at org.apache.maven.surefire.booter.ForkedBooter.execute(ForkedBooter.java:162)
	at org.apache.maven.surefire.booter.ForkedBooter.run(ForkedBooter.java:507)
	at org.apache.maven.surefire.booter.ForkedBooter.main(ForkedBooter.java:495)
]]></error>
    <system-out><![CDATA[Hibernate: 
    insert 
    into
        persons
        (active,city,company_email,created_date,image_url,name,password,personal_email,student_id_student,surname,teacher_id_teacher,termination_date,username,id_person) 
    values
        (?,?,?,?,?,?,?,?,?,?,?,?,?,?)
Hibernate: 
    select
        p1_0.id_person,
        p1_0.active,
        p1_0.city,
        p1_0.company_email,
        p1_0.created_date,
        p1_0.image_url,
        p1_0.name,
        p1_0.password,
        p1_0.personal_email,
        s1_0.id_student,
        s1_0.branch,
        s1_0.comments,
        s1_0.num_hours_week,
        p2_0.id_person,
        p2_0.active,
        p2_0.city,
        p2_0.company_email,
        p2_0.created_date,
        p2_0.image_url,
        p2_0.name,
        p2_0.password,
        p2_0.personal_email,
        p2_0.student_id_student,
        p2_0.surname,
        t1_0.id_teacher,
        t1_0.branch,
        t1_0.comments,
        p3_0.id_person,
        p3_0.active,
        p3_0.city,
        p3_0.company_email,
        p3_0.created_date,
        p3_0.image_url,
        p3_0.name,
        p3_0.password,
        p3_0.personal_email,
        p3_0.student_id_student,
        p3_0.surname,
        p3_0.teacher_id_teacher,
        p3_0.termination_date,
        p3_0.username,
        p2_0.termination_date,
        p2_0.username,
        t3_0.id_teacher,
        t3_0.branch,
        t3_0.comments,
        p4_0.id_person,
        p4_0.active,
        p4_0.city,
        p4_0.company_email,
        p4_0.created_date,
        p4_0.image_url,
        p4_0.name,
        p4_0.password,
        p4_0.personal_email,
        p4_0.student_id_student,
        p4_0.surname,
        t4_0.id_teacher,
        t4_0.branch,
        t4_0.comments,
        t4_0.id_person,
        p4_0.termination_date,
        p4_0.username,
        s5_0.student_id_student,
        s5_1.id_subject,
        s5_1.comments,
        s5_1.finish_date,
        s5_1.initial_date,
        s5_1.name,
        t5_0.id_teacher,
        t5_0.branch,
        t5_0.comments,
        p6_0.id_person,
        p6_0.active,
        p6_0.city,
        p6_0.company_email,
        p6_0.created_date,
        p6_0.image_url,
        p6_0.name,
        p6_0.password,
        p6_0.personal_email,
        p6_0.student_id_student,
        p6_0.surname,
        t6_0.id_teacher,
        t6_0.branch,
        t6_0.comments,
        t6_0.id_person,
        p6_0.termination_date,
        p6_0.username,
        p1_0.surname,
        t7_0.id_teacher,
        t7_0.branch,
        t7_0.comments,
        p8_0.id_person,
        p8_0.active,
        p8_0.city,
        p8_0.company_email,
        p8_0.created_date,
        p8_0.image_url,
        p8_0.name,
        p8_0.password,
        p8_0.personal_email,
        s7_0.id_student,
        s7_0.branch,
        s7_0.comments,
        s7_0.num_hours_week,
        p9_0.id_person,
        p9_0.active,
        p9_0.city,
        p9_0.company_email,
        p9_0.created_date,
        p9_0.image_url,
        p9_0.name,
        p9_0.password,
        p9_0.personal_email,
        p9_0.student_id_student,
        p9_0.surname,
        p9_0.teacher_id_teacher,
        p9_0.termination_date,
        p9_0.username,
        t9_0.id_teacher,
        t9_0.branch,
        t9_0.comments,
        t9_0.id_person,
        p8_0.surname,
        p8_0.teacher_id_teacher,
        p8_0.termination_date,
        p8_0.username,
        p1_0.termination_date,
        p1_0.username 
    from
        persons p1_0 
    left join
        students s1_0 
            on s1_0.id_student=p1_0.student_id_student 
    left join
        persons p2_0 
            on p2_0.id_person=s1_0.id_person 
    left join
        teachers t1_0 
            on t1_0.id_teacher=p2_0.teacher_id_teacher 
    left join
        persons p3_0 
            on p3_0.id_person=t1_0.id_person 
    left join
        teachers t3_0 
            on t3_0.id_teacher=s1_0.id_teacher 
    left join
        persons p4_0 
            on p4_0.id_person=t3_0.id_person 
    left join
        teachers t4_0 
            on t4_0.id_teacher=p4_0.teacher_id_teacher 
    left join
        (students_subjects s5_0 
    join
        subjects s5_1 
            on s5_1.id_subject=s5_0.subjects_id_subject) 
                on s1_0.id_student=s5_0.student_id_student 
        left join
            teachers t5_0 
                on t5_0.id_teacher=s5_1.id_teacher 
        left join
            persons p6_0 
                on p6_0.id_person=t5_0.id_person 
        left join
            teachers t6_0 
                on t6_0.id_teacher=p6_0.teacher_id_teacher 
        left join
            teachers t7_0 
                on t7_0.id_teacher=p1_0.teacher_id_teacher 
        left join
            persons p8_0 
                on p8_0.id_person=t7_0.id_person 
        left join
            students s7_0 
                on s7_0.id_student=p8_0.student_id_student 
        left join
            persons p9_0 
                on p9_0.id_person=s7_0.id_person 
        left join
            teachers t9_0 
                on t9_0.id_teacher=s7_0.id_teacher 
        where
            p1_0.id_person=?
Hibernate: 
    select
        t1_0.id_teacher,
        t1_0.branch,
        t1_0.comments,
        t1_0.id_person 
    from
        teachers t1_0
]]></system-out>
  </testcase>
</testsuite>